
2023-09-20 15:39:30--------------------------------
2023-09-20 15:39:30.789 [INFO] [D:/workspace/go/pkg/mod/github.com/!panda!x!g!o/!panda!kit@v0.0.0-20230914055936-853aa978dda1/starter/gorm.go:36] : 连接mysql [root:!MyEMS1@tcp(127.0.0.1:3306)/pandax_iot?charset=utf8&loc=Local&parseTime=true]
2023-09-20 15:39:30.796 [INFO] [D:/workspace/go/project/PandaX/PandaX/main.go:46] : mysql连接成功
2023-09-20 15:39:30.798 [INFO] [D:/workspace/go/project/PandaX/PandaX/main.go:51] : Redis连接成功
2023-09-20 15:39:30.798 [INFO] [D:/workspace/go/project/PandaX/PandaX/main.go:58] : Tdengine连接成功
2023-09-20 15:39:30.805 [INFO] [D:/workspace/go/project/PandaX/PandaX/main.go:76] : 路由初始化完成
2023-09-20 15:39:30.805 [INFO] [D:/workspace/go/project/PandaX/PandaX/pkg/transport/http_server.go:38] : HTTP Server listen: :7788
2023-09-20 15:39:30.807 [INFO] [D:/workspace/go/project/PandaX/PandaX/iothub/hook.go:37] : IOTHUB HOOK Start SUCCESS,Grpc Server listen: :9001
2023-09-20 15:39:30.811 [INFO] [D:/workspace/go/project/PandaX/PandaX/apps/job/jobs/jobbase.go:87] : 2023-09-20 15:39:30 [INFO] JobCore start success.
2023-09-20 15:39:35.245 [INFO] [D:/workspace/go/project/PandaX/PandaX/iothub/hook.go:124] : pandax断开连接
2023-09-20 15:39:35.247 [INFO] [D:/workspace/go/project/PandaX/PandaX/iothub/hook.go:153] : 账号pandax，密码pandax,开始认证
2023-09-20 15:39:35.249 [INFO] [D:/workspace/go/project/PandaX/PandaX/iothub/hook.go:96] : Client emqx@172.17.0.5 Connected 

2023-09-20 15:40:25--------------------------------
2023-09-20 15:40:25.796 [INFO] [D:/workspace/go/pkg/mod/github.com/!panda!x!g!o/!panda!kit@v0.0.0-20230914055936-853aa978dda1/starter/gorm.go:36] : 连接mysql [root:!MyEMS1@tcp(127.0.0.1:3306)/pandax_iot?charset=utf8&loc=Local&parseTime=true]
2023-09-20 15:40:25.802 [INFO] [D:/workspace/go/project/PandaX/PandaX/main.go:46] : mysql连接成功
2023-09-20 15:40:25.804 [INFO] [D:/workspace/go/project/PandaX/PandaX/main.go:51] : Redis连接成功
2023-09-20 15:40:25.804 [INFO] [D:/workspace/go/project/PandaX/PandaX/main.go:58] : Tdengine连接成功
2023-09-20 15:40:25.812 [INFO] [D:/workspace/go/project/PandaX/PandaX/main.go:76] : 路由初始化完成
2023-09-20 15:40:25.812 [INFO] [D:/workspace/go/project/PandaX/PandaX/pkg/transport/http_server.go:38] : HTTP Server listen: :7788
2023-09-20 15:40:25.813 [INFO] [D:/workspace/go/project/PandaX/PandaX/iothub/hook.go:37] : IOTHUB HOOK Start SUCCESS,Grpc Server listen: :9001
2023-09-20 15:40:25.818 [INFO] [D:/workspace/go/project/PandaX/PandaX/apps/job/jobs/jobbase.go:87] : 2023-09-20 15:40:25 [INFO] JobCore start success.
2023-09-20 15:40:28.694 [INFO] [D:/workspace/go/project/PandaX/PandaX/iothub/hook.go:124] : pandax断开连接
2023-09-20 15:40:28.695 [INFO] [D:/workspace/go/project/PandaX/PandaX/iothub/hook.go:153] : 账号pandax，密码pandax,开始认证
2023-09-20 15:40:28.697 [INFO] [D:/workspace/go/project/PandaX/PandaX/iothub/hook.go:96] : Client emqx@172.17.0.5 Connected 

2023-09-20 15:41:28--------------------------------
2023-09-20 15:41:28.275 [INFO] [D:/workspace/go/pkg/mod/github.com/!panda!x!g!o/!panda!kit@v0.0.0-20230914055936-853aa978dda1/starter/gorm.go:36] : 连接mysql [root:!MyEMS1@tcp(127.0.0.1:3306)/pandax_iot?charset=utf8&loc=Local&parseTime=true]
2023-09-20 15:41:28.280 [INFO] [D:/workspace/go/project/PandaX/PandaX/main.go:46] : mysql连接成功
2023-09-20 15:41:28.282 [INFO] [D:/workspace/go/project/PandaX/PandaX/main.go:51] : Redis连接成功
2023-09-20 15:41:28.282 [INFO] [D:/workspace/go/project/PandaX/PandaX/main.go:58] : Tdengine连接成功
2023-09-20 15:41:28.290 [INFO] [D:/workspace/go/project/PandaX/PandaX/main.go:76] : 路由初始化完成
2023-09-20 15:41:28.290 [INFO] [D:/workspace/go/project/PandaX/PandaX/pkg/transport/http_server.go:38] : HTTP Server listen: :7788
2023-09-20 15:41:28.291 [INFO] [D:/workspace/go/project/PandaX/PandaX/iothub/hook.go:37] : IOTHUB HOOK Start SUCCESS,Grpc Server listen: :9001
2023-09-20 15:41:28.295 [INFO] [D:/workspace/go/project/PandaX/PandaX/apps/job/jobs/jobbase.go:87] : 2023-09-20 15:41:28 [INFO] JobCore start success.
2023-09-20 15:41:31.918 [INFO] [D:/workspace/go/project/PandaX/PandaX/iothub/hook.go:124] : pandax断开连接
2023-09-20 15:41:31.920 [INFO] [D:/workspace/go/project/PandaX/PandaX/iothub/hook.go:153] : 账号pandax，密码pandax,开始认证
2023-09-20 15:41:31.922 [INFO] [D:/workspace/go/project/PandaX/PandaX/iothub/hook.go:96] : Client emqx@172.17.0.5 Connected 

2023-09-20 15:41:58--------------------------------
2023-09-20 15:41:58.949 [INFO] [D:/workspace/go/pkg/mod/github.com/!panda!x!g!o/!panda!kit@v0.0.0-20230914055936-853aa978dda1/starter/gorm.go:36] : 连接mysql [root:!MyEMS1@tcp(127.0.0.1:3306)/pandax_iot?charset=utf8&loc=Local&parseTime=true]
2023-09-20 15:41:58.971 [INFO] [D:/workspace/go/project/PandaX/PandaX/main.go:46] : mysql连接成功
2023-09-20 15:41:58.982 [INFO] [D:/workspace/go/project/PandaX/PandaX/main.go:51] : Redis连接成功
2023-09-20 15:41:58.982 [INFO] [D:/workspace/go/project/PandaX/PandaX/main.go:58] : Tdengine连接成功
2023-09-20 15:41:59.055 [INFO] [D:/workspace/go/project/PandaX/PandaX/main.go:76] : 路由初始化完成
2023-09-20 15:41:59.055 [INFO] [D:/workspace/go/project/PandaX/PandaX/pkg/transport/http_server.go:38] : HTTP Server listen: :7788
2023-09-20 15:41:59.056 [INFO] [D:/workspace/go/project/PandaX/PandaX/iothub/hook.go:37] : IOTHUB HOOK Start SUCCESS,Grpc Server listen: :9001
2023-09-20 15:41:59.152 [INFO] [D:/workspace/go/project/PandaX/PandaX/apps/job/jobs/jobbase.go:87] : 2023-09-20 15:41:59 [INFO] JobCore start success.
2023-09-20 15:42:02.805 [INFO] [D:/workspace/go/project/PandaX/PandaX/iothub/hook.go:124] : pandax断开连接
2023-09-20 15:42:02.807 [INFO] [D:/workspace/go/project/PandaX/PandaX/iothub/hook.go:153] : 账号pandax，密码pandax,开始认证
2023-09-20 15:42:02.809 [INFO] [D:/workspace/go/project/PandaX/PandaX/iothub/hook.go:96] : Client emqx@172.17.0.5 Connected 

2023-09-20 15:42:34--------------------------------
2023-09-20 15:42:34.575 [INFO] [D:/workspace/go/pkg/mod/github.com/!panda!x!g!o/!panda!kit@v0.0.0-20230914055936-853aa978dda1/starter/gorm.go:36] : 连接mysql [root:!MyEMS1@tcp(127.0.0.1:3306)/pandax_iot?charset=utf8&loc=Local&parseTime=true]
2023-09-20 15:42:34.581 [INFO] [D:/workspace/go/project/PandaX/PandaX/main.go:46] : mysql连接成功
2023-09-20 15:42:34.583 [INFO] [D:/workspace/go/project/PandaX/PandaX/main.go:51] : Redis连接成功
2023-09-20 15:42:34.583 [INFO] [D:/workspace/go/project/PandaX/PandaX/main.go:58] : Tdengine连接成功
2023-09-20 15:42:34.591 [INFO] [D:/workspace/go/project/PandaX/PandaX/main.go:76] : 路由初始化完成
2023-09-20 15:42:34.591 [INFO] [D:/workspace/go/project/PandaX/PandaX/pkg/transport/http_server.go:38] : HTTP Server listen: :7788
2023-09-20 15:42:34.591 [INFO] [D:/workspace/go/project/PandaX/PandaX/iothub/hook.go:37] : IOTHUB HOOK Start SUCCESS,Grpc Server listen: :9001
2023-09-20 15:42:34.597 [INFO] [D:/workspace/go/project/PandaX/PandaX/apps/job/jobs/jobbase.go:87] : 2023-09-20 15:42:34 [INFO] JobCore start success.
2023-09-20 15:42:38.734 [INFO] [D:/workspace/go/project/PandaX/PandaX/iothub/hook.go:124] : pandax断开连接
2023-09-20 15:42:38.736 [INFO] [D:/workspace/go/project/PandaX/PandaX/iothub/hook.go:153] : 账号pandax，密码pandax,开始认证
2023-09-20 15:42:38.738 [INFO] [D:/workspace/go/project/PandaX/PandaX/iothub/hook.go:96] : Client emqx@172.17.0.5 Connected 

2023-09-20 15:43:42--------------------------------
2023-09-20 15:43:42.873 [INFO] [D:/workspace/go/pkg/mod/github.com/!panda!x!g!o/!panda!kit@v0.0.0-20230914055936-853aa978dda1/starter/gorm.go:36] : 连接mysql [root:!MyEMS1@tcp(127.0.0.1:3306)/pandax_iot?charset=utf8&loc=Local&parseTime=true]
2023-09-20 15:43:42.881 [INFO] [D:/workspace/go/project/PandaX/PandaX/main.go:46] : mysql连接成功
2023-09-20 15:43:42.883 [INFO] [D:/workspace/go/project/PandaX/PandaX/main.go:51] : Redis连接成功
2023-09-20 15:43:42.883 [INFO] [D:/workspace/go/project/PandaX/PandaX/main.go:58] : Tdengine连接成功
2023-09-20 15:43:42.891 [INFO] [D:/workspace/go/project/PandaX/PandaX/main.go:76] : 路由初始化完成
2023-09-20 15:43:42.891 [INFO] [D:/workspace/go/project/PandaX/PandaX/pkg/transport/http_server.go:38] : HTTP Server listen: :7788
2023-09-20 15:43:42.892 [INFO] [D:/workspace/go/project/PandaX/PandaX/iothub/hook.go:37] : IOTHUB HOOK Start SUCCESS,Grpc Server listen: :9001
2023-09-20 15:43:42.899 [INFO] [D:/workspace/go/project/PandaX/PandaX/apps/job/jobs/jobbase.go:87] : 2023-09-20 15:43:42 [INFO] JobCore start success.
2023-09-20 15:43:47.088 [INFO] [D:/workspace/go/project/PandaX/PandaX/iothub/hook.go:124] : pandax断开连接
2023-09-20 15:43:47.089 [INFO] [D:/workspace/go/project/PandaX/PandaX/iothub/hook.go:153] : 账号pandax，密码pandax,开始认证
2023-09-20 15:43:47.091 [INFO] [D:/workspace/go/project/PandaX/PandaX/iothub/hook.go:96] : Client emqx@172.17.0.5 Connected 
2023-09-20 16:02:15.552 [INFO] [D:/workspace/go/project/PandaX/PandaX/pkg/middleware/log.go:34] [uname=admin] [GET=/system/user/auth] [uid=4] : 认证信息 ->37ms
2023-09-20 16:02:20.428 [INFO] [D:/workspace/go/project/PandaX/PandaX/pkg/middleware/log.go:34] [uid=4] [uname=admin] [GET=/device/product/list/all] : 获取Product分页列表 ->11ms
2023-09-20 16:02:20.441 [INFO] [D:/workspace/go/project/PandaX/PandaX/pkg/middleware/log.go:34] [uname=admin] [GET=/device/group/list/tree/label] [uid=4] : 获取DeviceGroup树 ->10ms
2023-09-20 16:02:20.445 [INFO] [D:/workspace/go/project/PandaX/PandaX/pkg/middleware/log.go:34] [GET=/system/dict/data/type] [uid=4] [uname=admin] : 获取字典数据列表通过字典类型 ->5ms
2023-09-20 16:02:20.451 [INFO] [D:/workspace/go/project/PandaX/PandaX/pkg/middleware/log.go:34] [uid=4] [uname=admin] [GET=/device/list] : 获取Device分页列表 ->27ms
2023-09-20 16:02:52.671 [INFO] [D:/workspace/go/project/PandaX/PandaX/iothub/hook.go:153] : 账号9GOIPOI6GQ，密码YWRlMTA0MmYtMzc2MS0zZTljLThjNjAtMzNhMzg4ZjdkOGQ3,开始认证
2023-09-20 16:02:52.681 [INFO] [D:/workspace/go/project/PandaX/PandaX/iothub/hook.go:96] : Client emqx@172.17.0.5 Connected 
2023-09-20 16:02:53.455 [INFO] [D:/workspace/go/project/PandaX/PandaX/iothub/hook.go:178] : 9GOIPOI6GQ订阅了[name:"$dz/events/device/s7-device/data/update"]
2023-09-20 16:02:53.784 [INFO] [D:/workspace/go/project/PandaX/PandaX/iothub/hook.go:178] : 9GOIPOI6GQ订阅了[name:"$hw/events/device/s7-device/twin/update"]
2023-09-20 16:02:54.055 [INFO] [D:/workspace/go/project/PandaX/PandaX/iothub/hook.go:178] : 9GOIPOI6GQ订阅了[name:"v1/devices/me/rpc/request/+"]
2023-09-20 16:03:27.335 [INFO] [D:/workspace/go/project/PandaX/PandaX/pkg/middleware/log.go:34] [uid=4] [uname=admin] [GET=/device/product/category/list/tree/label] : 获取ProductCategory树 ->7ms
2023-09-20 16:03:27.355 [INFO] [D:/workspace/go/project/PandaX/PandaX/pkg/middleware/log.go:34] [uid=4] [uname=admin] [GET=/system/dict/data/type] : 获取字典数据列表通过字典类型 ->5ms
2023-09-20 16:03:27.358 [INFO] [D:/workspace/go/project/PandaX/PandaX/pkg/middleware/log.go:34] [GET=/device/product/list] [uid=4] [uname=admin] : 获取Product分页列表 ->19ms
2023-09-20 16:03:27.401 [INFO] [D:/workspace/go/project/PandaX/PandaX/pkg/middleware/log.go:34] [GET=/upload/get/d7432e83df771fad85aa4e74235b0591_20230819092625.png] : 获取图片 ->1ms
2023-09-20 16:03:29.306 [INFO] [D:/workspace/go/project/PandaX/PandaX/pkg/middleware/log.go:34] [uname=admin] [GET=/device/template/list] [uid=4] : 获取Template分页列表 ->9ms
2023-09-20 16:04:11.167 [INFO] [D:/workspace/go/project/PandaX/PandaX/iothub/hook.go:178] : 9GOIPOI6GQ订阅了[name:"v1/devices/me/telemetry"]
2023-09-20 16:04:25.641 [INFO] [D:/workspace/go/project/PandaX/PandaX/iothub/hook.go:178] : 9GOIPOI6GQ订阅了[name:"v1/devices/me/telemetry"]
2023-09-20 16:55:22.718 [INFO] [D:/workspace/go/project/PandaX/PandaX/iothub/hook.go:124] : 9GOIPOI6GQ断开连接
2023-09-20 16:55:27.758 [INFO] [D:/workspace/go/project/PandaX/PandaX/iothub/hook.go:153] : 账号9GOIPOI6GQ，密码YWRlMTA0MmYtMzc2MS0zZTljLThjNjAtMzNhMzg4ZjdkOGQ3,开始认证
2023-09-20 16:55:27.761 [INFO] [D:/workspace/go/project/PandaX/PandaX/iothub/hook.go:96] : Client emqx@172.17.0.5 Connected 
2023-09-20 16:55:27.780 [INFO] [D:/workspace/go/project/PandaX/PandaX/iothub/hook.go:178] : 9GOIPOI6GQ订阅了[name:"$dz/events/device/s7-device/data/update" name:"$hw/events/device/s7-device/twin/update" name:"v1/devices/me/rpc/request/+" name:"v1/devices/me/telemetry"]
2023-09-20 17:02:57.773 [INFO] [D:/workspace/go/project/PandaX/PandaX/iothub/hook.go:124] : 9GOIPOI6GQ断开连接
2023-09-20 17:03:02.751 [INFO] [D:/workspace/go/project/PandaX/PandaX/iothub/hook.go:153] : 账号9GOIPOI6GQ，密码YWRlMTA0MmYtMzc2MS0zZTljLThjNjAtMzNhMzg4ZjdkOGQ3,开始认证
2023-09-20 17:03:02.755 [INFO] [D:/workspace/go/project/PandaX/PandaX/iothub/hook.go:96] : Client emqx@172.17.0.5 Connected 
2023-09-20 17:03:02.771 [INFO] [D:/workspace/go/project/PandaX/PandaX/iothub/hook.go:178] : 9GOIPOI6GQ订阅了[name:"$dz/events/device/s7-device/data/update" name:"$hw/events/device/s7-device/twin/update" name:"v1/devices/me/rpc/request/+" name:"v1/devices/me/telemetry"]
2023-09-20 17:15:02.765 [INFO] [D:/workspace/go/project/PandaX/PandaX/iothub/hook.go:124] : 9GOIPOI6GQ断开连接
2023-09-20 17:15:07.745 [INFO] [D:/workspace/go/project/PandaX/PandaX/iothub/hook.go:153] : 账号9GOIPOI6GQ，密码YWRlMTA0MmYtMzc2MS0zZTljLThjNjAtMzNhMzg4ZjdkOGQ3,开始认证
2023-09-20 17:15:07.749 [INFO] [D:/workspace/go/project/PandaX/PandaX/iothub/hook.go:96] : Client emqx@172.17.0.5 Connected 
2023-09-20 17:15:07.771 [INFO] [D:/workspace/go/project/PandaX/PandaX/iothub/hook.go:178] : 9GOIPOI6GQ订阅了[name:"$dz/events/device/s7-device/data/update" name:"$hw/events/device/s7-device/twin/update" name:"v1/devices/me/rpc/request/+" name:"v1/devices/me/telemetry"]
2023-09-20 17:33:07.766 [INFO] [D:/workspace/go/project/PandaX/PandaX/iothub/hook.go:124] : 9GOIPOI6GQ断开连接
2023-09-20 17:33:12.746 [INFO] [D:/workspace/go/project/PandaX/PandaX/iothub/hook.go:153] : 账号9GOIPOI6GQ，密码YWRlMTA0MmYtMzc2MS0zZTljLThjNjAtMzNhMzg4ZjdkOGQ3,开始认证
2023-09-20 17:33:12.749 [INFO] [D:/workspace/go/project/PandaX/PandaX/iothub/hook.go:96] : Client emqx@172.17.0.5 Connected 
2023-09-20 17:33:12.764 [INFO] [D:/workspace/go/project/PandaX/PandaX/iothub/hook.go:178] : 9GOIPOI6GQ订阅了[name:"$dz/events/device/s7-device/data/update" name:"$hw/events/device/s7-device/twin/update" name:"v1/devices/me/rpc/request/+" name:"v1/devices/me/telemetry"]
2023-09-20 17:54:12.766 [INFO] [D:/workspace/go/project/PandaX/PandaX/iothub/hook.go:124] : 9GOIPOI6GQ断开连接
2023-09-20 17:54:17.708 [INFO] [D:/workspace/go/project/PandaX/PandaX/iothub/hook.go:153] : 账号9GOIPOI6GQ，密码YWRlMTA0MmYtMzc2MS0zZTljLThjNjAtMzNhMzg4ZjdkOGQ3,开始认证
2023-09-20 17:54:17.712 [INFO] [D:/workspace/go/project/PandaX/PandaX/iothub/hook.go:96] : Client emqx@172.17.0.5 Connected 
2023-09-20 17:54:17.728 [INFO] [D:/workspace/go/project/PandaX/PandaX/iothub/hook.go:178] : 9GOIPOI6GQ订阅了[name:"$dz/events/device/s7-device/data/update" name:"$hw/events/device/s7-device/twin/update" name:"v1/devices/me/rpc/request/+" name:"v1/devices/me/telemetry"]
2023-09-20 18:09:17.725 [INFO] [D:/workspace/go/project/PandaX/PandaX/iothub/hook.go:124] : 9GOIPOI6GQ断开连接
2023-09-20 18:09:22.696 [INFO] [D:/workspace/go/project/PandaX/PandaX/iothub/hook.go:153] : 账号9GOIPOI6GQ，密码YWRlMTA0MmYtMzc2MS0zZTljLThjNjAtMzNhMzg4ZjdkOGQ3,开始认证
2023-09-20 18:09:22.700 [INFO] [D:/workspace/go/project/PandaX/PandaX/iothub/hook.go:96] : Client emqx@172.17.0.5 Connected 
2023-09-20 18:09:22.712 [INFO] [D:/workspace/go/project/PandaX/PandaX/iothub/hook.go:178] : 9GOIPOI6GQ订阅了[name:"$dz/events/device/s7-device/data/update" name:"$hw/events/device/s7-device/twin/update" name:"v1/devices/me/rpc/request/+" name:"v1/devices/me/telemetry"]
2023-09-20 18:15:22.708 [INFO] [D:/workspace/go/project/PandaX/PandaX/iothub/hook.go:124] : 9GOIPOI6GQ断开连接
2023-09-20 18:15:27.714 [INFO] [D:/workspace/go/project/PandaX/PandaX/iothub/hook.go:153] : 账号9GOIPOI6GQ，密码YWRlMTA0MmYtMzc2MS0zZTljLThjNjAtMzNhMzg4ZjdkOGQ3,开始认证
2023-09-20 18:15:27.718 [INFO] [D:/workspace/go/project/PandaX/PandaX/iothub/hook.go:96] : Client emqx@172.17.0.5 Connected 
2023-09-20 18:15:27.731 [INFO] [D:/workspace/go/project/PandaX/PandaX/iothub/hook.go:178] : 9GOIPOI6GQ订阅了[name:"$dz/events/device/s7-device/data/update" name:"$hw/events/device/s7-device/twin/update" name:"v1/devices/me/rpc/request/+" name:"v1/devices/me/telemetry"]
2023-09-20 18:22:57.725 [INFO] [D:/workspace/go/project/PandaX/PandaX/iothub/hook.go:124] : 9GOIPOI6GQ断开连接
2023-09-20 18:23:02.694 [INFO] [D:/workspace/go/project/PandaX/PandaX/iothub/hook.go:153] : 账号9GOIPOI6GQ，密码YWRlMTA0MmYtMzc2MS0zZTljLThjNjAtMzNhMzg4ZjdkOGQ3,开始认证
2023-09-20 18:23:02.698 [INFO] [D:/workspace/go/project/PandaX/PandaX/iothub/hook.go:96] : Client emqx@172.17.0.5 Connected 
2023-09-20 18:23:02.710 [INFO] [D:/workspace/go/project/PandaX/PandaX/iothub/hook.go:178] : 9GOIPOI6GQ订阅了[name:"$dz/events/device/s7-device/data/update" name:"$hw/events/device/s7-device/twin/update" name:"v1/devices/me/rpc/request/+" name:"v1/devices/me/telemetry"]
2023-09-20 18:50:02.719 [INFO] [D:/workspace/go/project/PandaX/PandaX/iothub/hook.go:124] : 9GOIPOI6GQ断开连接
2023-09-20 18:50:07.700 [INFO] [D:/workspace/go/project/PandaX/PandaX/iothub/hook.go:153] : 账号9GOIPOI6GQ，密码YWRlMTA0MmYtMzc2MS0zZTljLThjNjAtMzNhMzg4ZjdkOGQ3,开始认证
2023-09-20 18:50:07.703 [INFO] [D:/workspace/go/project/PandaX/PandaX/iothub/hook.go:96] : Client emqx@172.17.0.5 Connected 
2023-09-20 18:50:07.714 [INFO] [D:/workspace/go/project/PandaX/PandaX/iothub/hook.go:178] : 9GOIPOI6GQ订阅了[name:"$dz/events/device/s7-device/data/update" name:"$hw/events/device/s7-device/twin/update" name:"v1/devices/me/rpc/request/+" name:"v1/devices/me/telemetry"]
2023-09-20 18:59:07.710 [INFO] [D:/workspace/go/project/PandaX/PandaX/iothub/hook.go:124] : 9GOIPOI6GQ断开连接
2023-09-20 18:59:12.713 [INFO] [D:/workspace/go/project/PandaX/PandaX/iothub/hook.go:153] : 账号9GOIPOI6GQ，密码YWRlMTA0MmYtMzc2MS0zZTljLThjNjAtMzNhMzg4ZjdkOGQ3,开始认证
2023-09-20 18:59:12.716 [INFO] [D:/workspace/go/project/PandaX/PandaX/iothub/hook.go:96] : Client emqx@172.17.0.5 Connected 
2023-09-20 18:59:12.728 [INFO] [D:/workspace/go/project/PandaX/PandaX/iothub/hook.go:178] : 9GOIPOI6GQ订阅了[name:"$dz/events/device/s7-device/data/update" name:"$hw/events/device/s7-device/twin/update" name:"v1/devices/me/rpc/request/+" name:"v1/devices/me/telemetry"]
2023-09-20 19:08:12.725 [INFO] [D:/workspace/go/project/PandaX/PandaX/iothub/hook.go:124] : 9GOIPOI6GQ断开连接
2023-09-20 19:08:17.691 [INFO] [D:/workspace/go/project/PandaX/PandaX/iothub/hook.go:153] : 账号9GOIPOI6GQ，密码YWRlMTA0MmYtMzc2MS0zZTljLThjNjAtMzNhMzg4ZjdkOGQ3,开始认证
2023-09-20 19:08:17.694 [INFO] [D:/workspace/go/project/PandaX/PandaX/iothub/hook.go:96] : Client emqx@172.17.0.5 Connected 
2023-09-20 19:08:17.707 [INFO] [D:/workspace/go/project/PandaX/PandaX/iothub/hook.go:178] : 9GOIPOI6GQ订阅了[name:"$dz/events/device/s7-device/data/update" name:"$hw/events/device/s7-device/twin/update" name:"v1/devices/me/rpc/request/+" name:"v1/devices/me/telemetry"]
2023-09-20 19:20:17.705 [INFO] [D:/workspace/go/project/PandaX/PandaX/iothub/hook.go:124] : 9GOIPOI6GQ断开连接
2023-09-20 19:20:22.694 [INFO] [D:/workspace/go/project/PandaX/PandaX/iothub/hook.go:153] : 账号9GOIPOI6GQ，密码YWRlMTA0MmYtMzc2MS0zZTljLThjNjAtMzNhMzg4ZjdkOGQ3,开始认证
2023-09-20 19:20:22.698 [INFO] [D:/workspace/go/project/PandaX/PandaX/iothub/hook.go:96] : Client emqx@172.17.0.5 Connected 
2023-09-20 19:21:52.703 [INFO] [D:/workspace/go/project/PandaX/PandaX/iothub/hook.go:124] : 9GOIPOI6GQ断开连接
2023-09-21 13:56:51.024 [INFO] [D:/workspace/go/project/PandaX/PandaX/pkg/middleware/log.go:34] [POST=/system/user/login] : 登录 ->93ms
2023-09-21 13:56:51.058 [INFO] [D:/workspace/go/project/PandaX/PandaX/pkg/middleware/log.go:34] [uid=1] [uname=panda] [GET=/system/user/auth] : 认证信息 ->22ms
2023-09-21 13:56:57.593 [INFO] [D:/workspace/go/project/PandaX/PandaX/pkg/middleware/log.go:34] [uid=1] [uname=panda] [GET=/device/group/list/tree/label] : 获取DeviceGroup树 ->14ms
2023-09-21 13:56:57.600 [INFO] [D:/workspace/go/project/PandaX/PandaX/pkg/middleware/log.go:34] [uid=1] [uname=panda] [GET=/device/product/list/all] : 获取Product分页列表 ->9ms
2023-09-21 13:56:57.601 [INFO] [D:/workspace/go/project/PandaX/PandaX/pkg/middleware/log.go:34] [GET=/device/list] [uid=1] [uname=panda] : 获取Device分页列表 ->33ms
2023-09-21 13:56:57.605 [INFO] [D:/workspace/go/project/PandaX/PandaX/pkg/middleware/log.go:34] [GET=/system/dict/data/type] [uid=1] [uname=panda] : 获取字典数据列表通过字典类型 ->6ms
2023-09-21 13:56:59.595 [INFO] [D:/workspace/go/project/PandaX/PandaX/pkg/middleware/log.go:34] [GET=/system/dict/data/type] [uid=1] [uname=panda] : 获取字典数据列表通过字典类型 ->7ms
2023-09-21 13:56:59.633 [INFO] [D:/workspace/go/project/PandaX/PandaX/pkg/middleware/log.go:34] [uid=1] [uname=panda] [GET=/device/product/category/list/tree/label] : 获取ProductCategory树 ->4ms
2023-09-21 13:56:59.633 [INFO] [D:/workspace/go/project/PandaX/PandaX/pkg/middleware/log.go:34] [uid=1] [uname=panda] [GET=/device/product/list] : 获取Product分页列表 ->36ms
2023-09-21 13:56:59.683 [INFO] [D:/workspace/go/project/PandaX/PandaX/pkg/middleware/log.go:34] [GET=/upload/get/d7432e83df771fad85aa4e74235b0591_20230819092625.png] : 获取图片 ->2ms
2023-09-21 13:57:00.678 [INFO] [D:/workspace/go/project/PandaX/PandaX/pkg/middleware/log.go:34] [uid=1] [uname=panda] [GET=/device/product/category/list/tree/label] : 获取ProductCategory树 ->4ms
2023-09-21 13:57:00.692 [INFO] [D:/workspace/go/project/PandaX/PandaX/pkg/middleware/log.go:34] [GET=/system/dict/data/type] [uid=1] [uname=panda] : 获取字典数据列表通过字典类型 ->10ms
2023-09-21 13:57:00.709 [INFO] [D:/workspace/go/project/PandaX/PandaX/pkg/middleware/log.go:34] [GET=/rule/chain/list/label] [uid=1] [uname=panda] : 获取规则引擎Label列表 ->14ms
2023-09-21 15:27:52.071 [INFO] [D:/workspace/go/project/PandaX/PandaX/pkg/middleware/log.go:34] [uid=1] [uname=panda] [GET=/device/template/list] : 获取Template分页列表 ->13ms
2023-09-21 15:28:05.168 [INFO] [D:/workspace/go/project/PandaX/PandaX/pkg/middleware/log.go:34] [uid=1] [uname=panda] [GET=/device/template/list] : 获取Template分页列表 ->11ms
2023-09-21 15:28:51.926 [INFO] [D:/workspace/go/project/PandaX/PandaX/pkg/middleware/log.go:34] [uid=1] [uname=panda] [GET=/device/template/list] : 获取Template分页列表 ->31ms
2023-09-21 16:06:49.857 [INFO] [D:/workspace/go/project/PandaX/PandaX/pkg/middleware/log.go:34] [uname=panda] [GET=/device/template/list] [uid=1] : 获取Template分页列表 ->11ms
2023-09-21 16:06:50.661 [INFO] [D:/workspace/go/project/PandaX/PandaX/pkg/middleware/log.go:34] [uid=1] [uname=panda] [GET=/device/template/list] : 获取Template分页列表 ->43ms
2023-09-21 16:07:00.221 [INFO] [D:/workspace/go/project/PandaX/PandaX/pkg/middleware/log.go:34] [uname=panda] [GET=/device/template/list] [uid=1] : 获取Template分页列表 ->11ms
2023-09-21 16:07:01.057 [INFO] [D:/workspace/go/project/PandaX/PandaX/pkg/middleware/log.go:34] [uname=panda] [GET=/device/template/list] [uid=1] : 获取Template分页列表 ->29ms
2023-09-21 16:40:11.523 [INFO] [D:/workspace/go/project/PandaX/PandaX/pkg/middleware/log.go:34] [uid=1] [uname=panda] [GET=/device/product/category/list/tree/label] : 获取ProductCategory树 ->4ms
2023-09-21 16:40:11.540 [INFO] [D:/workspace/go/project/PandaX/PandaX/pkg/middleware/log.go:34] [uid=1] [uname=panda] [GET=/rule/chain/list/label] : 获取规则引擎Label列表 ->13ms
2023-09-21 16:40:11.548 [INFO] [D:/workspace/go/project/PandaX/PandaX/pkg/middleware/log.go:34] [uname=panda] [GET=/system/dict/data/type] [uid=1] : 获取字典数据列表通过字典类型 ->5ms

2023-09-22 14:18:18--------------------------------
2023-09-22 14:18:18.959 [INFO] [D:/workspace/go/pkg/mod/github.com/!panda!x!g!o/!panda!kit@v0.0.0-20230914055936-853aa978dda1/starter/gorm.go:36] : 连接mysql [root:!MyEMS1@tcp(127.0.0.1:3306)/pandax_iot?charset=utf8&loc=Local&parseTime=true]
2023-09-22 14:18:18.966 [INFO] [D:/workspace/go/project/PandaX/PandaX/main.go:46] : mysql连接成功
2023-09-22 14:18:18.967 [INFO] [D:/workspace/go/project/PandaX/PandaX/main.go:51] : Redis连接成功
2023-09-22 14:18:18.967 [INFO] [D:/workspace/go/project/PandaX/PandaX/main.go:58] : Tdengine连接成功
2023-09-22 14:18:18.983 [INFO] [D:/workspace/go/project/PandaX/PandaX/main.go:76] : 路由初始化完成
2023-09-22 14:18:18.983 [INFO] [D:/workspace/go/project/PandaX/PandaX/pkg/transport/http_server.go:38] : HTTP Server listen: :7788
2023-09-22 14:18:18.983 [INFO] [D:/workspace/go/project/PandaX/PandaX/iothub/hook.go:37] : IOTHUB HOOK Start SUCCESS,Grpc Server listen: :9001
2023-09-22 14:18:18.989 [INFO] [D:/workspace/go/project/PandaX/PandaX/apps/job/jobs/jobbase.go:87] : 2023-09-22 14:18:18 [INFO] JobCore start success.
2023-09-22 14:18:18.990 [INFO] [D:/workspace/go/project/PandaX/PandaX/iothub/hook.go:153] : 账号pandax，密码pandax,开始认证
2023-09-22 14:18:18.992 [INFO] [D:/workspace/go/project/PandaX/PandaX/iothub/hook.go:96] : Client emqx@172.17.0.5 Connected 

2023-09-22 14:44:43--------------------------------
2023-09-22 14:44:43.753 [INFO] [D:/workspace/go/pkg/mod/github.com/!panda!x!g!o/!panda!kit@v0.0.0-20230914055936-853aa978dda1/starter/gorm.go:36] : 连接mysql [root:!MyEMS1@tcp(127.0.0.1:3306)/pandax_iot?charset=utf8&loc=Local&parseTime=true]
2023-09-22 14:44:43.759 [INFO] [D:/workspace/go/project/PandaX/PandaX/main.go:46] : mysql连接成功
2023-09-22 14:44:43.763 [INFO] [D:/workspace/go/project/PandaX/PandaX/main.go:51] : Redis连接成功
2023-09-22 14:44:43.763 [INFO] [D:/workspace/go/project/PandaX/PandaX/main.go:58] : Tdengine连接成功
2023-09-22 14:44:43.772 [INFO] [D:/workspace/go/project/PandaX/PandaX/main.go:76] : 路由初始化完成
2023-09-22 14:44:43.772 [INFO] [D:/workspace/go/project/PandaX/PandaX/pkg/transport/http_server.go:38] : HTTP Server listen: :7788
2023-09-22 14:44:43.773 [INFO] [D:/workspace/go/project/PandaX/PandaX/iothub/hook.go:37] : IOTHUB HOOK Start SUCCESS,Grpc Server listen: :9001
2023-09-22 14:44:43.779 [INFO] [D:/workspace/go/project/PandaX/PandaX/apps/job/jobs/jobbase.go:87] : 2023-09-22 14:44:43 [INFO] JobCore start success.
2023-09-22 14:44:47.380 [INFO] [D:/workspace/go/project/PandaX/PandaX/iothub/hook.go:124] : pandax断开连接
2023-09-22 14:44:47.383 [INFO] [D:/workspace/go/project/PandaX/PandaX/iothub/hook.go:153] : 账号pandax，密码pandax,开始认证
2023-09-22 14:44:47.387 [INFO] [D:/workspace/go/project/PandaX/PandaX/iothub/hook.go:96] : Client emqx@172.17.0.5 Connected 
2023-09-22 14:44:54.822 [INFO] [D:/workspace/go/project/PandaX/PandaX/pkg/middleware/log.go:34] [uid=1] [uname=panda] [GET=/system/dict/data/type] : 获取字典数据列表通过字典类型 ->6ms
2023-09-22 14:45:03.790 [INFO] [D:/workspace/go/project/PandaX/PandaX/pkg/middleware/log.go:34] [uname=panda] [GET=/device/group/list/tree/label] [uid=1] : 获取DeviceGroup树 ->12ms
2023-09-22 14:45:03.799 [INFO] [D:/workspace/go/project/PandaX/PandaX/pkg/middleware/log.go:34] [uid=1] [uname=panda] [GET=/device/product/list/all] : 获取Product分页列表 ->11ms
2023-09-22 14:45:03.800 [INFO] [D:/workspace/go/project/PandaX/PandaX/pkg/middleware/log.go:34] [GET=/device/list] [uid=1] [uname=panda] : 获取Device分页列表 ->41ms
2023-09-22 14:45:03.804 [INFO] [D:/workspace/go/project/PandaX/PandaX/pkg/middleware/log.go:34] [uid=1] [uname=panda] [GET=/system/dict/data/type] : 获取字典数据列表通过字典类型 ->7ms
2023-09-22 14:45:10.622 [INFO] [D:/workspace/go/project/PandaX/PandaX/pkg/middleware/log.go:34] [uname=panda] [GET=/device/rC82hwE6iw/status] [uid=1] : 获取Device状态信息 ->9ms
2023-09-22 14:45:12.111 [INFO] [D:/workspace/go/project/PandaX/PandaX/pkg/middleware/log.go:34] [uid=1] [uname=panda] [GET=/device/rC82hwE6iw/status] : 获取Device状态信息 ->9ms
2023-09-22 14:46:50.131 [INFO] [D:/workspace/go/project/PandaX/PandaX/pkg/middleware/log.go:34] [uid=1] [uname=panda] [GET=/device/rC82hwE6iw/status] : 获取Device状态信息 ->12ms
2023-09-22 14:46:54.513 [INFO] [D:/workspace/go/project/PandaX/PandaX/pkg/middleware/log.go:34] [uid=1] [uname=panda] [GET=/device/rC82hwE6iw/status] : 获取Device状态信息 ->10ms
2023-09-22 14:47:09.411 [INFO] [D:/workspace/go/project/PandaX/PandaX/pkg/middleware/log.go:34] [uid=1] [uname=panda] [GET=/device/9GOIPOI6GQ/status] : 获取Device状态信息 ->7ms
2023-09-22 14:47:16.428 [INFO] [D:/workspace/go/project/PandaX/PandaX/pkg/middleware/log.go:34] [uid=1] [uname=panda] [GET=/device/9GOIPOI6GQ/status] : 获取Device状态信息 ->12ms
2023-09-22 14:48:01.409 [INFO] [D:/workspace/go/project/PandaX/PandaX/iothub/hook.go:153] : 账号9GOIPOI6GQ，密码YWRlMTA0MmYtMzc2MS0zZTljLThjNjAtMzNhMzg4ZjdkOGQ3,开始认证
2023-09-22 14:48:01.412 [INFO] [D:/workspace/go/project/PandaX/PandaX/iothub/hook.go:96] : Client emqx@172.17.0.5 Connected 
2023-09-22 14:48:02.262 [INFO] [D:/workspace/go/project/PandaX/PandaX/iothub/hook.go:178] : 9GOIPOI6GQ订阅了[name:"$dz/events/device/s7-device/data/update"]
2023-09-22 14:48:02.688 [INFO] [D:/workspace/go/project/PandaX/PandaX/iothub/hook.go:178] : 9GOIPOI6GQ订阅了[name:"v1/devices/me/telemetry"]
2023-09-22 14:48:02.977 [INFO] [D:/workspace/go/project/PandaX/PandaX/iothub/hook.go:178] : 9GOIPOI6GQ订阅了[name:"$hw/events/device/s7-device/twin/update"]
2023-09-22 14:48:03.362 [INFO] [D:/workspace/go/project/PandaX/PandaX/iothub/hook.go:178] : 9GOIPOI6GQ订阅了[name:"v1/devices/me/rpc/request/+"]
2023-09-22 14:48:05.962 [ERROR] [D:/workspace/go/project/PandaX/PandaX/iothub/hook_message_work.go:156] : <nil>
2023-09-22 14:48:11.033 [INFO] [D:/workspace/go/project/PandaX/PandaX/pkg/middleware/log.go:34] [uname=panda] [GET=/device/9GOIPOI6GQ/status] [uid=1] : 获取Device状态信息 ->18ms
2023-09-22 14:48:11.783 [INFO] [D:/workspace/go/project/PandaX/PandaX/pkg/middleware/log.go:34] [uname=panda] [GET=/device/9GOIPOI6GQ/status] [uid=1] : 获取Device状态信息 ->8ms
2023-09-22 14:49:37.351 [ERROR] [D:/workspace/go/project/PandaX/PandaX/pkg/transport/http_server.go:41] : error http serve: http: Server closed

2023-09-22 14:49:48--------------------------------
2023-09-22 14:49:48.456 [INFO] [D:/workspace/go/pkg/mod/github.com/!panda!x!g!o/!panda!kit@v0.0.0-20230914055936-853aa978dda1/starter/gorm.go:36] : 连接mysql [root:!MyEMS1@tcp(127.0.0.1:3306)/pandax_iot?charset=utf8&loc=Local&parseTime=true]
2023-09-22 14:49:48.462 [INFO] [D:/workspace/go/project/PandaX/PandaX/main.go:46] : mysql连接成功
2023-09-22 14:49:48.464 [INFO] [D:/workspace/go/project/PandaX/PandaX/main.go:51] : Redis连接成功
2023-09-22 14:49:48.464 [INFO] [D:/workspace/go/project/PandaX/PandaX/main.go:58] : Tdengine连接成功
2023-09-22 14:49:48.474 [INFO] [D:/workspace/go/project/PandaX/PandaX/main.go:76] : 路由初始化完成
2023-09-22 14:49:48.474 [INFO] [D:/workspace/go/project/PandaX/PandaX/pkg/transport/http_server.go:38] : HTTP Server listen: :7788
2023-09-22 14:49:48.475 [INFO] [D:/workspace/go/project/PandaX/PandaX/iothub/hook.go:37] : IOTHUB HOOK Start SUCCESS,Grpc Server listen: :9001
2023-09-22 14:49:48.480 [INFO] [D:/workspace/go/project/PandaX/PandaX/apps/job/jobs/jobbase.go:87] : 2023-09-22 14:49:48 [INFO] JobCore start success.
2023-09-22 14:49:49.539 [INFO] [D:/workspace/go/project/PandaX/PandaX/iothub/hook.go:124] : pandax断开连接
2023-09-22 14:49:49.542 [INFO] [D:/workspace/go/project/PandaX/PandaX/iothub/hook.go:153] : 账号pandax，密码pandax,开始认证
2023-09-22 14:49:49.544 [INFO] [D:/workspace/go/project/PandaX/PandaX/iothub/hook.go:96] : Client emqx@172.17.0.5 Connected 
2023-09-22 14:49:50.782 [INFO] [D:/workspace/go/project/PandaX/PandaX/pkg/middleware/log.go:34] [uid=1] [uname=panda] [GET=/device/9GOIPOI6GQ/status] : 获取Device状态信息 ->17ms
2023-09-22 14:49:51.409 [INFO] [D:/workspace/go/project/PandaX/PandaX/pkg/middleware/log.go:34] [uid=1] [uname=panda] [GET=/device/9GOIPOI6GQ/status] : 获取Device状态信息 ->46ms
2023-09-22 14:50:17.372 [ERROR] [D:/workspace/go/project/PandaX/PandaX/iothub/hook_message_work.go:156] : <nil>
2023-09-22 14:50:20.244 [INFO] [D:/workspace/go/project/PandaX/PandaX/pkg/middleware/log.go:34] [uid=1] [uname=panda] [GET=/device/9GOIPOI6GQ/status] : 获取Device状态信息 ->9ms
2023-09-22 14:50:20.641 [INFO] [D:/workspace/go/project/PandaX/PandaX/pkg/middleware/log.go:34] [GET=/device/9GOIPOI6GQ/status] [uid=1] [uname=panda] : 获取Device状态信息 ->10ms
2023-09-22 14:51:14.506 [INFO] [D:/workspace/go/project/PandaX/PandaX/pkg/middleware/log.go:34] [uid=1] [uname=panda] [GET=/device/9GOIPOI6GQ/property/history] : 获取设备属性的遥测历史 ->147ms
2023-09-22 14:51:17.828 [INFO] [D:/workspace/go/project/PandaX/PandaX/pkg/middleware/log.go:34] [uid=1] [uname=panda] [GET=/device/9GOIPOI6GQ/property/history] : 获取设备属性的遥测历史 ->10ms
2023-09-22 14:51:48.919 [INFO] [D:/workspace/go/project/PandaX/PandaX/pkg/middleware/log.go:34] [uid=1] [uname=panda] [GET=/device/9GOIPOI6GQ/property/history] : 获取设备属性的遥测历史 ->10ms
2023-09-22 14:51:54.571 [INFO] [D:/workspace/go/project/PandaX/PandaX/pkg/middleware/log.go:34] [uname=panda] [GET=/device/9GOIPOI6GQ/property/history] [uid=1] : 获取设备属性的遥测历史 ->8ms
2023-09-22 14:51:56.480 [INFO] [D:/workspace/go/project/PandaX/PandaX/pkg/middleware/log.go:34] [uname=panda] [GET=/device/9GOIPOI6GQ/property/history] [uid=1] : 获取设备属性的遥测历史 ->8ms
2023-09-22 14:52:02.130 [INFO] [D:/workspace/go/project/PandaX/PandaX/pkg/middleware/log.go:34] [GET=/device/9GOIPOI6GQ/property/history] [uid=1] [uname=panda] : 获取设备属性的遥测历史 ->8ms
2023-09-22 14:52:11.601 [INFO] [D:/workspace/go/project/PandaX/PandaX/pkg/middleware/log.go:34] [uid=1] [uname=panda] [GET=/device/9GOIPOI6GQ/property/history] : 获取设备属性的遥测历史 ->8ms
2023-09-22 14:52:21.202 [INFO] [D:/workspace/go/project/PandaX/PandaX/pkg/middleware/log.go:34] [uid=1] [uname=panda] [GET=/device/9GOIPOI6GQ/status] : 获取Device状态信息 ->9ms
2023-09-22 14:52:27.518 [INFO] [D:/workspace/go/project/PandaX/PandaX/pkg/middleware/log.go:34] [uid=1] [uname=panda] [GET=/device/9GOIPOI6GQ/status] : 获取Device状态信息 ->14ms
2023-09-22 14:52:35.182 [INFO] [D:/workspace/go/project/PandaX/PandaX/pkg/middleware/log.go:34] [GET=/device/68zSC94dFQ/status] [uid=1] [uname=panda] : 获取Device状态信息 ->11ms
2023-09-22 14:52:36.849 [INFO] [D:/workspace/go/project/PandaX/PandaX/pkg/middleware/log.go:34] [uid=1] [uname=panda] [GET=/device/68zSC94dFQ/status] : 获取Device状态信息 ->8ms
2023-09-22 14:52:38.490 [INFO] [D:/workspace/go/project/PandaX/PandaX/pkg/middleware/log.go:34] [GET=/device/68zSC94dFQ/status] [uid=1] [uname=panda] : 获取Device状态信息 ->11ms
2023-09-22 14:55:49.280 [INFO] [D:/workspace/go/project/PandaX/PandaX/pkg/middleware/log.go:34] [uname=panda] [GET=/device/68zSC94dFQ/status] [uid=1] : 获取Device状态信息 ->30ms
2023-09-22 14:55:55.615 [INFO] [D:/workspace/go/project/PandaX/PandaX/pkg/middleware/log.go:34] [uname=panda] [GET=/device/68zSC94dFQ/status] [uid=1] : 获取Device状态信息 ->10ms
2023-09-22 14:56:45.987 [INFO] [D:/workspace/go/project/PandaX/PandaX/pkg/middleware/log.go:34] [uid=1] [uname=panda] [GET=/device/68zSC94dFQ/status] : 获取Device状态信息 ->9ms
2023-09-22 14:56:47.119 [INFO] [D:/workspace/go/project/PandaX/PandaX/pkg/middleware/log.go:34] [uid=1] [uname=panda] [GET=/device/68zSC94dFQ/status] : 获取Device状态信息 ->11ms
2023-09-22 14:59:10.813 [INFO] [D:/workspace/go/project/PandaX/PandaX/pkg/middleware/log.go:34] [uname=panda] [GET=/device/68zSC94dFQ/status] [uid=1] : 获取Device状态信息 ->21ms
2023-09-22 14:59:15.742 [INFO] [D:/workspace/go/project/PandaX/PandaX/pkg/middleware/log.go:34] [uname=panda] [GET=/device/9GOIPOI6GQ/status] [uid=1] : 获取Device状态信息 ->14ms
2023-09-22 14:59:17.346 [INFO] [D:/workspace/go/project/PandaX/PandaX/pkg/middleware/log.go:34] [uid=1] [uname=panda] [GET=/device/9GOIPOI6GQ/status] : 获取Device状态信息 ->15ms
2023-09-22 15:00:15.191 [ERROR] [D:/workspace/go/project/PandaX/PandaX/iothub/hook_message_work.go:156] : <nil>
2023-09-22 15:00:17.185 [INFO] [D:/workspace/go/project/PandaX/PandaX/pkg/middleware/log.go:34] [GET=/device/9GOIPOI6GQ/status] [uid=1] [uname=panda] : 获取Device状态信息 ->9ms
2023-09-22 15:00:17.723 [INFO] [D:/workspace/go/project/PandaX/PandaX/pkg/middleware/log.go:34] [uid=1] [uname=panda] [GET=/device/9GOIPOI6GQ/status] : 获取Device状态信息 ->9ms
2023-09-22 15:00:21.410 [INFO] [D:/workspace/go/project/PandaX/PandaX/pkg/middleware/log.go:34] [GET=/device/9GOIPOI6GQ/property/history] [uid=1] [uname=panda] : 获取设备属性的遥测历史 ->7ms
2023-09-22 15:00:26.115 [INFO] [D:/workspace/go/project/PandaX/PandaX/pkg/middleware/log.go:34] [uname=panda] [GET=/device/9GOIPOI6GQ/property/history] [uid=1] : 获取设备属性的遥测历史 ->7ms
2023-09-22 15:00:43.619 [INFO] [D:/workspace/go/project/PandaX/PandaX/pkg/middleware/log.go:34] [GET=/device/9GOIPOI6GQ/property/history] [uid=1] [uname=panda] : 获取设备属性的遥测历史 ->8ms
2023-09-22 15:00:48.415 [INFO] [D:/workspace/go/project/PandaX/PandaX/pkg/middleware/log.go:34] [uname=panda] [GET=/device/9GOIPOI6GQ/property/history] [uid=1] : 获取设备属性的遥测历史 ->9ms
2023-09-22 15:00:52.630 [INFO] [D:/workspace/go/project/PandaX/PandaX/pkg/middleware/log.go:34] [uid=1] [uname=panda] [GET=/device/9GOIPOI6GQ/property/history] : 获取设备属性的遥测历史 ->7ms
2023-09-22 15:00:54.354 [INFO] [D:/workspace/go/project/PandaX/PandaX/pkg/middleware/log.go:34] [uid=1] [uname=panda] [GET=/device/9GOIPOI6GQ/property/history] : 获取设备属性的遥测历史 ->8ms
2023-09-22 15:00:56.038 [INFO] [D:/workspace/go/project/PandaX/PandaX/pkg/middleware/log.go:34] [uid=1] [uname=panda] [GET=/device/9GOIPOI6GQ/property/history] : 获取设备属性的遥测历史 ->6ms
2023-09-22 15:00:58.669 [INFO] [D:/workspace/go/project/PandaX/PandaX/pkg/middleware/log.go:34] [uid=1] [uname=panda] [GET=/device/9GOIPOI6GQ/property/history] : 获取设备属性的遥测历史 ->9ms
2023-09-22 15:02:44.017 [INFO] [D:/workspace/go/project/PandaX/PandaX/pkg/middleware/log.go:34] [uname=panda] [GET=/device/9GOIPOI6GQ/status] [uid=1] : 获取Device状态信息 ->29ms
2023-09-22 15:02:45.102 [INFO] [D:/workspace/go/project/PandaX/PandaX/pkg/middleware/log.go:34] [GET=/device/9GOIPOI6GQ/status] [uid=1] [uname=panda] : 获取Device状态信息 ->21ms
2023-09-22 15:02:59.019 [ERROR] [D:/workspace/go/project/PandaX/PandaX/iothub/hook_message_work.go:156] : <nil>
2023-09-22 15:03:02.065 [INFO] [D:/workspace/go/project/PandaX/PandaX/pkg/middleware/log.go:34] [uid=1] [uname=panda] [GET=/device/9GOIPOI6GQ/status] : 获取Device状态信息 ->8ms
2023-09-22 15:03:02.615 [INFO] [D:/workspace/go/project/PandaX/PandaX/pkg/middleware/log.go:34] [uid=1] [uname=panda] [GET=/device/9GOIPOI6GQ/status] : 获取Device状态信息 ->9ms
2023-09-22 15:03:05.005 [INFO] [D:/workspace/go/project/PandaX/PandaX/pkg/middleware/log.go:34] [uid=1] [uname=panda] [GET=/device/9GOIPOI6GQ/property/history] : 获取设备属性的遥测历史 ->11ms
2023-09-22 15:03:09.365 [INFO] [D:/workspace/go/project/PandaX/PandaX/pkg/middleware/log.go:34] [GET=/device/9GOIPOI6GQ/property/history] [uid=1] [uname=panda] : 获取设备属性的遥测历史 ->8ms
2023-09-22 15:03:14.828 [INFO] [D:/workspace/go/project/PandaX/PandaX/pkg/middleware/log.go:34] [uid=1] [uname=panda] [GET=/device/9GOIPOI6GQ/property/history] : 获取设备属性的遥测历史 ->6ms
2023-09-22 15:03:30.276 [ERROR] [D:/workspace/go/project/PandaX/PandaX/iothub/hook_message_work.go:156] : <nil>
2023-09-22 15:03:32.726 [INFO] [D:/workspace/go/project/PandaX/PandaX/pkg/middleware/log.go:34] [GET=/device/9GOIPOI6GQ/status] [uid=1] [uname=panda] : 获取Device状态信息 ->9ms
2023-09-22 15:03:33.347 [INFO] [D:/workspace/go/project/PandaX/PandaX/pkg/middleware/log.go:34] [uid=1] [uname=panda] [GET=/device/9GOIPOI6GQ/status] : 获取Device状态信息 ->7ms
2023-09-22 15:03:54.508 [INFO] [D:/workspace/go/project/PandaX/PandaX/pkg/middleware/log.go:34] [uname=panda] [GET=/device/9GOIPOI6GQ/status] [uid=1] : 获取Device状态信息 ->8ms
2023-09-22 15:03:59.798 [INFO] [D:/workspace/go/project/PandaX/PandaX/pkg/middleware/log.go:34] [uname=panda] [GET=/device/68zSC94dFQ/status] [uid=1] : 获取Device状态信息 ->9ms
2023-09-22 15:06:00.455 [INFO] [D:/workspace/go/project/PandaX/PandaX/pkg/middleware/log.go:34] [uid=1] [uname=panda] [GET=/device/68zSC94dFQ/status] : 获取Device状态信息 ->10ms
2023-09-22 15:06:01.110 [INFO] [D:/workspace/go/project/PandaX/PandaX/pkg/middleware/log.go:34] [uid=1] [uname=panda] [GET=/device/68zSC94dFQ/status] : 获取Device状态信息 ->11ms
2023-09-22 15:06:05.282 [INFO] [D:/workspace/go/project/PandaX/PandaX/pkg/middleware/log.go:34] [GET=/device/68zSC94dFQ/status] [uid=1] [uname=panda] : 获取Device状态信息 ->7ms
2023-09-22 15:06:05.997 [INFO] [D:/workspace/go/project/PandaX/PandaX/pkg/middleware/log.go:34] [uname=panda] [GET=/device/68zSC94dFQ/status] [uid=1] : 获取Device状态信息 ->9ms
2023-09-22 15:06:13.172 [INFO] [D:/workspace/go/project/PandaX/PandaX/pkg/middleware/log.go:34] [GET=/device/9GOIPOI6GQ/status] [uid=1] [uname=panda] : 获取Device状态信息 ->8ms
2023-09-22 15:06:14.286 [INFO] [D:/workspace/go/project/PandaX/PandaX/pkg/middleware/log.go:34] [uid=1] [uname=panda] [GET=/device/9GOIPOI6GQ/status] : 获取Device状态信息 ->10ms
2023-09-22 15:07:12.593 [INFO] [D:/workspace/go/project/PandaX/PandaX/pkg/middleware/log.go:34] [uname=panda] [GET=/device/9GOIPOI6GQ/status] [uid=1] : 获取Device状态信息 ->11ms
2023-09-22 15:07:13.913 [INFO] [D:/workspace/go/project/PandaX/PandaX/pkg/middleware/log.go:34] [uid=1] [uname=panda] [GET=/device/9GOIPOI6GQ/status] : 获取Device状态信息 ->8ms
2023-09-22 15:07:18.588 [INFO] [D:/workspace/go/project/PandaX/PandaX/pkg/middleware/log.go:34] [uname=panda] [GET=/device/68zSC94dFQ/status] [uid=1] : 获取Device状态信息 ->9ms
2023-09-22 15:07:20.297 [INFO] [D:/workspace/go/project/PandaX/PandaX/pkg/middleware/log.go:34] [GET=/device/68zSC94dFQ/status] [uid=1] [uname=panda] : 获取Device状态信息 ->10ms
2023-09-22 15:07:21.276 [INFO] [D:/workspace/go/project/PandaX/PandaX/pkg/middleware/log.go:34] [uid=1] [uname=panda] [GET=/device/68zSC94dFQ/status] : 获取Device状态信息 ->11ms
2023-09-22 15:07:44.623 [INFO] [D:/workspace/go/project/PandaX/PandaX/pkg/middleware/log.go:34] [GET=/device/68zSC94dFQ/status] [uid=1] [uname=panda] : 获取Device状态信息 ->16ms
2023-09-22 15:07:45.207 [INFO] [D:/workspace/go/project/PandaX/PandaX/pkg/middleware/log.go:34] [GET=/device/68zSC94dFQ/status] [uid=1] [uname=panda] : 获取Device状态信息 ->14ms
2023-09-22 15:08:05.131 [INFO] [D:/workspace/go/project/PandaX/PandaX/pkg/middleware/log.go:34] [uid=1] [uname=panda] [GET=/device/68zSC94dFQ/status] : 获取Device状态信息 ->9ms
2023-09-22 15:08:05.720 [INFO] [D:/workspace/go/project/PandaX/PandaX/pkg/middleware/log.go:34] [uid=1] [uname=panda] [GET=/device/68zSC94dFQ/status] : 获取Device状态信息 ->10ms
2023-09-22 15:10:13.994 [INFO] [D:/workspace/go/project/PandaX/PandaX/pkg/middleware/log.go:34] [uname=panda] [GET=/device/68zSC94dFQ/status] [uid=1] : 获取Device状态信息 ->12ms
2023-09-22 15:10:14.825 [INFO] [D:/workspace/go/project/PandaX/PandaX/pkg/middleware/log.go:34] [GET=/device/68zSC94dFQ/status] [uid=1] [uname=panda] : 获取Device状态信息 ->25ms
2023-09-22 15:10:19.454 [INFO] [D:/workspace/go/project/PandaX/PandaX/pkg/middleware/log.go:34] [uid=1] [uname=panda] [GET=/device/rC82hwE6iw/status] : 获取Device状态信息 ->8ms
2023-09-22 15:10:20.942 [INFO] [D:/workspace/go/project/PandaX/PandaX/pkg/middleware/log.go:34] [uname=panda] [GET=/device/rC82hwE6iw/status] [uid=1] : 获取Device状态信息 ->9ms
2023-09-22 15:10:22.200 [INFO] [D:/workspace/go/project/PandaX/PandaX/pkg/middleware/log.go:34] [uid=1] [uname=panda] [GET=/device/rC82hwE6iw/status] : 获取Device状态信息 ->7ms
2023-09-22 15:15:25.757 [INFO] [D:/workspace/go/project/PandaX/PandaX/pkg/middleware/log.go:34] [uid=1] [uname=panda] [GET=/device/product/category/list/tree/label] : 获取ProductCategory树 ->5ms
2023-09-22 15:15:25.785 [INFO] [D:/workspace/go/project/PandaX/PandaX/pkg/middleware/log.go:34] [uid=1] [uname=panda] [GET=/system/dict/data/type] : 获取字典数据列表通过字典类型 ->9ms
2023-09-22 15:15:25.788 [INFO] [D:/workspace/go/project/PandaX/PandaX/pkg/middleware/log.go:34] [uid=1] [uname=panda] [GET=/device/product/list] : 获取Product分页列表 ->25ms
2023-09-22 15:15:25.852 [INFO] [D:/workspace/go/project/PandaX/PandaX/pkg/middleware/log.go:34] [GET=/upload/get/d7432e83df771fad85aa4e74235b0591_20230819092625.png] : 获取图片 ->0ms
2023-09-22 15:15:27.511 [INFO] [D:/workspace/go/project/PandaX/PandaX/pkg/middleware/log.go:34] [uid=1] [uname=panda] [GET=/device/template/list] : 获取Template分页列表 ->9ms
2023-09-22 15:23:57.653 [INFO] [D:/workspace/go/project/PandaX/PandaX/pkg/middleware/log.go:34] [uid=1] [uname=panda] [GET=/rule/chain/log/list] : 获取规则引擎日志分页列表 ->21ms
2023-09-22 15:24:24.410 [INFO] [D:/workspace/go/project/PandaX/PandaX/pkg/middleware/log.go:34] [uid=1] [uname=panda] [GET=/system/dict/data/type] : 获取字典数据列表通过字典类型 ->9ms
2023-09-22 15:24:24.416 [INFO] [D:/workspace/go/project/PandaX/PandaX/pkg/middleware/log.go:34] [uid=1] [uname=panda] [GET=/job/list] : 获取Job列表 ->25ms
2023-09-22 15:24:27.527 [INFO] [D:/workspace/go/project/PandaX/PandaX/pkg/middleware/log.go:34] [GET=/system/dict/data/type] [uid=1] [uname=panda] : 获取字典数据列表通过字典类型 ->5ms
2023-09-22 15:24:32.455 [INFO] [D:/workspace/go/project/PandaX/PandaX/pkg/middleware/log.go:34] [uname=panda] [GET=/device/list/all] [uid=1] : 获取Device列表 ->18ms
2023-09-22 15:24:35.819 [INFO] [D:/workspace/go/project/PandaX/PandaX/pkg/middleware/log.go:34] [GET=/device/product/list/all] [uid=1] [uname=panda] : 获取Product分页列表 ->8ms
2023-09-22 15:26:36.605 [INFO] [D:/workspace/go/project/PandaX/PandaX/pkg/middleware/log.go:34] [GET=/device/product/list/all] [uid=1] [uname=panda] : 获取Product分页列表 ->14ms
2023-09-22 15:26:36.619 [INFO] [D:/workspace/go/project/PandaX/PandaX/pkg/middleware/log.go:34] [uname=panda] [GET=/device/list] [uid=1] : 获取Device分页列表 ->38ms
2023-09-22 15:27:01.442 [INFO] [D:/workspace/go/project/PandaX/PandaX/iothub/hook.go:124] : 9GOIPOI6GQ断开连接
2023-09-22 15:27:05.578 [INFO] [D:/workspace/go/project/PandaX/PandaX/iothub/hook.go:153] : 账号9GOIPOI6GQ，密码YWRlMTA0MmYtMzc2MS0zZTljLThjNjAtMzNhMzg4ZjdkOGQ3,开始认证
2023-09-22 15:27:05.581 [INFO] [D:/workspace/go/project/PandaX/PandaX/iothub/hook.go:96] : Client emqx@172.17.0.5 Connected 
2023-09-22 15:27:05.606 [INFO] [D:/workspace/go/project/PandaX/PandaX/iothub/hook.go:178] : 9GOIPOI6GQ订阅了[name:"$dz/events/device/s7-device/data/update" name:"v1/devices/me/telemetry" name:"$hw/events/device/s7-device/twin/update" name:"v1/devices/me/rpc/request/+"]
2023-09-22 15:27:35.782 [INFO] [D:/workspace/go/project/PandaX/PandaX/pkg/middleware/log.go:34] [uname=panda] [GET=/device/product/list/all] [uid=1] : 获取Product分页列表 ->14ms
2023-09-22 15:27:35.789 [INFO] [D:/workspace/go/project/PandaX/PandaX/pkg/middleware/log.go:34] [uname=panda] [GET=/device/group/list/tree/label] [uid=1] : 获取DeviceGroup树 ->12ms
2023-09-22 15:27:35.789 [INFO] [D:/workspace/go/project/PandaX/PandaX/pkg/middleware/log.go:34] [GET=/device/list] [uid=1] [uname=panda] : 获取Device分页列表 ->32ms
2023-09-22 15:27:35.792 [INFO] [D:/workspace/go/project/PandaX/PandaX/pkg/middleware/log.go:34] [uname=panda] [GET=/system/dict/data/type] [uid=1] : 获取字典数据列表通过字典类型 ->8ms
2023-09-22 15:45:39.335 [INFO] [D:/workspace/go/project/PandaX/PandaX/pkg/middleware/log.go:34] [uname=panda] [GET=/device/group/list/tree/label] [uid=1] : 获取DeviceGroup树 ->21ms
2023-09-22 15:45:39.346 [INFO] [D:/workspace/go/project/PandaX/PandaX/pkg/middleware/log.go:34] [GET=/device/list] [uid=1] [uname=panda] : 获取Device分页列表 ->42ms
2023-09-22 15:45:39.349 [INFO] [D:/workspace/go/project/PandaX/PandaX/pkg/middleware/log.go:34] [uid=1] [uname=panda] [GET=/device/product/list/all] : 获取Product分页列表 ->16ms
2023-09-22 15:45:39.351 [INFO] [D:/workspace/go/project/PandaX/PandaX/pkg/middleware/log.go:34] [uname=panda] [GET=/system/dict/data/type] [uid=1] : 获取字典数据列表通过字典类型 ->7ms
2023-09-22 15:54:23.371 [INFO] [D:/workspace/go/project/PandaX/PandaX/pkg/middleware/log.go:34] [uid=1] [uname=panda] [GET=/device/group/list/tree/label] : 获取DeviceGroup树 ->17ms
2023-09-22 15:54:23.405 [INFO] [D:/workspace/go/project/PandaX/PandaX/pkg/middleware/log.go:34] [GET=/device/list] [uid=1] [uname=panda] : 获取Device分页列表 ->89ms
2023-09-22 15:54:23.407 [INFO] [D:/workspace/go/project/PandaX/PandaX/pkg/middleware/log.go:34] [GET=/system/dict/data/type] [uid=1] [uname=panda] : 获取字典数据列表通过字典类型 ->29ms
2023-09-22 15:54:23.450 [INFO] [D:/workspace/go/project/PandaX/PandaX/pkg/middleware/log.go:34] [GET=/device/product/list/all] [uid=1] [uname=panda] : 获取Product分页列表 ->36ms
2023-09-22 15:54:30.847 [INFO] [D:/workspace/go/project/PandaX/PandaX/pkg/middleware/log.go:34] [uid=1] [uname=panda] [GET=/rule/chain/log/list] : 获取规则引擎日志分页列表 ->16ms
2023-09-22 15:54:50.832 [INFO] [D:/workspace/go/project/PandaX/PandaX/pkg/middleware/log.go:34] [uid=1] [uname=panda] [GET=/log/logLogin/list] : 获取登录日志列表 ->8ms
2023-09-22 15:54:50.838 [INFO] [D:/workspace/go/project/PandaX/PandaX/pkg/middleware/log.go:34] [GET=/system/dict/data/type] [uid=1] [uname=panda] : 获取字典数据列表通过字典类型 ->6ms
2023-09-22 15:54:52.370 [INFO] [D:/workspace/go/project/PandaX/PandaX/pkg/middleware/log.go:34] [uid=1] [uname=panda] [GET=/system/dict/data/type] : 获取字典数据列表通过字典类型 ->7ms
2023-09-22 15:54:52.381 [INFO] [D:/workspace/go/project/PandaX/PandaX/pkg/middleware/log.go:34] [uname=panda] [GET=/log/logOper/list] [uid=1] : 获取操作日志列表 ->8ms
2023-09-22 15:54:52.387 [INFO] [D:/workspace/go/project/PandaX/PandaX/pkg/middleware/log.go:34] [uid=1] [uname=panda] [GET=/system/dict/data/type] : 获取字典数据列表通过字典类型 ->4ms
2023-09-22 15:54:58.485 [INFO] [D:/workspace/go/project/PandaX/PandaX/pkg/middleware/log.go:34] [uid=1] [uname=panda] [GET=/device/alarm/list] : 获取告警分页列表 ->40ms
2023-09-22 15:55:23.304 [INFO] [D:/workspace/go/project/PandaX/PandaX/pkg/middleware/log.go:34] [GET=/device/alarm/list] [uid=1] [uname=panda] : 获取告警分页列表 ->16ms
2023-09-22 15:57:01.903 [INFO] [D:/workspace/go/project/PandaX/PandaX/pkg/middleware/log.go:34] [GET=/log/logOper/list] [uid=1] [uname=panda] : 获取操作日志列表 ->9ms
2023-09-22 15:57:01.909 [INFO] [D:/workspace/go/project/PandaX/PandaX/pkg/middleware/log.go:34] [uname=panda] [GET=/system/dict/data/type] [uid=1] : 获取字典数据列表通过字典类型 ->6ms
2023-09-22 15:57:01.918 [INFO] [D:/workspace/go/project/PandaX/PandaX/pkg/middleware/log.go:34] [uid=1] [uname=panda] [GET=/system/dict/data/type] : 获取字典数据列表通过字典类型 ->6ms
2023-09-22 15:57:04.749 [INFO] [D:/workspace/go/project/PandaX/PandaX/pkg/middleware/log.go:34] [GET=/log/logOper/list] [uid=1] [uname=panda] : 获取操作日志列表 ->11ms
2023-09-22 15:57:04.755 [INFO] [D:/workspace/go/project/PandaX/PandaX/pkg/middleware/log.go:34] [uname=panda] [GET=/system/dict/data/type] [uid=1] : 获取字典数据列表通过字典类型 ->6ms
2023-09-22 15:57:04.783 [INFO] [D:/workspace/go/project/PandaX/PandaX/pkg/middleware/log.go:34] [uname=panda] [GET=/system/dict/data/type] [uid=1] : 获取字典数据列表通过字典类型 ->9ms
2023-09-22 15:59:21.625 [INFO] [D:/workspace/go/project/PandaX/PandaX/pkg/middleware/log.go:34] [GET=/log/logOper/list] [uid=1] [uname=panda] : 获取操作日志列表 ->15ms
2023-09-22 15:59:21.640 [INFO] [D:/workspace/go/project/PandaX/PandaX/pkg/middleware/log.go:34] [uid=1] [uname=panda] [GET=/system/dict/data/type] : 获取字典数据列表通过字典类型 ->17ms
2023-09-22 15:59:21.655 [INFO] [D:/workspace/go/project/PandaX/PandaX/pkg/middleware/log.go:34] [GET=/system/dict/data/type] [uid=1] [uname=panda] : 获取字典数据列表通过字典类型 ->8ms
2023-09-22 16:10:06.352 [INFO] [D:/workspace/go/project/PandaX/PandaX/pkg/middleware/log.go:34] [POST=/system/user/login] : 登录 ->243ms
2023-09-22 16:10:06.780 [INFO] [D:/workspace/go/project/PandaX/PandaX/pkg/middleware/log.go:34] [uid=1] [uname=panda] [GET=/system/user/auth] : 认证信息 ->406ms
2023-09-22 16:11:19.700 [INFO] [D:/workspace/go/project/PandaX/PandaX/pkg/middleware/log.go:34] [uid=1] [uname=panda] [GET=/system/dict/data/type] : 获取字典数据列表通过字典类型 ->21ms
2023-09-22 16:11:20.872 [INFO] [D:/workspace/go/project/PandaX/PandaX/pkg/middleware/log.go:34] [uname=panda] [GET=/log/logOper/list] [uid=1] : 获取操作日志列表 ->1166ms
2023-09-22 16:11:21.429 [INFO] [D:/workspace/go/project/PandaX/PandaX/pkg/middleware/log.go:34] [uname=panda] [GET=/system/dict/data/type] [uid=1] : 获取字典数据列表通过字典类型 ->837ms
2023-09-22 16:18:44.914 [INFO] [D:/workspace/go/project/PandaX/PandaX/pkg/middleware/log.go:34] [uid=1] [uname=panda] [GET=/develop/code/table/list] : 获取表列表 ->122ms
2023-09-22 16:18:47.116 [INFO] [D:/workspace/go/project/PandaX/PandaX/pkg/middleware/log.go:34] [uname=panda] [GET=/develop/code/gen/preview/3] [uid=1] : 获取生成代码视图 ->165ms
2023-09-22 16:19:39.403 [INFO] [D:/workspace/go/project/PandaX/PandaX/pkg/middleware/log.go:34] [GET=/device/alarm/list] [uid=1] [uname=panda] : 获取告警分页列表 ->17ms
2023-09-22 16:20:41.490 [INFO] [D:/workspace/go/project/PandaX/PandaX/pkg/middleware/log.go:34] [uid=1] [uname=panda] [GET=/device/alarm/list] : 获取告警分页列表 ->33ms
2023-09-22 16:20:52.369 [INFO] [D:/workspace/go/project/PandaX/PandaX/pkg/middleware/log.go:34] [uname=panda] [GET=/device/alarm/list] [uid=1] : 获取告警分页列表 ->31ms
2023-09-22 16:21:05.620 [INFO] [D:/workspace/go/project/PandaX/PandaX/iothub/hook.go:124] : 9GOIPOI6GQ断开连接
2023-09-22 16:21:11.128 [INFO] [D:/workspace/go/project/PandaX/PandaX/iothub/hook.go:153] : 账号9GOIPOI6GQ，密码YWRlMTA0MmYtMzc2MS0zZTljLThjNjAtMzNhMzg4ZjdkOGQ3,开始认证
2023-09-22 16:21:11.156 [INFO] [D:/workspace/go/project/PandaX/PandaX/iothub/hook.go:96] : Client emqx@172.17.0.5 Connected 
2023-09-22 16:21:11.659 [INFO] [D:/workspace/go/project/PandaX/PandaX/iothub/hook.go:178] : 9GOIPOI6GQ订阅了[name:"$dz/events/device/s7-device/data/update" name:"v1/devices/me/telemetry" name:"$hw/events/device/s7-device/twin/update" name:"v1/devices/me/rpc/request/+"]
2023-09-22 16:21:22.655 [INFO] [D:/workspace/go/project/PandaX/PandaX/pkg/middleware/log.go:34] [uid=1] [uname=panda] [GET=/device/alarm/list] : 获取告警分页列表 ->4094ms
2023-09-22 16:21:49.263 [INFO] [D:/workspace/go/project/PandaX/PandaX/pkg/middleware/log.go:34] [uname=panda] [GET=/device/alarm/list] [uid=1] : 获取告警分页列表 ->88ms
2023-09-22 16:22:23.428 [INFO] [D:/workspace/go/project/PandaX/PandaX/pkg/middleware/log.go:34] [GET=/device/alarm/list] [uid=1] [uname=panda] : 获取告警分页列表 ->103ms
2023-09-22 16:22:33.161 [INFO] [D:/workspace/go/project/PandaX/PandaX/pkg/middleware/log.go:34] [GET=/device/alarm/list] [uid=1] [uname=panda] : 获取告警分页列表 ->96ms
2023-09-22 16:22:58.258 [INFO] [D:/workspace/go/project/PandaX/PandaX/pkg/middleware/log.go:34] [GET=/device/alarm/list] [uid=1] [uname=panda] : 获取告警分页列表 ->2750ms
2023-09-22 16:23:30.849 [INFO] [D:/workspace/go/project/PandaX/PandaX/pkg/middleware/log.go:34] [uid=1] [uname=panda] [GET=/device/alarm/list] : 获取告警分页列表 ->79ms
2023-09-22 16:23:55.623 [INFO] [D:/workspace/go/project/PandaX/PandaX/pkg/middleware/log.go:34] [uname=panda] [GET=/device/alarm/list] [uid=1] : 获取告警分页列表 ->34ms
2023-09-22 16:24:16.040 [INFO] [D:/workspace/go/project/PandaX/PandaX/pkg/middleware/log.go:34] [uname=panda] [GET=/device/alarm/list] [uid=1] : 获取告警分页列表 ->1526ms
2023-09-22 16:24:32.804 [INFO] [D:/workspace/go/project/PandaX/PandaX/pkg/middleware/log.go:34] [uid=1] [uname=panda] [GET=/device/alarm/list] : 获取告警分页列表 ->3138ms
2023-09-22 16:24:53.914 [INFO] [D:/workspace/go/project/PandaX/PandaX/pkg/middleware/log.go:34] [uname=panda] [GET=/system/dict/data/type] [uid=1] : 获取字典数据列表通过字典类型 ->145ms
2023-09-22 16:24:54.178 [INFO] [D:/workspace/go/project/PandaX/PandaX/pkg/middleware/log.go:34] [uid=1] [uname=panda] [GET=/job/log/list] : 获取操作日志列表 ->262ms
2023-09-22 16:25:08.962 [INFO] [D:/workspace/go/project/PandaX/PandaX/pkg/middleware/log.go:34] [uid=1] [uname=panda] [GET=/rule/chain/log/list] : 获取规则引擎日志分页列表 ->278ms
2023-09-22 16:26:09.789 [INFO] [D:/workspace/go/project/PandaX/PandaX/pkg/middleware/log.go:34] [GET=/rule/chain/log/list] [uid=1] [uname=panda] : 获取规则引擎日志分页列表 ->142ms
2023-09-22 16:27:32.857 [INFO] [D:/workspace/go/project/PandaX/PandaX/pkg/middleware/log.go:34] [uname=panda] [GET=/rule/chain/log/list] [uid=1] : 获取规则引擎日志分页列表 ->77ms
2023-09-22 16:27:54.049 [INFO] [D:/workspace/go/project/PandaX/PandaX/pkg/middleware/log.go:34] [GET=/device/alarm/list] [uid=1] [uname=panda] : 获取告警分页列表 ->268ms
2023-09-22 16:28:09.393 [INFO] [D:/workspace/go/project/PandaX/PandaX/pkg/middleware/log.go:34] [uname=panda] [GET=/device/alarm/list] [uid=1] : 获取告警分页列表 ->259ms
2023-09-22 16:28:32.307 [INFO] [D:/workspace/go/project/PandaX/PandaX/pkg/middleware/log.go:34] [uname=panda] [GET=/device/alarm/list] [uid=1] : 获取告警分页列表 ->228ms
2023-09-22 16:29:38.556 [INFO] [D:/workspace/go/project/PandaX/PandaX/pkg/middleware/log.go:34] [uname=panda] [GET=/device/alarm/list] [uid=1] : 获取告警分页列表 ->69ms
2023-09-22 16:30:25.873 [INFO] [D:/workspace/go/project/PandaX/PandaX/pkg/middleware/log.go:34] [GET=/device/alarm/list] [uid=1] [uname=panda] : 获取告警分页列表 ->999ms
2023-09-22 16:32:01.414 [INFO] [D:/workspace/go/project/PandaX/PandaX/pkg/middleware/log.go:34] [uid=1] [uname=panda] [GET=/device/product/category/list/tree/label] : 获取ProductCategory树 ->7ms
2023-09-22 16:32:01.422 [INFO] [D:/workspace/go/project/PandaX/PandaX/pkg/middleware/log.go:34] [uid=1] [uname=panda] [GET=/device/product/list] : 获取Product分页列表 ->81ms
2023-09-22 16:32:01.449 [INFO] [D:/workspace/go/project/PandaX/PandaX/pkg/middleware/log.go:34] [uname=panda] [GET=/system/dict/data/type] [uid=1] : 获取字典数据列表通过字典类型 ->25ms
2023-09-22 16:32:01.598 [INFO] [D:/workspace/go/project/PandaX/PandaX/pkg/middleware/log.go:34] [GET=/upload/get/d7432e83df771fad85aa4e74235b0591_20230819092625.png] : 获取图片 ->24ms
2023-09-22 16:32:56.443 [INFO] [D:/workspace/go/project/PandaX/PandaX/pkg/middleware/log.go:34] [uid=1] [uname=panda] [GET=/device/template/list] : 获取Template分页列表 ->9ms
2023-09-22 16:32:59.471 [INFO] [D:/workspace/go/project/PandaX/PandaX/pkg/middleware/log.go:34] [uname=panda] [GET=/device/ota/list] [uid=1] : 获取Ota分页列表 ->10ms
2023-09-22 16:33:08.749 [INFO] [D:/workspace/go/project/PandaX/PandaX/pkg/middleware/log.go:34] [uid=1] [uname=panda] [GET=/device/product/list/all] : 获取Product分页列表 ->13ms
2023-09-22 16:33:08.759 [INFO] [D:/workspace/go/project/PandaX/PandaX/pkg/middleware/log.go:34] [GET=/device/list] [uid=1] [uname=panda] : 获取Device分页列表 ->32ms
2023-09-22 16:33:26.219 [INFO] [D:/workspace/go/project/PandaX/PandaX/pkg/middleware/log.go:34] [GET=/device/group/list/tree/label] [uid=1] [uname=panda] : 获取DeviceGroup树 ->14ms
2023-09-22 16:33:26.224 [INFO] [D:/workspace/go/project/PandaX/PandaX/pkg/middleware/log.go:34] [uid=1] [uname=panda] [GET=/device/product/list/all] : 获取Product分页列表 ->11ms
2023-09-22 16:33:26.224 [INFO] [D:/workspace/go/project/PandaX/PandaX/pkg/middleware/log.go:34] [uname=panda] [GET=/device/list] [uid=1] : 获取Device分页列表 ->30ms
2023-09-22 16:33:26.228 [INFO] [D:/workspace/go/project/PandaX/PandaX/pkg/middleware/log.go:34] [uname=panda] [GET=/system/dict/data/type] [uid=1] : 获取字典数据列表通过字典类型 ->5ms
2023-09-22 16:33:33.967 [INFO] [D:/workspace/go/project/PandaX/PandaX/pkg/middleware/log.go:34] [GET=/device/9GOIPOI6GQ/status] [uid=1] [uname=panda] : 获取Device状态信息 ->9ms
2023-09-22 16:33:37.872 [INFO] [D:/workspace/go/project/PandaX/PandaX/pkg/middleware/log.go:34] [GET=/device/product/category/list/tree/label] [uid=1] [uname=panda] : 获取ProductCategory树 ->7ms
2023-09-22 16:33:37.875 [INFO] [D:/workspace/go/project/PandaX/PandaX/pkg/middleware/log.go:34] [uid=1] [uname=panda] [GET=/device/product/list] : 获取Product分页列表 ->17ms
2023-09-22 16:33:37.879 [INFO] [D:/workspace/go/project/PandaX/PandaX/pkg/middleware/log.go:34] [uname=panda] [GET=/system/dict/data/type] [uid=1] : 获取字典数据列表通过字典类型 ->4ms
2023-09-22 16:33:37.926 [INFO] [D:/workspace/go/project/PandaX/PandaX/pkg/middleware/log.go:34] [GET=/upload/get/d7432e83df771fad85aa4e74235b0591_20230819092625.png] : 获取图片 ->0ms
2023-09-22 16:33:40.515 [INFO] [D:/workspace/go/project/PandaX/PandaX/pkg/middleware/log.go:34] [uid=1] [uname=panda] [GET=/device/template/list] : 获取Template分页列表 ->11ms
2023-09-22 16:37:43.716 [INFO] [D:/workspace/go/project/PandaX/PandaX/pkg/middleware/log.go:34] [uname=panda] [GET=/device/template/list] [uid=1] : 获取Template分页列表 ->40ms
2023-09-22 16:37:43.783 [INFO] [D:/workspace/go/project/PandaX/PandaX/pkg/middleware/log.go:34] [uname=panda] [GET=/device/template/list] [uid=1] : 获取Template分页列表 ->39ms
2023-09-22 16:39:11.428 [INFO] [D:/workspace/go/project/PandaX/PandaX/pkg/middleware/log.go:34] [uname=panda] [GET=/device/template/list] [uid=1] : 获取Template分页列表 ->54ms
2023-09-22 16:39:11.477 [INFO] [D:/workspace/go/project/PandaX/PandaX/pkg/middleware/log.go:34] [GET=/device/template/list] [uid=1] [uname=panda] : 获取Template分页列表 ->21ms

2023-09-22 16:55:52--------------------------------
2023-09-22 16:55:52.853 [INFO] [D:/workspace/go/pkg/mod/github.com/!panda!x!g!o/!panda!kit@v0.0.0-20230914055936-853aa978dda1/starter/gorm.go:36] : 连接mysql [root:!MyEMS1@tcp(127.0.0.1:3306)/pandax_iot?charset=utf8&loc=Local&parseTime=true]
2023-09-22 16:55:52.860 [INFO] [D:/workspace/go/project/PandaX/PandaX/main.go:46] : mysql连接成功
2023-09-22 16:55:52.861 [INFO] [D:/workspace/go/project/PandaX/PandaX/main.go:51] : Redis连接成功
2023-09-22 16:55:52.862 [INFO] [D:/workspace/go/project/PandaX/PandaX/main.go:58] : Tdengine连接成功
2023-09-22 16:55:52.871 [INFO] [D:/workspace/go/project/PandaX/PandaX/main.go:76] : 路由初始化完成
2023-09-22 16:55:52.871 [INFO] [D:/workspace/go/project/PandaX/PandaX/pkg/transport/http_server.go:38] : HTTP Server listen: :7788
2023-09-22 16:55:52.872 [INFO] [D:/workspace/go/project/PandaX/PandaX/iothub/hook.go:37] : IOTHUB HOOK Start SUCCESS,Grpc Server listen: :9001
2023-09-22 16:55:52.878 [INFO] [D:/workspace/go/project/PandaX/PandaX/apps/job/jobs/jobbase.go:87] : 2023-09-22 16:55:52 [INFO] JobCore start success.
2023-09-22 16:55:57.623 [INFO] [D:/workspace/go/project/PandaX/PandaX/iothub/hook.go:153] : 账号pandax，密码pandax,开始认证
2023-09-22 16:55:57.626 [INFO] [D:/workspace/go/project/PandaX/PandaX/iothub/hook.go:96] : Client emqx@172.17.0.5 Connected 
2023-09-22 16:56:02.100 [INFO] [D:/workspace/go/project/PandaX/PandaX/pkg/middleware/log.go:34] [uid=1] [uname=panda] [GET=/system/api/list] : 获取api分页列表 ->8ms
2023-09-22 16:56:02.107 [INFO] [D:/workspace/go/project/PandaX/PandaX/pkg/middleware/log.go:34] [GET=/system/dict/data/type] [uid=1] [uname=panda] : 获取字典数据列表通过字典类型 ->7ms
2023-09-22 16:56:09.688 [INFO] [D:/workspace/go/project/PandaX/PandaX/pkg/middleware/log.go:34] [uid=1] [uname=panda] [GET=/system/api/list] : 获取api分页列表 ->9ms
2023-09-22 16:56:16.595 [INFO] [D:/workspace/go/project/PandaX/PandaX/pkg/middleware/log.go:34] [uid=1] [uname=panda] [GET=/system/api/list] : 获取api分页列表 ->10ms
2023-09-22 16:56:27.857 [INFO] [D:/workspace/go/project/PandaX/PandaX/pkg/middleware/log.go:34] [uid=1] [uname=panda] [GET=/system/dict/data/type] : 获取字典数据列表通过字典类型 ->8ms
2023-09-22 16:56:56.665 [INFO] [D:/workspace/go/project/PandaX/PandaX/pkg/middleware/log.go:34] [uid=1] [uname=panda] [POST=/system/api] : 添加api信息 ->267ms
2023-09-22 16:56:56.771 [INFO] [D:/workspace/go/project/PandaX/PandaX/pkg/middleware/log.go:34] [uname=panda] [GET=/system/api/list] [uid=1] : 获取api分页列表 ->80ms
2023-09-22 16:56:59.001 [INFO] [D:/workspace/go/project/PandaX/PandaX/pkg/middleware/log.go:34] [GET=/system/menu/list] [uid=1] [uname=panda] : 获取菜单列表 ->8ms
2023-09-22 16:56:59.012 [INFO] [D:/workspace/go/project/PandaX/PandaX/pkg/middleware/log.go:34] [uid=1] [uname=panda] [GET=/system/dict/data/type] : 获取字典数据列表通过字典类型 ->11ms
2023-09-22 16:56:59.022 [INFO] [D:/workspace/go/project/PandaX/PandaX/pkg/middleware/log.go:34] [uname=panda] [GET=/system/dict/data/type] [uid=1] : 获取字典数据列表通过字典类型 ->7ms
2023-09-22 16:56:59.030 [INFO] [D:/workspace/go/project/PandaX/PandaX/pkg/middleware/log.go:34] [uid=1] [uname=panda] [GET=/system/dict/data/type] : 获取字典数据列表通过字典类型 ->4ms
2023-09-22 16:57:08.416 [INFO] [D:/workspace/go/project/PandaX/PandaX/pkg/middleware/log.go:34] [GET=/system/role/list] [uid=1] [uname=panda] : 获取角色分页列表 ->12ms
2023-09-22 16:57:08.418 [INFO] [D:/workspace/go/project/PandaX/PandaX/pkg/middleware/log.go:34] [uname=panda] [GET=/system/dict/data/type] [uid=1] : 获取字典数据列表通过字典类型 ->4ms
2023-09-22 16:57:10.577 [INFO] [D:/workspace/go/project/PandaX/PandaX/pkg/middleware/log.go:34] [uid=1] [uname=panda] [GET=/system/api/all] : 获取所有api ->5ms
2023-09-22 16:57:10.591 [INFO] [D:/workspace/go/project/PandaX/PandaX/pkg/middleware/log.go:34] [uname=panda] [GET=/system/menu/roleMenuTreeSelect/1] [uid=1] : 获取角色菜单树 ->12ms
2023-09-22 16:57:10.596 [INFO] [D:/workspace/go/project/PandaX/PandaX/pkg/middleware/log.go:34] [uid=1] [uname=panda] [GET=/system/role/1] : 获取角色信息 ->9ms
2023-09-22 16:57:10.780 [INFO] [D:/workspace/go/project/PandaX/PandaX/pkg/middleware/log.go:34] [GET=/system/api/getPolicyPathByRoleId] [uid=1] [uname=panda] : 获取角色拥有的api权限 ->67ms
2023-09-22 16:57:33.594 [INFO] [D:/workspace/go/project/PandaX/PandaX/pkg/middleware/log.go:34] [GET=/system/dict/data/type] [uid=1] [uname=panda] : 获取字典数据列表通过字典类型 ->4ms
2023-09-22 16:57:33.607 [INFO] [D:/workspace/go/project/PandaX/PandaX/pkg/middleware/log.go:34] [uname=panda] [GET=/system/api/list] [uid=1] : 获取api分页列表 ->9ms
2023-09-22 16:57:38.438 [INFO] [D:/workspace/go/project/PandaX/PandaX/pkg/middleware/log.go:34] [uid=1] [uname=panda] [GET=/system/api/list] : 获取api分页列表 ->8ms
2023-09-22 16:57:40.932 [INFO] [D:/workspace/go/project/PandaX/PandaX/pkg/middleware/log.go:34] [uid=1] [uname=panda] [GET=/system/api/list] : 获取api分页列表 ->9ms
2023-09-22 16:57:49.317 [INFO] [D:/workspace/go/project/PandaX/PandaX/pkg/middleware/log.go:34] [uid=1] [uname=panda] [GET=/system/dict/data/type] : 获取字典数据列表通过字典类型 ->4ms
2023-09-22 16:58:04.372 [INFO] [D:/workspace/go/project/PandaX/PandaX/pkg/middleware/log.go:34] [uid=1] [uname=panda] [PUT=/system/api] : 修改api信息 ->318ms
2023-09-22 16:58:04.407 [INFO] [D:/workspace/go/project/PandaX/PandaX/pkg/middleware/log.go:34] [GET=/system/api/list] [uid=1] [uname=panda] : 获取api分页列表 ->12ms
2023-09-22 16:58:06.512 [INFO] [D:/workspace/go/project/PandaX/PandaX/pkg/middleware/log.go:34] [uname=panda] [GET=/system/role/list] [uid=1] : 获取角色分页列表 ->12ms
2023-09-22 16:58:06.516 [INFO] [D:/workspace/go/project/PandaX/PandaX/pkg/middleware/log.go:34] [uname=panda] [GET=/system/dict/data/type] [uid=1] : 获取字典数据列表通过字典类型 ->4ms
2023-09-22 16:58:08.432 [INFO] [D:/workspace/go/project/PandaX/PandaX/pkg/middleware/log.go:34] [uid=1] [uname=panda] [GET=/system/api/all] : 获取所有api ->5ms
2023-09-22 16:58:08.443 [INFO] [D:/workspace/go/project/PandaX/PandaX/pkg/middleware/log.go:34] [GET=/system/menu/roleMenuTreeSelect/1] [uid=1] [uname=panda] : 获取角色菜单树 ->11ms
2023-09-22 16:58:08.448 [INFO] [D:/workspace/go/project/PandaX/PandaX/pkg/middleware/log.go:34] [uid=1] [uname=panda] [GET=/system/role/1] : 获取角色信息 ->9ms
2023-09-22 16:58:08.557 [INFO] [D:/workspace/go/project/PandaX/PandaX/pkg/middleware/log.go:34] [GET=/system/api/getPolicyPathByRoleId] [uid=1] [uname=panda] : 获取角色拥有的api权限 ->7ms
2023-09-22 16:58:16.463 [INFO] [D:/workspace/go/project/PandaX/PandaX/pkg/middleware/log.go:34] [uname=panda] [PUT=/system/role] [uid=1] : 修改角色信息 ->1183ms
2023-09-22 16:58:16.500 [INFO] [D:/workspace/go/project/PandaX/PandaX/pkg/middleware/log.go:34] [uname=panda] [GET=/system/role/list] [uid=1] : 获取角色分页列表 ->7ms
