2023-09-07 13:52:51.028 [INFO] [D:/workspace/go/project/PandaX/PandaX/pkg/middleware/log.go:34] [uname=panda] [GET=/device/group/list/tree/label] [uid=1] : 获取DeviceGroup树 ->83ms
2023-09-07 13:52:51.115 [INFO] [D:/workspace/go/project/PandaX/PandaX/pkg/middleware/log.go:34] [uid=1] [uname=panda] [GET=/system/dict/data/type] : 获取字典数据列表通过字典类型 ->89ms
2023-09-07 13:52:51.133 [INFO] [D:/workspace/go/project/PandaX/PandaX/pkg/middleware/log.go:34] [GET=/device/list] [uid=1] [uname=panda] : 获取Device分页列表 ->257ms
2023-09-07 13:52:51.311 [INFO] [D:/workspace/go/project/PandaX/PandaX/pkg/middleware/log.go:34] [uid=1] [uname=panda] [GET=/device/product/list/all] : 获取Product分页列表 ->177ms
2023-09-07 13:54:16.021 [INFO] [D:/workspace/go/project/PandaX/PandaX/pkg/middleware/log.go:34] [uname=panda] [GET=/device/group/list/tree/label] [uid=1] : 获取DeviceGroup树 ->45ms
2023-09-07 13:54:16.069 [INFO] [D:/workspace/go/project/PandaX/PandaX/pkg/middleware/log.go:34] [uname=panda] [GET=/system/dict/data/type] [uid=1] : 获取字典数据列表通过字典类型 ->41ms
2023-09-07 13:54:16.183 [INFO] [D:/workspace/go/project/PandaX/PandaX/pkg/middleware/log.go:34] [uname=panda] [GET=/device/product/list/all] [uid=1] : 获取Product分页列表 ->114ms
2023-09-07 13:54:16.266 [INFO] [D:/workspace/go/project/PandaX/PandaX/pkg/middleware/log.go:34] [uid=1] [uname=panda] [GET=/device/list] : 获取Device分页列表 ->158ms
2023-09-07 13:54:28.040 [INFO] [D:/workspace/go/project/PandaX/PandaX/pkg/middleware/log.go:34] [uid=1] [uname=panda] [GET=/device/group/list/tree/label] : 获取DeviceGroup树 ->5ms
2023-09-07 13:54:28.052 [INFO] [D:/workspace/go/project/PandaX/PandaX/pkg/middleware/log.go:34] [uid=1] [uname=panda] [GET=/device/list] : 获取Device分页列表 ->27ms
2023-09-07 13:54:28.064 [INFO] [D:/workspace/go/project/PandaX/PandaX/pkg/middleware/log.go:34] [uid=1] [uname=panda] [GET=/device/product/list/all] : 获取Product分页列表 ->17ms
2023-09-07 13:54:28.067 [INFO] [D:/workspace/go/project/PandaX/PandaX/pkg/middleware/log.go:34] [uid=1] [uname=panda] [GET=/system/dict/data/type] : 获取字典数据列表通过字典类型 ->5ms
2023-09-07 13:56:58.247 [INFO] [D:/workspace/go/project/PandaX/PandaX/pkg/middleware/log.go:34] [uname=panda] [GET=/system/dict/data/type] [uid=1] : 获取字典数据列表通过字典类型 ->55ms
2023-09-07 13:56:58.273 [INFO] [D:/workspace/go/project/PandaX/PandaX/pkg/middleware/log.go:34] [uname=panda] [GET=/device/product/list/all] [uid=1] : 获取Product分页列表 ->144ms
2023-09-07 13:56:58.294 [INFO] [D:/workspace/go/project/PandaX/PandaX/pkg/middleware/log.go:34] [GET=/device/group/list/tree/label] [uid=1] [uname=panda] : 获取DeviceGroup树 ->52ms
2023-09-07 13:56:58.448 [INFO] [D:/workspace/go/project/PandaX/PandaX/pkg/middleware/log.go:34] [uid=1] [uname=panda] [GET=/device/list] : 获取Device分页列表 ->134ms
2023-09-07 14:41:10.955 [INFO] [D:/workspace/go/project/PandaX/PandaX/pkg/middleware/log.go:34] [uid=1] [uname=panda] [GET=/device/group/list/tree/label] : 获取DeviceGroup树 ->11ms
2023-09-07 14:41:10.989 [INFO] [D:/workspace/go/project/PandaX/PandaX/pkg/middleware/log.go:34] [uname=panda] [GET=/device/list] [uid=1] : 获取Device分页列表 ->27ms
2023-09-07 14:41:10.991 [INFO] [D:/workspace/go/project/PandaX/PandaX/pkg/middleware/log.go:34] [uid=1] [uname=panda] [GET=/device/product/list/all] : 获取Product分页列表 ->13ms
2023-09-07 14:41:10.995 [INFO] [D:/workspace/go/project/PandaX/PandaX/pkg/middleware/log.go:34] [GET=/system/dict/data/type] [uid=1] [uname=panda] : 获取字典数据列表通过字典类型 ->7ms
2023-09-07 15:12:06.304 [INFO] [D:/workspace/go/project/PandaX/PandaX/pkg/middleware/log.go:34] [uid=1] [uname=panda] [GET=/device/group/list/tree/label] : 获取DeviceGroup树 ->46ms
2023-09-07 15:12:06.447 [INFO] [D:/workspace/go/project/PandaX/PandaX/pkg/middleware/log.go:34] [uname=panda] [GET=/device/product/list/all] [uid=1] : 获取Product分页列表 ->57ms
2023-09-07 15:12:06.449 [INFO] [D:/workspace/go/project/PandaX/PandaX/pkg/middleware/log.go:34] [uid=1] [uname=panda] [GET=/system/dict/data/type] : 获取字典数据列表通过字典类型 ->15ms
2023-09-07 15:12:06.480 [INFO] [D:/workspace/go/project/PandaX/PandaX/pkg/middleware/log.go:34] [uid=1] [uname=panda] [GET=/device/list] : 获取Device分页列表 ->171ms
2023-09-07 15:13:29.403 [INFO] [D:/workspace/go/project/PandaX/PandaX/pkg/middleware/log.go:34] [uname=panda] [GET=/system/dict/data/type] [uid=1] : 获取字典数据列表通过字典类型 ->25ms
2023-09-07 15:13:29.440 [INFO] [D:/workspace/go/project/PandaX/PandaX/pkg/middleware/log.go:34] [GET=/device/group/list/tree/label] [uid=1] [uname=panda] : 获取DeviceGroup树 ->17ms
2023-09-07 15:13:29.449 [INFO] [D:/workspace/go/project/PandaX/PandaX/pkg/middleware/log.go:34] [uname=panda] [GET=/device/product/list/all] [uid=1] : 获取Product分页列表 ->42ms
2023-09-07 15:13:29.713 [INFO] [D:/workspace/go/project/PandaX/PandaX/pkg/middleware/log.go:34] [uid=1] [uname=panda] [GET=/device/list] : 获取Device分页列表 ->266ms
2023-09-07 15:14:23.724 [INFO] [D:/workspace/go/project/PandaX/PandaX/pkg/middleware/log.go:34] [uname=panda] [GET=/device/group/list/tree/label] [uid=1] : 获取DeviceGroup树 ->59ms
2023-09-07 15:14:23.838 [INFO] [D:/workspace/go/project/PandaX/PandaX/pkg/middleware/log.go:34] [uname=panda] [GET=/device/list] [uid=1] : 获取Device分页列表 ->240ms
2023-09-07 15:14:23.839 [INFO] [D:/workspace/go/project/PandaX/PandaX/pkg/middleware/log.go:34] [uname=panda] [GET=/device/product/list/all] [uid=1] : 获取Product分页列表 ->109ms
2023-09-07 15:14:23.840 [INFO] [D:/workspace/go/project/PandaX/PandaX/pkg/middleware/log.go:34] [uid=1] [uname=panda] [GET=/system/dict/data/type] : 获取字典数据列表通过字典类型 ->83ms
2023-09-07 15:14:47.432 [INFO] [D:/workspace/go/project/PandaX/PandaX/pkg/middleware/log.go:34] [uid=1] [uname=panda] [GET=/system/dict/data/type] : 获取字典数据列表通过字典类型 ->31ms
2023-09-07 15:14:47.685 [INFO] [D:/workspace/go/project/PandaX/PandaX/pkg/middleware/log.go:34] [uid=1] [uname=panda] [GET=/device/group/list/tree/label] : 获取DeviceGroup树 ->165ms
2023-09-07 15:14:47.686 [INFO] [D:/workspace/go/project/PandaX/PandaX/pkg/middleware/log.go:34] [uid=1] [uname=panda] [GET=/device/product/list/all] : 获取Product分页列表 ->214ms
2023-09-07 15:14:47.749 [INFO] [D:/workspace/go/project/PandaX/PandaX/pkg/middleware/log.go:34] [GET=/device/list] [uid=1] [uname=panda] : 获取Device分页列表 ->46ms
2023-09-07 15:15:08.731 [INFO] [D:/workspace/go/project/PandaX/PandaX/pkg/middleware/log.go:34] [GET=/system/dict/data/type] [uid=1] [uname=panda] : 获取字典数据列表通过字典类型 ->30ms
2023-09-07 15:15:08.767 [INFO] [D:/workspace/go/project/PandaX/PandaX/pkg/middleware/log.go:34] [uid=1] [uname=panda] [GET=/device/group/list/tree/label] : 获取DeviceGroup树 ->31ms
2023-09-07 15:15:08.839 [INFO] [D:/workspace/go/project/PandaX/PandaX/pkg/middleware/log.go:34] [uid=1] [uname=panda] [GET=/device/product/list/all] : 获取Product分页列表 ->28ms
2023-09-07 15:15:08.863 [INFO] [D:/workspace/go/project/PandaX/PandaX/pkg/middleware/log.go:34] [uid=1] [uname=panda] [GET=/device/list] : 获取Device分页列表 ->77ms
2023-09-07 15:15:20.316 [INFO] [D:/workspace/go/project/PandaX/PandaX/pkg/middleware/log.go:34] [uname=panda] [GET=/device/group/list/tree/label] [uid=1] : 获取DeviceGroup树 ->49ms
2023-09-07 15:15:20.547 [INFO] [D:/workspace/go/project/PandaX/PandaX/pkg/middleware/log.go:34] [uid=1] [uname=panda] [GET=/system/dict/data/type] : 获取字典数据列表通过字典类型 ->148ms
2023-09-07 15:15:20.554 [INFO] [D:/workspace/go/project/PandaX/PandaX/pkg/middleware/log.go:34] [uid=1] [uname=panda] [GET=/device/product/list/all] : 获取Product分页列表 ->230ms
2023-09-07 15:15:20.581 [INFO] [D:/workspace/go/project/PandaX/PandaX/pkg/middleware/log.go:34] [uname=panda] [GET=/device/list] [uid=1] : 获取Device分页列表 ->446ms
2023-09-07 15:16:44.906 [INFO] [D:/workspace/go/project/PandaX/PandaX/pkg/middleware/log.go:34] [GET=/device/product/list/all] [uid=1] [uname=panda] : 获取Product分页列表 ->84ms
2023-09-07 15:16:44.915 [INFO] [D:/workspace/go/project/PandaX/PandaX/pkg/middleware/log.go:34] [uid=1] [uname=panda] [GET=/device/list] : 获取Device分页列表 ->113ms
2023-09-07 15:16:44.940 [INFO] [D:/workspace/go/project/PandaX/PandaX/pkg/middleware/log.go:34] [uid=1] [uname=panda] [GET=/device/group/list/tree/label] : 获取DeviceGroup树 ->26ms
2023-09-07 15:16:45.052 [INFO] [D:/workspace/go/project/PandaX/PandaX/pkg/middleware/log.go:34] [uid=1] [uname=panda] [GET=/system/dict/data/type] : 获取字典数据列表通过字典类型 ->43ms
2023-09-07 15:20:05.043 [INFO] [D:/workspace/go/project/PandaX/PandaX/pkg/middleware/log.go:34] [uname=panda] [GET=/device/group/list/tree/label] [uid=1] : 获取DeviceGroup树 ->29ms
2023-09-07 15:20:05.242 [INFO] [D:/workspace/go/project/PandaX/PandaX/pkg/middleware/log.go:34] [uid=1] [uname=panda] [GET=/device/list] : 获取Device分页列表 ->243ms
2023-09-07 15:20:05.294 [INFO] [D:/workspace/go/project/PandaX/PandaX/pkg/middleware/log.go:34] [GET=/device/product/list/all] [uid=1] [uname=panda] : 获取Product分页列表 ->242ms
2023-09-07 15:20:05.295 [INFO] [D:/workspace/go/project/PandaX/PandaX/pkg/middleware/log.go:34] [uid=1] [uname=panda] [GET=/system/dict/data/type] : 获取字典数据列表通过字典类型 ->89ms
2023-09-07 15:20:28.738 [INFO] [D:/workspace/go/project/PandaX/PandaX/pkg/middleware/log.go:34] [uid=1] [uname=panda] [GET=/device/group/list/tree/label] : 获取DeviceGroup树 ->27ms
2023-09-07 15:20:28.783 [INFO] [D:/workspace/go/project/PandaX/PandaX/pkg/middleware/log.go:34] [uid=1] [uname=panda] [GET=/device/product/list/all] : 获取Product分页列表 ->40ms
2023-09-07 15:20:28.796 [INFO] [D:/workspace/go/project/PandaX/PandaX/pkg/middleware/log.go:34] [uid=1] [uname=panda] [GET=/system/dict/data/type] : 获取字典数据列表通过字典类型 ->12ms
2023-09-07 15:20:28.854 [INFO] [D:/workspace/go/project/PandaX/PandaX/pkg/middleware/log.go:34] [GET=/device/list] [uid=1] [uname=panda] : 获取Device分页列表 ->52ms
2023-09-07 15:22:07.817 [INFO] [D:/workspace/go/project/PandaX/PandaX/pkg/middleware/log.go:34] [uname=panda] [GET=/device/product/list/all] [uid=1] : 获取Product分页列表 ->33ms
2023-09-07 15:22:07.828 [INFO] [D:/workspace/go/project/PandaX/PandaX/pkg/middleware/log.go:34] [uid=1] [uname=panda] [GET=/device/list] : 获取Device分页列表 ->67ms
2023-09-07 15:22:07.828 [INFO] [D:/workspace/go/project/PandaX/PandaX/pkg/middleware/log.go:34] [GET=/system/dict/data/type] [uid=1] [uname=panda] : 获取字典数据列表通过字典类型 ->26ms
2023-09-07 15:22:07.843 [INFO] [D:/workspace/go/project/PandaX/PandaX/pkg/middleware/log.go:34] [uid=1] [uname=panda] [GET=/device/group/list/tree/label] : 获取DeviceGroup树 ->7ms
2023-09-07 15:22:39.264 [INFO] [D:/workspace/go/project/PandaX/PandaX/pkg/middleware/log.go:34] [uid=1] [uname=panda] [GET=/device/group/list/tree/label] : 获取DeviceGroup树 ->8ms
2023-09-07 15:22:39.274 [INFO] [D:/workspace/go/project/PandaX/PandaX/pkg/middleware/log.go:34] [uname=panda] [GET=/device/list] [uid=1] : 获取Device分页列表 ->29ms
2023-09-07 15:22:39.289 [INFO] [D:/workspace/go/project/PandaX/PandaX/pkg/middleware/log.go:34] [uname=panda] [GET=/device/product/list/all] [uid=1] : 获取Product分页列表 ->18ms
2023-09-07 15:22:39.299 [INFO] [D:/workspace/go/project/PandaX/PandaX/pkg/middleware/log.go:34] [GET=/system/dict/data/type] [uid=1] [uname=panda] : 获取字典数据列表通过字典类型 ->15ms
2023-09-07 15:27:47.096 [INFO] [D:/workspace/go/project/PandaX/PandaX/pkg/middleware/log.go:34] [uname=panda] [GET=/device/group/list/tree/label] [uid=1] : 获取DeviceGroup树 ->8ms
2023-09-07 15:27:47.132 [INFO] [D:/workspace/go/project/PandaX/PandaX/pkg/middleware/log.go:34] [uid=1] [uname=panda] [GET=/device/list] : 获取Device分页列表 ->73ms
2023-09-07 15:27:47.144 [INFO] [D:/workspace/go/project/PandaX/PandaX/pkg/middleware/log.go:34] [uid=1] [uname=panda] [GET=/device/product/list/all] : 获取Product分页列表 ->39ms
2023-09-07 15:27:47.156 [INFO] [D:/workspace/go/project/PandaX/PandaX/pkg/middleware/log.go:34] [uid=1] [uname=panda] [GET=/system/dict/data/type] : 获取字典数据列表通过字典类型 ->8ms
2023-09-07 15:28:06.287 [INFO] [D:/workspace/go/project/PandaX/PandaX/pkg/middleware/log.go:34] [uid=1] [uname=panda] [GET=/device/group/list/tree/label] : 获取DeviceGroup树 ->6ms
2023-09-07 15:28:06.300 [INFO] [D:/workspace/go/project/PandaX/PandaX/pkg/middleware/log.go:34] [uid=1] [uname=panda] [GET=/device/list] : 获取Device分页列表 ->33ms
2023-09-07 15:28:06.311 [INFO] [D:/workspace/go/project/PandaX/PandaX/pkg/middleware/log.go:34] [uid=1] [uname=panda] [GET=/device/product/list/all] : 获取Product分页列表 ->16ms
2023-09-07 15:28:06.312 [INFO] [D:/workspace/go/project/PandaX/PandaX/pkg/middleware/log.go:34] [GET=/system/dict/data/type] [uid=1] [uname=panda] : 获取字典数据列表通过字典类型 ->6ms
2023-09-07 15:28:21.270 [INFO] [D:/workspace/go/project/PandaX/PandaX/pkg/middleware/log.go:34] [GET=/device/group/list/tree/label] [uid=1] [uname=panda] : 获取DeviceGroup树 ->11ms
2023-09-07 15:28:21.301 [INFO] [D:/workspace/go/project/PandaX/PandaX/pkg/middleware/log.go:34] [uname=panda] [GET=/device/list] [uid=1] : 获取Device分页列表 ->58ms
2023-09-07 15:28:21.332 [INFO] [D:/workspace/go/project/PandaX/PandaX/pkg/middleware/log.go:34] [uid=1] [uname=panda] [GET=/system/dict/data/type] : 获取字典数据列表通过字典类型 ->34ms
2023-09-07 15:28:21.332 [INFO] [D:/workspace/go/project/PandaX/PandaX/pkg/middleware/log.go:34] [GET=/device/product/list/all] [uid=1] [uname=panda] : 获取Product分页列表 ->52ms
2023-09-07 15:28:32.853 [INFO] [D:/workspace/go/project/PandaX/PandaX/pkg/middleware/log.go:34] [uname=panda] [GET=/device/group/list/tree/label] [uid=1] : 获取DeviceGroup树 ->8ms
2023-09-07 15:28:32.881 [INFO] [D:/workspace/go/project/PandaX/PandaX/pkg/middleware/log.go:34] [uid=1] [uname=panda] [GET=/device/list] : 获取Device分页列表 ->48ms
2023-09-07 15:28:32.886 [INFO] [D:/workspace/go/project/PandaX/PandaX/pkg/middleware/log.go:34] [GET=/device/product/list/all] [uid=1] [uname=panda] : 获取Product分页列表 ->25ms
2023-09-07 15:28:32.888 [INFO] [D:/workspace/go/project/PandaX/PandaX/pkg/middleware/log.go:34] [uname=panda] [GET=/system/dict/data/type] [uid=1] : 获取字典数据列表通过字典类型 ->7ms
2023-09-07 15:28:50.150 [INFO] [D:/workspace/go/project/PandaX/PandaX/pkg/middleware/log.go:34] [uid=1] [uname=panda] [GET=/device/group/list/tree/label] : 获取DeviceGroup树 ->5ms
2023-09-07 15:28:50.180 [INFO] [D:/workspace/go/project/PandaX/PandaX/pkg/middleware/log.go:34] [uid=1] [uname=panda] [GET=/device/list] : 获取Device分页列表 ->46ms
2023-09-07 15:28:50.183 [INFO] [D:/workspace/go/project/PandaX/PandaX/pkg/middleware/log.go:34] [uid=1] [uname=panda] [GET=/device/product/list/all] : 获取Product分页列表 ->26ms
2023-09-07 15:28:50.185 [INFO] [D:/workspace/go/project/PandaX/PandaX/pkg/middleware/log.go:34] [uid=1] [uname=panda] [GET=/system/dict/data/type] : 获取字典数据列表通过字典类型 ->7ms
2023-09-07 15:29:15.334 [INFO] [D:/workspace/go/project/PandaX/PandaX/pkg/middleware/log.go:34] [uid=1] [uname=panda] [GET=/device/group/list/tree/label] : 获取DeviceGroup树 ->5ms
2023-09-07 15:29:15.388 [INFO] [D:/workspace/go/project/PandaX/PandaX/pkg/middleware/log.go:34] [uname=panda] [GET=/device/product/list/all] [uid=1] : 获取Product分页列表 ->27ms
2023-09-07 15:29:15.395 [INFO] [D:/workspace/go/project/PandaX/PandaX/pkg/middleware/log.go:34] [GET=/system/dict/data/type] [uid=1] [uname=panda] : 获取字典数据列表通过字典类型 ->9ms
2023-09-07 15:29:15.397 [INFO] [D:/workspace/go/project/PandaX/PandaX/pkg/middleware/log.go:34] [uname=panda] [GET=/device/list] [uid=1] : 获取Device分页列表 ->55ms
2023-09-07 15:31:45.793 [INFO] [D:/workspace/go/project/PandaX/PandaX/pkg/middleware/log.go:34] [uid=1] [uname=panda] [GET=/device/list] : 获取Device分页列表 ->1183ms
2023-09-07 15:32:12.706 [INFO] [D:/workspace/go/project/PandaX/PandaX/pkg/middleware/log.go:34] [uid=1] [uname=panda] [GET=/device/list] : 获取Device分页列表 ->108ms
2023-09-07 15:34:41.767 [INFO] [D:/workspace/go/project/PandaX/PandaX/pkg/middleware/log.go:34] [uname=panda] [GET=/device/list] [uid=1] : 获取Device分页列表 ->115ms
2023-09-07 15:35:52.557 [INFO] [D:/workspace/go/project/PandaX/PandaX/pkg/middleware/log.go:34] [GET=/device/list] [uid=1] [uname=panda] : 获取Device分页列表 ->19ms
2023-09-07 15:54:11.636 [INFO] [D:/workspace/go/project/PandaX/PandaX/pkg/middleware/log.go:34] [uname=panda] [GET=/device/product/list/all] [uid=1] : 获取Product分页列表 ->18ms
2023-09-07 15:54:11.640 [INFO] [D:/workspace/go/project/PandaX/PandaX/pkg/middleware/log.go:34] [uname=panda] [GET=/device/list] [uid=1] : 获取Device分页列表 ->64ms
2023-09-07 15:57:06.857 [INFO] [D:/workspace/go/project/PandaX/PandaX/pkg/middleware/log.go:34] [uid=1] [uname=panda] [GET=/device/product/list/all] : 获取Product分页列表 ->436ms
2023-09-07 15:57:06.867 [INFO] [D:/workspace/go/project/PandaX/PandaX/pkg/middleware/log.go:34] [uname=panda] [GET=/device/list] [uid=1] : 获取Device分页列表 ->458ms
2023-09-07 15:57:11.511 [INFO] [D:/workspace/go/project/PandaX/PandaX/pkg/middleware/log.go:34] [uid=1] [uname=panda] [GET=/device/product/list/all] : 获取Product分页列表 ->256ms
2023-09-07 15:57:11.664 [INFO] [D:/workspace/go/project/PandaX/PandaX/pkg/middleware/log.go:34] [GET=/device/list] [uid=1] [uname=panda] : 获取Device分页列表 ->291ms
2023-09-07 16:02:30.927 [INFO] [D:/workspace/go/project/PandaX/PandaX/pkg/middleware/log.go:34] [uid=1] [uname=panda] [GET=/device/product/list/all] : 获取Product分页列表 ->259ms
2023-09-07 16:02:30.984 [INFO] [D:/workspace/go/project/PandaX/PandaX/pkg/middleware/log.go:34] [uname=panda] [GET=/device/list] [uid=1] : 获取Device分页列表 ->42ms
2023-09-07 16:03:33.430 [INFO] [D:/workspace/go/project/PandaX/PandaX/pkg/middleware/log.go:34] [uid=1] [uname=panda] [GET=/device/product/list/all] : 获取Product分页列表 ->12ms
2023-09-07 16:03:33.431 [INFO] [D:/workspace/go/project/PandaX/PandaX/pkg/middleware/log.go:34] [uname=panda] [GET=/device/list] [uid=1] : 获取Device分页列表 ->29ms
2023-09-07 16:04:42.273 [INFO] [D:/workspace/go/project/PandaX/PandaX/pkg/middleware/log.go:34] [uid=1] [uname=panda] [GET=/device/product/list/all] : 获取Product分页列表 ->104ms
2023-09-07 16:04:42.462 [INFO] [D:/workspace/go/project/PandaX/PandaX/pkg/middleware/log.go:34] [GET=/device/list] [uid=1] [uname=panda] : 获取Device分页列表 ->234ms
2023-09-07 16:05:58.620 [INFO] [D:/workspace/go/project/PandaX/PandaX/pkg/middleware/log.go:34] [uid=1] [uname=panda] [GET=/device/product/list/all] : 获取Product分页列表 ->15ms
2023-09-07 16:05:58.622 [INFO] [D:/workspace/go/project/PandaX/PandaX/pkg/middleware/log.go:34] [uname=panda] [GET=/device/list] [uid=1] : 获取Device分页列表 ->29ms
2023-09-07 16:07:48.956 [INFO] [D:/workspace/go/project/PandaX/PandaX/pkg/middleware/log.go:34] [uname=panda] [GET=/device/product/list/all] [uid=1] : 获取Product分页列表 ->10ms
2023-09-07 16:07:48.973 [INFO] [D:/workspace/go/project/PandaX/PandaX/pkg/middleware/log.go:34] [uname=panda] [GET=/device/list] [uid=1] : 获取Device分页列表 ->19ms
2023-09-07 16:09:06.751 [INFO] [D:/workspace/go/project/PandaX/PandaX/pkg/middleware/log.go:34] [uid=1] [uname=panda] [GET=/device/product/list/all] : 获取Product分页列表 ->729ms
2023-09-07 16:09:06.774 [INFO] [D:/workspace/go/project/PandaX/PandaX/pkg/middleware/log.go:34] [uid=1] [uname=panda] [GET=/device/list] : 获取Device分页列表 ->1243ms
2023-09-07 16:09:11.133 [INFO] [D:/workspace/go/project/PandaX/PandaX/pkg/middleware/log.go:34] [uid=1] [uname=panda] [GET=/device/product/list/all] : 获取Product分页列表 ->890ms
2023-09-07 16:09:11.241 [INFO] [D:/workspace/go/project/PandaX/PandaX/pkg/middleware/log.go:34] [GET=/device/list] [uid=1] [uname=panda] : 获取Device分页列表 ->1171ms
2023-09-07 16:09:14.701 [INFO] [D:/workspace/go/project/PandaX/PandaX/pkg/middleware/log.go:34] [GET=/device/product/list/all] [uid=1] [uname=panda] : 获取Product分页列表 ->169ms
2023-09-07 16:09:14.731 [INFO] [D:/workspace/go/project/PandaX/PandaX/pkg/middleware/log.go:34] [uid=1] [uname=panda] [GET=/device/list] : 获取Device分页列表 ->283ms
2023-09-07 16:09:38.518 [INFO] [D:/workspace/go/project/PandaX/PandaX/pkg/middleware/log.go:34] [uname=panda] [GET=/device/product/list/all] [uid=1] : 获取Product分页列表 ->80ms
2023-09-07 16:09:38.769 [INFO] [D:/workspace/go/project/PandaX/PandaX/pkg/middleware/log.go:34] [uid=1] [uname=panda] [GET=/device/list] : 获取Device分页列表 ->267ms
2023-09-07 16:09:42.246 [INFO] [D:/workspace/go/project/PandaX/PandaX/pkg/middleware/log.go:34] [uid=1] [uname=panda] [GET=/device/product/list/all] : 获取Product分页列表 ->340ms
2023-09-07 16:09:42.419 [INFO] [D:/workspace/go/project/PandaX/PandaX/pkg/middleware/log.go:34] [uid=1] [uname=panda] [GET=/device/list] : 获取Device分页列表 ->747ms
2023-09-07 16:15:09.993 [INFO] [D:/workspace/go/project/PandaX/PandaX/pkg/middleware/log.go:34] [uid=1] [uname=panda] [GET=/device/product/list/all] : 获取Product分页列表 ->369ms
2023-09-07 16:15:10.160 [INFO] [D:/workspace/go/project/PandaX/PandaX/pkg/middleware/log.go:34] [uid=1] [uname=panda] [GET=/device/list] : 获取Device分页列表 ->403ms
2023-09-07 16:15:17.985 [INFO] [D:/workspace/go/project/PandaX/PandaX/pkg/middleware/log.go:34] [uid=1] [uname=panda] [GET=/device/product/list/all] : 获取Product分页列表 ->95ms
2023-09-07 16:15:18.159 [INFO] [D:/workspace/go/project/PandaX/PandaX/pkg/middleware/log.go:34] [uid=1] [uname=panda] [GET=/device/list] : 获取Device分页列表 ->211ms
2023-09-07 16:17:06.787 [INFO] [D:/workspace/go/project/PandaX/PandaX/pkg/middleware/log.go:34] [uid=1] [uname=panda] [GET=/device/product/list/all] : 获取Product分页列表 ->344ms
2023-09-07 16:17:06.921 [INFO] [D:/workspace/go/project/PandaX/PandaX/pkg/middleware/log.go:34] [GET=/device/list] [uid=1] [uname=panda] : 获取Device分页列表 ->214ms
2023-09-07 16:17:11.902 [INFO] [D:/workspace/go/project/PandaX/PandaX/pkg/middleware/log.go:34] [uname=panda] [GET=/device/product/list/all] [uid=1] : 获取Product分页列表 ->165ms
2023-09-07 16:17:11.965 [INFO] [D:/workspace/go/project/PandaX/PandaX/pkg/middleware/log.go:34] [GET=/device/list] [uid=1] [uname=panda] : 获取Device分页列表 ->289ms
2023-09-07 16:18:34.589 [INFO] [D:/workspace/go/project/PandaX/PandaX/pkg/middleware/log.go:34] [uid=1] [uname=panda] [GET=/device/product/list/all] : 获取Product分页列表 ->296ms
2023-09-07 16:18:34.655 [INFO] [D:/workspace/go/project/PandaX/PandaX/pkg/middleware/log.go:34] [uid=1] [uname=panda] [GET=/device/list] : 获取Device分页列表 ->554ms
2023-09-07 16:18:38.893 [INFO] [D:/workspace/go/project/PandaX/PandaX/pkg/middleware/log.go:34] [uid=1] [uname=panda] [GET=/device/product/list/all] : 获取Product分页列表 ->144ms
2023-09-07 16:18:39.190 [INFO] [D:/workspace/go/project/PandaX/PandaX/pkg/middleware/log.go:34] [uid=1] [uname=panda] [GET=/device/list] : 获取Device分页列表 ->380ms
2023-09-07 16:25:33.761 [INFO] [D:/workspace/go/project/PandaX/PandaX/pkg/middleware/log.go:34] [uname=panda] [GET=/device/product/list/all] [uid=1] : 获取Product分页列表 ->429ms
2023-09-07 16:25:34.470 [INFO] [D:/workspace/go/project/PandaX/PandaX/pkg/middleware/log.go:34] [uid=1] [uname=panda] [GET=/device/list] : 获取Device分页列表 ->1091ms
2023-09-07 16:25:37.940 [INFO] [D:/workspace/go/project/PandaX/PandaX/pkg/middleware/log.go:34] [uid=1] [uname=panda] [GET=/device/product/list/all] : 获取Product分页列表 ->91ms
2023-09-07 16:25:37.950 [INFO] [D:/workspace/go/project/PandaX/PandaX/pkg/middleware/log.go:34] [GET=/device/list] [uid=1] [uname=panda] : 获取Device分页列表 ->212ms
2023-09-07 16:27:10.937 [INFO] [D:/workspace/go/project/PandaX/PandaX/pkg/middleware/log.go:34] [uid=1] [uname=panda] [GET=/device/product/list/all] : 获取Product分页列表 ->100ms
2023-09-07 16:27:10.958 [INFO] [D:/workspace/go/project/PandaX/PandaX/pkg/middleware/log.go:34] [uid=1] [uname=panda] [GET=/device/list] : 获取Device分页列表 ->143ms
2023-09-07 16:33:51.375 [INFO] [D:/workspace/go/project/PandaX/PandaX/pkg/middleware/log.go:34] [GET=/device/list] [uid=1] [uname=panda] : 获取Device分页列表 ->20ms
2023-09-07 16:33:51.375 [INFO] [D:/workspace/go/project/PandaX/PandaX/pkg/middleware/log.go:34] [uid=1] [uname=panda] [GET=/device/product/list/all] : 获取Product分页列表 ->11ms
2023-09-07 16:34:53.779 [INFO] [D:/workspace/go/project/PandaX/PandaX/pkg/middleware/log.go:34] [uid=1] [uname=panda] [GET=/device/product/list/all] : 获取Product分页列表 ->110ms
2023-09-07 16:34:53.919 [INFO] [D:/workspace/go/project/PandaX/PandaX/pkg/middleware/log.go:34] [uid=1] [uname=panda] [GET=/device/list] : 获取Device分页列表 ->211ms
2023-09-07 16:36:21.542 [INFO] [D:/workspace/go/project/PandaX/PandaX/pkg/middleware/log.go:34] [uid=1] [uname=panda] [GET=/device/product/list/all] : 获取Product分页列表 ->12ms
2023-09-07 16:36:21.567 [INFO] [D:/workspace/go/project/PandaX/PandaX/pkg/middleware/log.go:34] [GET=/device/list] [uid=1] [uname=panda] : 获取Device分页列表 ->27ms
2023-09-07 16:37:28.385 [INFO] [D:/workspace/go/project/PandaX/PandaX/pkg/middleware/log.go:34] [GET=/device/product/list/all] [uid=1] [uname=panda] : 获取Product分页列表 ->37ms
2023-09-07 16:37:28.461 [INFO] [D:/workspace/go/project/PandaX/PandaX/pkg/middleware/log.go:34] [GET=/device/list] [uid=1] [uname=panda] : 获取Device分页列表 ->91ms
2023-09-07 16:38:19.164 [INFO] [D:/workspace/go/project/PandaX/PandaX/pkg/middleware/log.go:34] [uid=1] [uname=panda] [GET=/device/product/list/all] : 获取Product分页列表 ->29ms
2023-09-07 16:38:19.178 [INFO] [D:/workspace/go/project/PandaX/PandaX/pkg/middleware/log.go:34] [uid=1] [uname=panda] [GET=/device/list] : 获取Device分页列表 ->58ms
2023-09-07 16:38:30.495 [INFO] [D:/workspace/go/project/PandaX/PandaX/pkg/middleware/log.go:34] [uname=panda] [GET=/device/list] [uid=1] : 获取Device分页列表 ->24ms
2023-09-07 16:38:30.497 [INFO] [D:/workspace/go/project/PandaX/PandaX/pkg/middleware/log.go:34] [uname=panda] [GET=/device/product/list/all] [uid=1] : 获取Product分页列表 ->14ms
2023-09-07 16:39:43.832 [INFO] [D:/workspace/go/project/PandaX/PandaX/pkg/middleware/log.go:34] [uid=1] [uname=panda] [GET=/device/product/list/all] : 获取Product分页列表 ->48ms
2023-09-07 16:39:43.867 [INFO] [D:/workspace/go/project/PandaX/PandaX/pkg/middleware/log.go:34] [uid=1] [uname=panda] [GET=/device/list] : 获取Device分页列表 ->440ms
2023-09-07 16:48:13.260 [INFO] [D:/workspace/go/project/PandaX/PandaX/pkg/middleware/log.go:34] [uid=1] [uname=panda] [GET=/device/product/list/all] : 获取Product分页列表 ->60ms
2023-09-07 16:48:13.340 [INFO] [D:/workspace/go/project/PandaX/PandaX/pkg/middleware/log.go:34] [uname=panda] [GET=/device/list] [uid=1] : 获取Device分页列表 ->104ms
2023-09-07 16:48:31.756 [INFO] [D:/workspace/go/project/PandaX/PandaX/pkg/middleware/log.go:34] [uid=1] [uname=panda] [GET=/device/product/list/all] : 获取Product分页列表 ->171ms
2023-09-07 16:48:32.239 [INFO] [D:/workspace/go/project/PandaX/PandaX/pkg/middleware/log.go:34] [uid=1] [uname=panda] [GET=/device/list] : 获取Device分页列表 ->585ms
2023-09-07 16:48:34.664 [INFO] [D:/workspace/go/project/PandaX/PandaX/pkg/middleware/log.go:34] [uid=1] [uname=panda] [GET=/device/product/list/all] : 获取Product分页列表 ->167ms
2023-09-07 16:48:34.760 [INFO] [D:/workspace/go/project/PandaX/PandaX/pkg/middleware/log.go:34] [uid=1] [uname=panda] [GET=/device/list] : 获取Device分页列表 ->377ms
2023-09-07 16:48:43.260 [INFO] [D:/workspace/go/project/PandaX/PandaX/pkg/middleware/log.go:34] [uid=1] [uname=panda] [GET=/device/product/list/all] : 获取Product分页列表 ->144ms
2023-09-07 16:48:43.470 [INFO] [D:/workspace/go/project/PandaX/PandaX/pkg/middleware/log.go:34] [GET=/device/list] [uid=1] [uname=panda] : 获取Device分页列表 ->343ms
2023-09-07 16:48:46.531 [INFO] [D:/workspace/go/project/PandaX/PandaX/pkg/middleware/log.go:34] [uname=panda] [GET=/device/product/list/all] [uid=1] : 获取Product分页列表 ->168ms
2023-09-07 16:48:47.068 [INFO] [D:/workspace/go/project/PandaX/PandaX/pkg/middleware/log.go:34] [uname=panda] [GET=/device/list] [uid=1] : 获取Device分页列表 ->641ms
2023-09-07 16:50:01.622 [INFO] [D:/workspace/go/project/PandaX/PandaX/pkg/middleware/log.go:34] [uid=1] [uname=panda] [GET=/device/product/list/all] : 获取Product分页列表 ->365ms
2023-09-07 16:50:01.622 [INFO] [D:/workspace/go/project/PandaX/PandaX/pkg/middleware/log.go:34] [uid=1] [uname=panda] [GET=/device/list] : 获取Device分页列表 ->416ms
2023-09-07 16:52:23.030 [INFO] [D:/workspace/go/project/PandaX/PandaX/pkg/middleware/log.go:34] [uname=panda] [GET=/device/product/list/all] [uid=1] : 获取Product分页列表 ->333ms
2023-09-07 16:52:23.080 [INFO] [D:/workspace/go/project/PandaX/PandaX/pkg/middleware/log.go:34] [uid=1] [uname=panda] [GET=/device/list] : 获取Device分页列表 ->656ms
2023-09-07 16:52:28.942 [INFO] [D:/workspace/go/project/PandaX/PandaX/pkg/middleware/log.go:34] [uid=1] [uname=panda] [GET=/device/product/list/all] : 获取Product分页列表 ->219ms
2023-09-07 16:52:29.065 [INFO] [D:/workspace/go/project/PandaX/PandaX/pkg/middleware/log.go:34] [uid=1] [uname=panda] [GET=/device/list] : 获取Device分页列表 ->434ms
2023-09-07 16:55:06.755 [INFO] [D:/workspace/go/project/PandaX/PandaX/pkg/middleware/log.go:34] [uid=1] [uname=panda] [GET=/device/product/list/all] : 获取Product分页列表 ->390ms
2023-09-07 16:55:07.350 [INFO] [D:/workspace/go/project/PandaX/PandaX/pkg/middleware/log.go:34] [uname=panda] [GET=/device/list] [uid=1] : 获取Device分页列表 ->830ms
2023-09-07 16:57:53.689 [INFO] [D:/workspace/go/project/PandaX/PandaX/pkg/middleware/log.go:34] [uid=1] [uname=panda] [GET=/device/product/list/all] : 获取Product分页列表 ->82ms
2023-09-07 16:57:53.702 [INFO] [D:/workspace/go/project/PandaX/PandaX/pkg/middleware/log.go:34] [GET=/device/list] [uid=1] [uname=panda] : 获取Device分页列表 ->155ms
2023-09-07 16:59:03.693 [INFO] [D:/workspace/go/project/PandaX/PandaX/pkg/middleware/log.go:34] [GET=/device/product/list/all] [uid=1] [uname=panda] : 获取Product分页列表 ->44ms
2023-09-07 16:59:03.745 [INFO] [D:/workspace/go/project/PandaX/PandaX/pkg/middleware/log.go:34] [uname=panda] [GET=/device/list] [uid=1] : 获取Device分页列表 ->61ms
2023-09-07 17:00:47.882 [INFO] [D:/workspace/go/project/PandaX/PandaX/pkg/middleware/log.go:34] [uname=panda] [GET=/device/product/list/all] [uid=1] : 获取Product分页列表 ->83ms
2023-09-07 17:00:47.899 [INFO] [D:/workspace/go/project/PandaX/PandaX/pkg/middleware/log.go:34] [GET=/device/list] [uid=1] [uname=panda] : 获取Device分页列表 ->125ms
2023-09-07 17:03:01.356 [INFO] [D:/workspace/go/project/PandaX/PandaX/pkg/middleware/log.go:34] [uid=1] [uname=panda] [GET=/device/product/list/all] : 获取Product分页列表 ->42ms
2023-09-07 17:03:01.367 [INFO] [D:/workspace/go/project/PandaX/PandaX/pkg/middleware/log.go:34] [uname=panda] [GET=/device/list] [uid=1] : 获取Device分页列表 ->145ms
2023-09-07 17:03:17.805 [INFO] [D:/workspace/go/project/PandaX/PandaX/pkg/middleware/log.go:34] [uid=1] [uname=panda] [GET=/device/product/list/all] : 获取Product分页列表 ->93ms
2023-09-07 17:03:17.901 [INFO] [D:/workspace/go/project/PandaX/PandaX/pkg/middleware/log.go:34] [GET=/device/list] [uid=1] [uname=panda] : 获取Device分页列表 ->131ms
2023-09-07 17:04:38.066 [INFO] [D:/workspace/go/project/PandaX/PandaX/pkg/middleware/log.go:34] [GET=/device/product/list/all] [uid=1] [uname=panda] : 获取Product分页列表 ->16ms
2023-09-07 17:04:38.072 [INFO] [D:/workspace/go/project/PandaX/PandaX/pkg/middleware/log.go:34] [uname=panda] [GET=/device/list] [uid=1] : 获取Device分页列表 ->35ms
2023-09-07 17:04:52.092 [INFO] [D:/workspace/go/project/PandaX/PandaX/pkg/middleware/log.go:34] [uid=1] [uname=panda] [GET=/device/product/list/all] : 获取Product分页列表 ->24ms
2023-09-07 17:04:52.107 [INFO] [D:/workspace/go/project/PandaX/PandaX/pkg/middleware/log.go:34] [GET=/device/list] [uid=1] [uname=panda] : 获取Device分页列表 ->66ms
2023-09-07 17:05:23.481 [INFO] [D:/workspace/go/project/PandaX/PandaX/pkg/middleware/log.go:34] [uid=1] [uname=panda] [GET=/device/product/list/all] : 获取Product分页列表 ->30ms
2023-09-07 17:05:23.489 [INFO] [D:/workspace/go/project/PandaX/PandaX/pkg/middleware/log.go:34] [uid=1] [uname=panda] [GET=/device/list] : 获取Device分页列表 ->58ms
2023-09-07 17:05:49.675 [INFO] [D:/workspace/go/project/PandaX/PandaX/pkg/middleware/log.go:34] [GET=/device/product/list/all] [uid=1] [uname=panda] : 获取Product分页列表 ->39ms
2023-09-07 17:05:49.700 [INFO] [D:/workspace/go/project/PandaX/PandaX/pkg/middleware/log.go:34] [GET=/device/list] [uid=1] [uname=panda] : 获取Device分页列表 ->97ms
2023-09-07 17:05:56.207 [INFO] [D:/workspace/go/project/PandaX/PandaX/pkg/middleware/log.go:34] [uid=1] [uname=panda] [GET=/device/product/list/all] : 获取Product分页列表 ->82ms
2023-09-07 17:05:56.219 [INFO] [D:/workspace/go/project/PandaX/PandaX/pkg/middleware/log.go:34] [uid=1] [uname=panda] [GET=/device/list] : 获取Device分页列表 ->154ms
2023-09-07 17:06:22.944 [INFO] [D:/workspace/go/project/PandaX/PandaX/pkg/middleware/log.go:34] [uid=1] [uname=panda] [GET=/device/product/list/all] : 获取Product分页列表 ->27ms
2023-09-07 17:06:22.973 [INFO] [D:/workspace/go/project/PandaX/PandaX/pkg/middleware/log.go:34] [GET=/device/list] [uid=1] [uname=panda] : 获取Device分页列表 ->83ms
2023-09-07 17:06:37.458 [INFO] [D:/workspace/go/project/PandaX/PandaX/pkg/middleware/log.go:34] [uname=panda] [GET=/device/product/list/all] [uid=1] : 获取Product分页列表 ->17ms
2023-09-07 17:06:37.467 [INFO] [D:/workspace/go/project/PandaX/PandaX/pkg/middleware/log.go:34] [uid=1] [uname=panda] [GET=/device/list] : 获取Device分页列表 ->41ms
2023-09-07 17:06:56.055 [INFO] [D:/workspace/go/project/PandaX/PandaX/pkg/middleware/log.go:34] [uid=1] [uname=panda] [GET=/device/product/list/all] : 获取Product分页列表 ->14ms
2023-09-07 17:06:56.055 [INFO] [D:/workspace/go/project/PandaX/PandaX/pkg/middleware/log.go:34] [uname=panda] [GET=/device/list] [uid=1] : 获取Device分页列表 ->27ms
2023-09-07 17:07:22.254 [INFO] [D:/workspace/go/project/PandaX/PandaX/pkg/middleware/log.go:34] [uid=1] [uname=panda] [GET=/device/product/list/all] : 获取Product分页列表 ->60ms
2023-09-07 17:07:22.271 [INFO] [D:/workspace/go/project/PandaX/PandaX/pkg/middleware/log.go:34] [uid=1] [uname=panda] [GET=/device/list] : 获取Device分页列表 ->100ms
2023-09-07 17:07:36.820 [INFO] [D:/workspace/go/project/PandaX/PandaX/pkg/middleware/log.go:34] [uname=panda] [GET=/device/product/list/all] [uid=1] : 获取Product分页列表 ->15ms
2023-09-07 17:07:36.846 [INFO] [D:/workspace/go/project/PandaX/PandaX/pkg/middleware/log.go:34] [uid=1] [uname=panda] [GET=/device/list] : 获取Device分页列表 ->26ms
2023-09-07 17:08:20.223 [INFO] [D:/workspace/go/project/PandaX/PandaX/pkg/middleware/log.go:34] [uid=1] [uname=panda] [GET=/device/product/list/all] : 获取Product分页列表 ->266ms
2023-09-07 17:08:20.246 [INFO] [D:/workspace/go/project/PandaX/PandaX/pkg/middleware/log.go:34] [uname=panda] [GET=/device/list] [uid=1] : 获取Device分页列表 ->694ms
2023-09-07 17:08:24.874 [INFO] [D:/workspace/go/project/PandaX/PandaX/pkg/middleware/log.go:34] [uname=panda] [GET=/device/product/list/all] [uid=1] : 获取Product分页列表 ->100ms
2023-09-07 17:08:24.928 [INFO] [D:/workspace/go/project/PandaX/PandaX/pkg/middleware/log.go:34] [uname=panda] [GET=/device/list] [uid=1] : 获取Device分页列表 ->271ms
2023-09-07 17:08:57.071 [INFO] [D:/workspace/go/project/PandaX/PandaX/pkg/middleware/log.go:34] [uid=1] [uname=panda] [GET=/device/product/list/all] : 获取Product分页列表 ->276ms
2023-09-07 17:08:57.739 [INFO] [D:/workspace/go/project/PandaX/PandaX/pkg/middleware/log.go:34] [uid=1] [uname=panda] [GET=/device/list] : 获取Device分页列表 ->819ms
2023-09-07 17:09:34.154 [INFO] [D:/workspace/go/project/PandaX/PandaX/pkg/middleware/log.go:34] [uid=1] [uname=panda] [GET=/device/product/list/all] : 获取Product分页列表 ->136ms
2023-09-07 17:09:34.186 [INFO] [D:/workspace/go/project/PandaX/PandaX/pkg/middleware/log.go:34] [uid=1] [uname=panda] [GET=/device/list] : 获取Device分页列表 ->235ms
2023-09-07 17:09:59.593 [INFO] [D:/workspace/go/project/PandaX/PandaX/pkg/middleware/log.go:34] [uid=1] [uname=panda] [GET=/device/product/list/all] : 获取Product分页列表 ->70ms
2023-09-07 17:09:59.634 [INFO] [D:/workspace/go/project/PandaX/PandaX/pkg/middleware/log.go:34] [uid=1] [uname=panda] [GET=/device/list] : 获取Device分页列表 ->166ms
2023-09-07 17:11:08.775 [INFO] [D:/workspace/go/project/PandaX/PandaX/pkg/middleware/log.go:34] [uname=panda] [GET=/device/product/list/all] [uid=1] : 获取Product分页列表 ->46ms
2023-09-07 17:11:08.827 [INFO] [D:/workspace/go/project/PandaX/PandaX/pkg/middleware/log.go:34] [GET=/device/list] [uid=1] [uname=panda] : 获取Device分页列表 ->62ms
2023-09-07 17:12:37.472 [INFO] [D:/workspace/go/project/PandaX/PandaX/pkg/middleware/log.go:34] [uid=1] [uname=panda] [GET=/device/product/list/all] : 获取Product分页列表 ->309ms
2023-09-07 17:12:37.678 [INFO] [D:/workspace/go/project/PandaX/PandaX/pkg/middleware/log.go:34] [uname=panda] [GET=/device/list] [uid=1] : 获取Device分页列表 ->869ms
2023-09-07 17:12:44.767 [INFO] [D:/workspace/go/project/PandaX/PandaX/pkg/middleware/log.go:34] [GET=/device/product/list/all] [uid=1] [uname=panda] : 获取Product分页列表 ->107ms
2023-09-07 17:12:44.981 [INFO] [D:/workspace/go/project/PandaX/PandaX/pkg/middleware/log.go:34] [uname=panda] [GET=/device/list] [uid=1] : 获取Device分页列表 ->253ms
2023-09-07 17:13:11.052 [INFO] [D:/workspace/go/project/PandaX/PandaX/pkg/middleware/log.go:34] [uname=panda] [GET=/device/product/list/all] [uid=1] : 获取Product分页列表 ->238ms
2023-09-07 17:13:11.143 [INFO] [D:/workspace/go/project/PandaX/PandaX/pkg/middleware/log.go:34] [GET=/device/list] [uid=1] [uname=panda] : 获取Device分页列表 ->383ms
2023-09-07 17:16:18.291 [INFO] [D:/workspace/go/project/PandaX/PandaX/pkg/middleware/log.go:34] [uid=1] [uname=panda] [GET=/device/product/list/all] : 获取Product分页列表 ->77ms
2023-09-07 17:16:18.302 [INFO] [D:/workspace/go/project/PandaX/PandaX/pkg/middleware/log.go:34] [uid=1] [uname=panda] [GET=/device/list] : 获取Device分页列表 ->490ms
2023-09-07 17:16:24.270 [INFO] [D:/workspace/go/project/PandaX/PandaX/pkg/middleware/log.go:34] [uname=panda] [GET=/device/product/list/all] [uid=1] : 获取Product分页列表 ->66ms
2023-09-07 17:16:24.325 [INFO] [D:/workspace/go/project/PandaX/PandaX/pkg/middleware/log.go:34] [uid=1] [uname=panda] [GET=/device/list] : 获取Device分页列表 ->170ms
2023-09-07 17:16:59.069 [INFO] [D:/workspace/go/project/PandaX/PandaX/pkg/middleware/log.go:34] [uid=1] [uname=panda] [GET=/device/product/list/all] : 获取Product分页列表 ->98ms
2023-09-07 17:16:59.364 [INFO] [D:/workspace/go/project/PandaX/PandaX/pkg/middleware/log.go:34] [GET=/device/list] [uid=1] [uname=panda] : 获取Device分页列表 ->340ms
2023-09-07 17:17:09.595 [INFO] [D:/workspace/go/project/PandaX/PandaX/pkg/middleware/log.go:34] [GET=/device/product/list/all] [uid=1] [uname=panda] : 获取Product分页列表 ->102ms
2023-09-07 17:17:09.599 [INFO] [D:/workspace/go/project/PandaX/PandaX/pkg/middleware/log.go:34] [uid=1] [uname=panda] [GET=/device/list] : 获取Device分页列表 ->298ms
2023-09-07 17:19:06.533 [INFO] [D:/workspace/go/project/PandaX/PandaX/pkg/middleware/log.go:34] [uname=panda] [GET=/device/product/list/all] [uid=1] : 获取Product分页列表 ->348ms
2023-09-07 17:19:06.546 [INFO] [D:/workspace/go/project/PandaX/PandaX/pkg/middleware/log.go:34] [uid=1] [uname=panda] [GET=/device/list] : 获取Device分页列表 ->467ms
2023-09-07 17:19:10.660 [INFO] [D:/workspace/go/project/PandaX/PandaX/pkg/middleware/log.go:34] [uid=1] [uname=panda] [GET=/device/product/list/all] : 获取Product分页列表 ->208ms
2023-09-07 17:19:10.730 [INFO] [D:/workspace/go/project/PandaX/PandaX/pkg/middleware/log.go:34] [uname=panda] [GET=/device/list] [uid=1] : 获取Device分页列表 ->350ms
2023-09-07 17:19:46.369 [INFO] [D:/workspace/go/project/PandaX/PandaX/pkg/middleware/log.go:34] [GET=/device/product/list/all] [uid=1] [uname=panda] : 获取Product分页列表 ->680ms
2023-09-07 17:19:46.562 [INFO] [D:/workspace/go/project/PandaX/PandaX/pkg/middleware/log.go:34] [GET=/device/list] [uid=1] [uname=panda] : 获取Device分页列表 ->1186ms
2023-09-07 17:19:48.115 [INFO] [D:/workspace/go/project/PandaX/PandaX/pkg/middleware/log.go:34] [uid=1] [uname=panda] [GET=/device/product/list/all] : 获取Product分页列表 ->68ms
2023-09-07 17:19:48.130 [INFO] [D:/workspace/go/project/PandaX/PandaX/pkg/middleware/log.go:34] [GET=/device/list] [uid=1] [uname=panda] : 获取Device分页列表 ->159ms
2023-09-07 17:20:32.103 [INFO] [D:/workspace/go/project/PandaX/PandaX/pkg/middleware/log.go:34] [uname=panda] [GET=/device/group/list/tree/label] [uid=1] : 获取DeviceGroup树 ->9ms
2023-09-07 17:20:32.125 [INFO] [D:/workspace/go/project/PandaX/PandaX/pkg/middleware/log.go:34] [uid=1] [uname=panda] [GET=/device/list] : 获取Device分页列表 ->41ms
2023-09-07 17:20:32.131 [INFO] [D:/workspace/go/project/PandaX/PandaX/pkg/middleware/log.go:34] [GET=/device/product/list/all] [uid=1] [uname=panda] : 获取Product分页列表 ->17ms
2023-09-07 17:20:32.133 [INFO] [D:/workspace/go/project/PandaX/PandaX/pkg/middleware/log.go:34] [GET=/system/dict/data/type] [uid=1] [uname=panda] : 获取字典数据列表通过字典类型 ->6ms
2023-09-07 17:22:25.397 [INFO] [D:/workspace/go/project/PandaX/PandaX/pkg/middleware/log.go:34] [GET=/device/product/list/all] [uid=1] [uname=panda] : 获取Product分页列表 ->191ms
2023-09-07 17:22:25.634 [INFO] [D:/workspace/go/project/PandaX/PandaX/pkg/middleware/log.go:34] [GET=/device/list] [uid=1] [uname=panda] : 获取Device分页列表 ->480ms
2023-09-07 17:24:29.027 [INFO] [D:/workspace/go/project/PandaX/PandaX/pkg/middleware/log.go:34] [uname=panda] [GET=/device/product/list/all] [uid=1] : 获取Product分页列表 ->250ms
2023-09-07 17:24:29.236 [INFO] [D:/workspace/go/project/PandaX/PandaX/pkg/middleware/log.go:34] [uid=1] [uname=panda] [GET=/device/list] : 获取Device分页列表 ->248ms
2023-09-07 17:25:27.144 [INFO] [D:/workspace/go/project/PandaX/PandaX/pkg/middleware/log.go:34] [uname=panda] [GET=/device/product/list/all] [uid=1] : 获取Product分页列表 ->746ms
2023-09-07 17:25:27.777 [INFO] [D:/workspace/go/project/PandaX/PandaX/pkg/middleware/log.go:34] [uname=panda] [GET=/device/list] [uid=1] : 获取Device分页列表 ->1205ms
2023-09-07 17:25:36.069 [INFO] [D:/workspace/go/project/PandaX/PandaX/pkg/middleware/log.go:34] [uid=1] [uname=panda] [GET=/device/product/list/all] : 获取Product分页列表 ->351ms
2023-09-07 17:25:36.544 [INFO] [D:/workspace/go/project/PandaX/PandaX/pkg/middleware/log.go:34] [uname=panda] [GET=/device/list] [uid=1] : 获取Device分页列表 ->977ms
2023-09-07 17:26:33.455 [INFO] [D:/workspace/go/project/PandaX/PandaX/pkg/middleware/log.go:34] [uname=panda] [GET=/system/dict/data/type] [uid=1] : 获取字典数据列表通过字典类型 ->5ms
2023-09-07 17:26:33.462 [INFO] [D:/workspace/go/project/PandaX/PandaX/pkg/middleware/log.go:34] [GET=/device/product/category/list] [uid=1] [uname=panda] : 获取ProductCategory列表 ->5ms
2023-09-07 17:26:35.309 [INFO] [D:/workspace/go/project/PandaX/PandaX/pkg/middleware/log.go:34] [uname=panda] [GET=/system/dict/data/type] [uid=1] : 获取字典数据列表通过字典类型 ->19ms
2023-09-07 17:26:35.335 [INFO] [D:/workspace/go/project/PandaX/PandaX/pkg/middleware/log.go:34] [uid=1] [uname=panda] [GET=/device/product/list] : 获取Product分页列表 ->18ms
2023-09-07 17:26:35.337 [INFO] [D:/workspace/go/project/PandaX/PandaX/pkg/middleware/log.go:34] [uname=panda] [GET=/device/product/category/list/tree/label] [uid=1] : 获取ProductCategory树 ->3ms
2023-09-07 17:26:35.394 [INFO] [D:/workspace/go/project/PandaX/PandaX/pkg/middleware/log.go:34] [GET=/upload/get/d7432e83df771fad85aa4e74235b0591_20230819092625.png] : 获取图片 ->3ms
2023-09-07 17:26:37.367 [INFO] [D:/workspace/go/project/PandaX/PandaX/pkg/middleware/log.go:34] [uname=panda] [GET=/system/dict/data/type] [uid=1] : 获取字典数据列表通过字典类型 ->7ms
2023-09-07 17:26:37.372 [INFO] [D:/workspace/go/project/PandaX/PandaX/pkg/middleware/log.go:34] [GET=/device/group/list] [uid=1] [uname=panda] : 获取DeviceGroup列表 ->3ms
2023-09-07 17:26:38.606 [INFO] [D:/workspace/go/project/PandaX/PandaX/pkg/middleware/log.go:34] [uname=panda] [GET=/device/product/list/all] [uid=1] : 获取Product分页列表 ->13ms
2023-09-07 17:26:38.606 [INFO] [D:/workspace/go/project/PandaX/PandaX/pkg/middleware/log.go:34] [uid=1] [uname=panda] [GET=/device/group/list/tree/label] : 获取DeviceGroup树 ->3ms
2023-09-07 17:26:38.609 [INFO] [D:/workspace/go/project/PandaX/PandaX/pkg/middleware/log.go:34] [uid=1] [uname=panda] [GET=/device/list] : 获取Device分页列表 ->24ms
2023-09-07 17:26:38.616 [INFO] [D:/workspace/go/project/PandaX/PandaX/pkg/middleware/log.go:34] [uid=1] [uname=panda] [GET=/system/dict/data/type] : 获取字典数据列表通过字典类型 ->6ms
2023-09-07 17:26:39.622 [INFO] [D:/workspace/go/project/PandaX/PandaX/pkg/middleware/log.go:34] [uid=1] [uname=panda] [GET=/device/product/list/all] : 获取Product分页列表 ->9ms
2023-09-07 17:26:39.638 [INFO] [D:/workspace/go/project/PandaX/PandaX/pkg/middleware/log.go:34] [uname=panda] [GET=/device/list] [uid=1] : 获取Device分页列表 ->17ms
2023-09-07 17:26:41.021 [INFO] [D:/workspace/go/project/PandaX/PandaX/pkg/middleware/log.go:34] [uname=panda] [GET=/device/group/list/tree/label] [uid=1] : 获取DeviceGroup树 ->3ms
2023-09-07 17:26:41.036 [INFO] [D:/workspace/go/project/PandaX/PandaX/pkg/middleware/log.go:34] [uid=1] [uname=panda] [GET=/device/product/list/all] : 获取Product分页列表 ->12ms
2023-09-07 17:26:41.039 [INFO] [D:/workspace/go/project/PandaX/PandaX/pkg/middleware/log.go:34] [GET=/system/dict/data/type] [uid=1] [uname=panda] : 获取字典数据列表通过字典类型 ->5ms
2023-09-07 17:26:41.045 [INFO] [D:/workspace/go/project/PandaX/PandaX/pkg/middleware/log.go:34] [GET=/device/list] [uid=1] [uname=panda] : 获取Device分页列表 ->38ms
2023-09-07 17:26:43.363 [INFO] [D:/workspace/go/project/PandaX/PandaX/pkg/middleware/log.go:34] [uname=panda] [GET=/device/product/list/all] [uid=1] : 获取Product分页列表 ->8ms
2023-09-07 17:26:43.369 [INFO] [D:/workspace/go/project/PandaX/PandaX/pkg/middleware/log.go:34] [GET=/device/list] [uid=1] [uname=panda] : 获取Device分页列表 ->24ms
2023-09-07 17:30:31.501 [ERROR] [D:/workspace/go/project/PandaX/PandaX/pkg/middleware/log.go:31] [GET=/video/ys/device/list] [uid=1] [uname=panda] : 获取设备列表
<-e errCode: 400, errMsg: 设备列表获取失败,可能萤石Token过期，请联系管理员。。
2023-09-07 17:30:56.612 [INFO] [D:/workspace/go/project/PandaX/PandaX/pkg/middleware/log.go:34] [uid=1] [uname=panda] [GET=/system/dict/data/type] : 获取字典数据列表通过字典类型 ->30ms
2023-09-07 17:30:56.632 [INFO] [D:/workspace/go/project/PandaX/PandaX/pkg/middleware/log.go:34] [uid=1] [uname=panda] [GET=/job/list] : 获取Job列表 ->17ms
2023-09-07 17:30:58.674 [INFO] [D:/workspace/go/project/PandaX/PandaX/pkg/middleware/log.go:34] [GET=/system/dict/data/type] [uid=1] [uname=panda] : 获取字典数据列表通过字典类型 ->8ms
2023-09-07 17:30:58.693 [INFO] [D:/workspace/go/project/PandaX/PandaX/pkg/middleware/log.go:34] [uid=1] [uname=panda] [GET=/job/log/list] : 获取操作日志列表 ->15ms
2023-09-07 17:31:02.911 [INFO] [D:/workspace/go/project/PandaX/PandaX/pkg/middleware/log.go:34] [uid=1] [uname=panda] [GET=/device/alarm/list] : 获取告警分页列表 ->15ms
2023-09-08 08:27:09.127 [INFO] [D:/workspace/go/project/PandaX/PandaX/pkg/middleware/log.go:34] [POST=/system/user/login] : 登录 ->80ms
2023-09-08 08:27:09.158 [INFO] [D:/workspace/go/project/PandaX/PandaX/pkg/middleware/log.go:34] [uname=panda] [GET=/system/user/auth] [uid=1] : 认证信息 ->21ms
2023-09-08 08:27:48.483 [INFO] [D:/workspace/go/project/PandaX/PandaX/pkg/middleware/log.go:34] [uid=1] [uname=panda] [GET=/device/group/list/tree/label] : 获取DeviceGroup树 ->4ms
2023-09-08 08:27:48.492 [INFO] [D:/workspace/go/project/PandaX/PandaX/pkg/middleware/log.go:34] [uname=panda] [GET=/device/list] [uid=1] : 获取Device分页列表 ->26ms
2023-09-08 08:27:48.495 [INFO] [D:/workspace/go/project/PandaX/PandaX/pkg/middleware/log.go:34] [GET=/system/dict/data/type] [uid=1] [uname=panda] : 获取字典数据列表通过字典类型 ->5ms
2023-09-08 08:27:48.509 [INFO] [D:/workspace/go/project/PandaX/PandaX/pkg/middleware/log.go:34] [uid=1] [uname=panda] [GET=/device/product/list/all] : 获取Product分页列表 ->10ms
2023-09-08 08:43:11.002 [INFO] [D:/workspace/go/project/PandaX/PandaX/pkg/middleware/log.go:34] [GET=/system/notice/list] [uid=1] [uname=panda] : 获取通知分页列表 ->14ms
2023-09-08 10:06:04.902 [INFO] [D:/workspace/go/project/PandaX/PandaX/pkg/middleware/log.go:34] [uid=1] [uname=panda] [GET=/system/dict/data/type] : 获取字典数据列表通过字典类型 ->5ms
2023-09-08 10:06:04.910 [INFO] [D:/workspace/go/project/PandaX/PandaX/pkg/middleware/log.go:34] [uid=1] [uname=panda] [GET=/system/dept/list] : 获取部门列表 ->6ms
2023-09-08 13:55:41.046 [INFO] [D:/workspace/go/project/PandaX/PandaX/pkg/middleware/log.go:34] [GET=/device/list] [uid=1] [uname=panda] : 获取Device分页列表 ->40ms
2023-09-08 13:55:41.046 [INFO] [D:/workspace/go/project/PandaX/PandaX/pkg/middleware/log.go:34] [uid=1] [uname=panda] [GET=/device/product/list/all] : 获取Product分页列表 ->12ms
2023-09-08 13:55:41.048 [INFO] [D:/workspace/go/project/PandaX/PandaX/pkg/middleware/log.go:34] [GET=/device/group/list/tree/label] [uid=1] [uname=panda] : 获取DeviceGroup树 ->3ms
2023-09-08 13:55:41.061 [INFO] [D:/workspace/go/project/PandaX/PandaX/pkg/middleware/log.go:34] [uname=panda] [GET=/system/dict/data/type] [uid=1] : 获取字典数据列表通过字典类型 ->5ms
2023-09-08 13:55:45.512 [INFO] [D:/workspace/go/project/PandaX/PandaX/pkg/middleware/log.go:34] [uid=1] [uname=panda] [GET=/device/d_36034a1475d7c6666f0cca4e/status] : 获取Device状态信息 ->17ms
2023-09-08 13:55:47.456 [INFO] [D:/workspace/go/project/PandaX/PandaX/pkg/middleware/log.go:34] [uid=1] [uname=panda] [GET=/device/d_36034a1475d7c6666f0cca4e/status] : 获取Device状态信息 ->12ms
2023-09-08 13:55:48.325 [INFO] [D:/workspace/go/project/PandaX/PandaX/pkg/middleware/log.go:34] [uid=1] [uname=panda] [GET=/device/d_36034a1475d7c6666f0cca4e/status] : 获取Device状态信息 ->12ms
2023-09-08 13:55:52.656 [INFO] [D:/workspace/go/project/PandaX/PandaX/pkg/middleware/log.go:34] [uname=panda] [GET=/device/d_a377f18263b5915adac41736/status] [uid=1] : 获取Device状态信息 ->13ms
2023-09-08 13:55:54.177 [INFO] [D:/workspace/go/project/PandaX/PandaX/pkg/middleware/log.go:34] [uname=panda] [GET=/device/d_a377f18263b5915adac41736/status] [uid=1] : 获取Device状态信息 ->14ms
2023-09-08 13:56:00.025 [INFO] [D:/workspace/go/project/PandaX/PandaX/pkg/middleware/log.go:34] [uid=1] [uname=panda] [GET=/device/d_a377f18263b5915adac41736/status] : 获取Device状态信息 ->22ms
2023-09-08 13:56:22.028 [INFO] [D:/workspace/go/project/PandaX/PandaX/pkg/middleware/log.go:34] [uid=1] [uname=panda] [GET=/device/d_a377f18263b5915adac41736/status] : 获取Device状态信息 ->22ms
2023-09-08 13:56:36.773 [INFO] [D:/workspace/go/project/PandaX/PandaX/pkg/middleware/log.go:34] [uname=panda] [GET=/device/product/category/list/tree/label] [uid=1] : 获取ProductCategory树 ->6ms
2023-09-08 13:56:36.778 [INFO] [D:/workspace/go/project/PandaX/PandaX/pkg/middleware/log.go:34] [GET=/system/dict/data/type] [uid=1] [uname=panda] : 获取字典数据列表通过字典类型 ->2ms
2023-09-08 13:56:36.792 [INFO] [D:/workspace/go/project/PandaX/PandaX/pkg/middleware/log.go:34] [GET=/device/product/list] [uid=1] [uname=panda] : 获取Product分页列表 ->34ms
2023-09-08 13:56:36.834 [INFO] [D:/workspace/go/project/PandaX/PandaX/pkg/middleware/log.go:34] [GET=/upload/get/d7432e83df771fad85aa4e74235b0591_20230819092625.png] : 获取图片 ->1ms
2023-09-08 13:56:44.825 [INFO] [D:/workspace/go/project/PandaX/PandaX/pkg/middleware/log.go:34] [uid=1] [uname=panda] [GET=/device/template/list] : 获取Template分页列表 ->53ms
2023-09-08 13:56:47.187 [INFO] [D:/workspace/go/project/PandaX/PandaX/pkg/middleware/log.go:34] [uid=1] [uname=panda] [GET=/device/template/list] : 获取Template分页列表 ->11ms
2023-09-08 13:56:51.554 [INFO] [D:/workspace/go/project/PandaX/PandaX/pkg/middleware/log.go:34] [GET=/device/template/list] [uid=1] [uname=panda] : 获取Template分页列表 ->14ms
2023-09-08 13:57:19.078 [INFO] [D:/workspace/go/project/PandaX/PandaX/pkg/middleware/log.go:34] [uname=panda] [POST=/device/template] [uid=1] : 添加Template信息 ->363ms
2023-09-08 13:57:19.114 [INFO] [D:/workspace/go/project/PandaX/PandaX/pkg/middleware/log.go:34] [uname=panda] [GET=/device/template/list] [uid=1] : 获取Template分页列表 ->13ms
2023-09-08 13:57:35.187 [INFO] [D:/workspace/go/project/PandaX/PandaX/pkg/middleware/log.go:34] [uid=1] [uname=panda] [GET=/device/group/list/tree/label] : 获取DeviceGroup树 ->6ms
2023-09-08 13:57:35.193 [INFO] [D:/workspace/go/project/PandaX/PandaX/pkg/middleware/log.go:34] [GET=/device/list] [uid=1] [uname=panda] : 获取Device分页列表 ->32ms
2023-09-08 13:57:35.205 [INFO] [D:/workspace/go/project/PandaX/PandaX/pkg/middleware/log.go:34] [GET=/device/product/list/all] [uid=1] [uname=panda] : 获取Product分页列表 ->14ms
2023-09-08 13:57:35.206 [INFO] [D:/workspace/go/project/PandaX/PandaX/pkg/middleware/log.go:34] [uid=1] [uname=panda] [GET=/system/dict/data/type] : 获取字典数据列表通过字典类型 ->6ms
2023-09-08 13:57:38.937 [INFO] [D:/workspace/go/project/PandaX/PandaX/pkg/middleware/log.go:34] [GET=/device/d_a377f18263b5915adac41736/status] [uid=1] [uname=panda] : 获取Device状态信息 ->10ms
2023-09-08 13:57:56.621 [INFO] [D:/workspace/go/project/PandaX/PandaX/pkg/middleware/log.go:34] [uid=1] [uname=panda] [GET=/device/d_a377f18263b5915adac41736/status] : 获取Device状态信息 ->13ms
2023-09-08 13:57:57.359 [INFO] [D:/workspace/go/project/PandaX/PandaX/pkg/middleware/log.go:34] [GET=/device/d_a377f18263b5915adac41736/status] [uid=1] [uname=panda] : 获取Device状态信息 ->12ms
2023-09-08 15:31:06.246 [INFO] [D:/workspace/go/pkg/mod/github.com/!panda!x!g!o/!panda!kit@v0.0.0-20230901074047-e0e8e4bf2bed/starter/gorm.go:36] : 连接mysql [root:!MyEMS1@tcp(127.0.0.1:3306)/pandax_iot?charset=utf8&loc=Local&parseTime=true]
2023-09-08 15:31:06.253 [INFO] [D:/workspace/go/project/PandaX/PandaX/main.go:46] : mysql连接成功
2023-09-08 15:31:06.255 [INFO] [D:/workspace/go/project/PandaX/PandaX/main.go:51] : Redis连接成功
2023-09-08 15:31:06.255 [INFO] [D:/workspace/go/project/PandaX/PandaX/main.go:58] : Tdengine连接成功
2023-09-08 15:31:06.263 [INFO] [D:/workspace/go/project/PandaX/PandaX/main.go:76] : 路由初始化完成
2023-09-08 15:31:06.263 [INFO] [D:/workspace/go/project/PandaX/PandaX/pkg/transport/http_server.go:38] : HTTP Server listen: :7788
2023-09-08 15:31:06.264 [INFO] [D:/workspace/go/project/PandaX/PandaX/iothub/hook.go:37] : IOTHUB HOOK Start SUCCESS,Grpc Server listen: :9001
2023-09-08 15:31:06.270 [INFO] [D:/workspace/go/project/PandaX/PandaX/apps/job/jobs/jobbase.go:83] : 2023-09-08 15:31:06 [INFO] JobCore start success.
2023-09-08 15:31:06.671 [INFO] [D:/workspace/go/project/PandaX/PandaX/iothub/hook.go:124] : pandax断开连接
2023-09-08 15:31:06.673 [INFO] [D:/workspace/go/project/PandaX/PandaX/iothub/hook.go:153] : 账号pandax，密码pandax,开始认证
2023-09-08 15:31:06.676 [INFO] [D:/workspace/go/project/PandaX/PandaX/iothub/hook.go:96] : Client emqx@172.17.0.2 Connected 
2023-09-08 16:49:44.748 [INFO] [D:/workspace/go/project/PandaX/PandaX/pkg/middleware/log.go:34] [GET=/device/d_1928b99619910dae5a001fa7/status] [uid=1] [uname=panda] : 获取Device状态信息 ->200ms
2023-09-08 16:49:45.054 [INFO] [D:/workspace/go/project/PandaX/PandaX/pkg/middleware/log.go:34] [uid=1] [uname=panda] [GET=/device/d_1928b99619910dae5a001fa7/status] : 获取Device状态信息 ->186ms
2023-09-08 16:49:46.452 [INFO] [D:/workspace/go/project/PandaX/PandaX/pkg/middleware/log.go:34] [uname=panda] [GET=/device/d_1928b99619910dae5a001fa7/status] [uid=1] : 获取Device状态信息 ->140ms
2023-09-08 16:49:47.236 [INFO] [D:/workspace/go/project/PandaX/PandaX/pkg/middleware/log.go:34] [uid=1] [uname=panda] [GET=/device/d_1928b99619910dae5a001fa7/status] : 获取Device状态信息 ->118ms
2023-09-08 16:56:48.588 [INFO] [D:/workspace/go/project/PandaX/PandaX/pkg/middleware/log.go:34] [uname=panda] [GET=/device/d_1928b99619910dae5a001fa7/status] [uid=1] : 获取Device状态信息 ->22ms
2023-09-08 16:56:50.458 [INFO] [D:/workspace/go/project/PandaX/PandaX/pkg/middleware/log.go:34] [uid=1] [uname=panda] [GET=/device/d_1928b99619910dae5a001fa7/status] : 获取Device状态信息 ->55ms
2023-09-08 16:58:47.959 [INFO] [D:/workspace/go/project/PandaX/PandaX/pkg/middleware/log.go:34] [uid=1] [uname=panda] [GET=/device/d_1928b99619910dae5a001fa7/status] : 获取Device状态信息 ->21ms
2023-09-08 16:59:00.245 [INFO] [D:/workspace/go/project/PandaX/PandaX/pkg/middleware/log.go:34] [GET=/device/d_1928b99619910dae5a001fa7/status] [uid=1] [uname=panda] : 获取Device状态信息 ->140ms
2023-09-08 16:59:13.296 [INFO] [D:/workspace/go/project/PandaX/PandaX/pkg/middleware/log.go:34] [uname=panda] [GET=/device/d_1928b99619910dae5a001fa7/status] [uid=1] : 获取Device状态信息 ->68ms
2023-09-08 16:59:30.580 [INFO] [D:/workspace/go/project/PandaX/PandaX/pkg/middleware/log.go:34] [uid=1] [uname=panda] [GET=/device/d_1928b99619910dae5a001fa7/status] : 获取Device状态信息 ->27ms
2023-09-08 16:59:35.585 [INFO] [D:/workspace/go/project/PandaX/PandaX/pkg/middleware/log.go:34] [uid=1] [uname=panda] [GET=/device/d_1928b99619910dae5a001fa7/status] : 获取Device状态信息 ->71ms
2023-09-08 17:02:07.097 [INFO] [D:/workspace/go/project/PandaX/PandaX/pkg/middleware/log.go:34] [uname=panda] [GET=/device/d_1928b99619910dae5a001fa7/status] [uid=1] : 获取Device状态信息 ->115ms
2023-09-08 17:02:14.655 [INFO] [D:/workspace/go/project/PandaX/PandaX/pkg/middleware/log.go:34] [GET=/device/d_1928b99619910dae5a001fa7/status] [uid=1] [uname=panda] : 获取Device状态信息 ->70ms
2023-09-08 17:02:15.776 [ERROR] [D:/workspace/go/project/PandaX/PandaX/pkg/middleware/log.go:31] [uname=panda] [GET=/device/d_1928b99619910dae5a001fa7/property/history] [uid=1] : 获取设备属性的遥测历史
<-e errCode: 403, errMsg: 没有API接口访问权限，请联系管理员
2023-09-08 17:02:26.196 [INFO] [D:/workspace/go/project/PandaX/PandaX/pkg/middleware/log.go:34] [GET=/system/api/list] [uid=1] [uname=panda] : 获取api分页列表 ->150ms
2023-09-08 17:02:26.226 [INFO] [D:/workspace/go/project/PandaX/PandaX/pkg/middleware/log.go:34] [uid=1] [uname=panda] [GET=/system/dict/data/type] : 获取字典数据列表通过字典类型 ->113ms
2023-09-08 17:02:33.463 [INFO] [D:/workspace/go/project/PandaX/PandaX/pkg/middleware/log.go:34] [uname=panda] [GET=/system/api/list] [uid=1] : 获取api分页列表 ->133ms
2023-09-08 17:02:36.116 [INFO] [D:/workspace/go/project/PandaX/PandaX/pkg/middleware/log.go:34] [GET=/system/api/list] [uid=1] [uname=panda] : 获取api分页列表 ->74ms
2023-09-08 17:02:39.191 [INFO] [D:/workspace/go/project/PandaX/PandaX/pkg/middleware/log.go:34] [uid=1] [uname=panda] [GET=/system/api/list] : 获取api分页列表 ->111ms
2023-09-08 17:02:42.240 [INFO] [D:/workspace/go/project/PandaX/PandaX/pkg/middleware/log.go:34] [uname=panda] [GET=/system/api/list] [uid=1] : 获取api分页列表 ->108ms
2023-09-08 17:02:46.449 [INFO] [D:/workspace/go/project/PandaX/PandaX/pkg/middleware/log.go:34] [uid=1] [uname=panda] [GET=/system/api/list] : 获取api分页列表 ->99ms
2023-09-08 17:02:53.091 [INFO] [D:/workspace/go/project/PandaX/PandaX/pkg/middleware/log.go:34] [GET=/system/api/list] [uid=1] [uname=panda] : 获取api分页列表 ->34ms
2023-09-08 17:02:57.290 [INFO] [D:/workspace/go/project/PandaX/PandaX/pkg/middleware/log.go:34] [GET=/system/api/list] [uid=1] [uname=panda] : 获取api分页列表 ->92ms
2023-09-08 17:03:06.960 [INFO] [D:/workspace/go/project/PandaX/PandaX/pkg/middleware/log.go:34] [uid=1] [uname=panda] [GET=/system/api/list] : 获取api分页列表 ->100ms
2023-09-08 17:03:08.844 [INFO] [D:/workspace/go/project/PandaX/PandaX/pkg/middleware/log.go:34] [GET=/system/api/list] [uid=1] [uname=panda] : 获取api分页列表 ->81ms
2023-09-08 17:03:17.359 [INFO] [D:/workspace/go/project/PandaX/PandaX/pkg/middleware/log.go:34] [uname=panda] [GET=/system/api/list] [uid=1] : 获取api分页列表 ->124ms
2023-09-08 17:03:23.927 [INFO] [D:/workspace/go/project/PandaX/PandaX/pkg/middleware/log.go:34] [uid=1] [uname=panda] [GET=/system/api/list] : 获取api分页列表 ->40ms
2023-09-08 17:03:28.600 [INFO] [D:/workspace/go/project/PandaX/PandaX/pkg/middleware/log.go:34] [uname=panda] [GET=/system/api/list] [uid=1] : 获取api分页列表 ->73ms
2023-09-08 17:03:32.533 [INFO] [D:/workspace/go/project/PandaX/PandaX/pkg/middleware/log.go:34] [GET=/system/api/list] [uid=1] [uname=panda] : 获取api分页列表 ->150ms
2023-09-08 17:03:42.854 [INFO] [D:/workspace/go/project/PandaX/PandaX/pkg/middleware/log.go:34] [uname=panda] [GET=/system/api/list] [uid=1] : 获取api分页列表 ->227ms
2023-09-08 17:20:12.774 [INFO] [D:/workspace/go/project/PandaX/PandaX/pkg/middleware/log.go:34] [uname=panda] [GET=/system/dict/data/type] [uid=1] : 获取字典数据列表通过字典类型 ->55ms
2023-09-08 17:20:35.122 [INFO] [D:/workspace/go/project/PandaX/PandaX/pkg/middleware/log.go:34] [uname=panda] [POST=/system/api] [uid=1] : 添加api信息 ->272ms
2023-09-08 17:20:35.272 [INFO] [D:/workspace/go/project/PandaX/PandaX/pkg/middleware/log.go:34] [uname=panda] [GET=/system/api/list] [uid=1] : 获取api分页列表 ->108ms
2023-09-08 17:20:37.661 [INFO] [D:/workspace/go/project/PandaX/PandaX/pkg/middleware/log.go:34] [uid=1] [uname=panda] [GET=/system/role/list] : 获取角色分页列表 ->80ms
2023-09-08 17:20:37.713 [INFO] [D:/workspace/go/project/PandaX/PandaX/pkg/middleware/log.go:34] [uid=1] [uname=panda] [GET=/system/dict/data/type] : 获取字典数据列表通过字典类型 ->66ms
2023-09-08 17:20:39.847 [INFO] [D:/workspace/go/project/PandaX/PandaX/pkg/middleware/log.go:34] [uid=1] [uname=panda] [GET=/system/api/all] : 获取所有api ->70ms
2023-09-08 17:20:39.858 [INFO] [D:/workspace/go/project/PandaX/PandaX/pkg/middleware/log.go:34] [uid=1] [uname=panda] [GET=/system/menu/roleMenuTreeSelect/1] : 获取角色菜单树 ->144ms
2023-09-08 17:20:39.963 [INFO] [D:/workspace/go/project/PandaX/PandaX/pkg/middleware/log.go:34] [uname=panda] [GET=/system/role/1] [uid=1] : 获取角色信息 ->112ms
2023-09-08 17:20:40.360 [INFO] [D:/workspace/go/project/PandaX/PandaX/pkg/middleware/log.go:34] [GET=/system/api/getPolicyPathByRoleId] [uid=1] [uname=panda] : 获取角色拥有的api权限 ->62ms
2023-09-08 17:20:53.538 [INFO] [D:/workspace/go/project/PandaX/PandaX/pkg/middleware/log.go:34] [PUT=/system/role] [uid=1] [uname=panda] : 修改角色信息 ->1558ms
2023-09-08 17:20:53.684 [INFO] [D:/workspace/go/project/PandaX/PandaX/pkg/middleware/log.go:34] [GET=/system/role/list] [uid=1] [uname=panda] : 获取角色分页列表 ->58ms
2023-09-08 17:20:58.940 [INFO] [D:/workspace/go/project/PandaX/PandaX/pkg/middleware/log.go:34] [GET=/system/dict/data/type] [uid=1] [uname=panda] : 获取字典数据列表通过字典类型 ->46ms
2023-09-08 17:20:59.031 [INFO] [D:/workspace/go/project/PandaX/PandaX/pkg/middleware/log.go:34] [uid=1] [uname=panda] [GET=/device/group/list/tree/label] : 获取DeviceGroup树 ->22ms
2023-09-08 17:20:59.093 [INFO] [D:/workspace/go/project/PandaX/PandaX/pkg/middleware/log.go:34] [GET=/device/list] [uid=1] [uname=panda] : 获取Device分页列表 ->157ms
2023-09-08 17:20:59.101 [INFO] [D:/workspace/go/project/PandaX/PandaX/pkg/middleware/log.go:34] [uid=1] [uname=panda] [GET=/device/product/list/all] : 获取Product分页列表 ->60ms
2023-09-08 17:21:03.310 [INFO] [D:/workspace/go/project/PandaX/PandaX/pkg/middleware/log.go:34] [uid=1] [uname=panda] [GET=/device/d_1928b99619910dae5a001fa7/status] : 获取Device状态信息 ->161ms
2023-09-08 17:21:04.518 [INFO] [D:/workspace/go/project/PandaX/PandaX/pkg/middleware/log.go:34] [uid=1] [uname=panda] [GET=/device/d_1928b99619910dae5a001fa7/status] : 获取Device状态信息 ->87ms
2023-09-08 17:21:09.242 [ERROR] [D:/workspace/go/project/PandaX/PandaX/pkg/middleware/log.go:31] [uid=1] [uname=panda] [GET=/device/d_1928b99619910dae5a001fa7/property/history] : 获取设备属性的遥测历史
<-e errCode: 400, errMsg: 查询设备属性的遥测历史失败
2023-09-08 17:23:10.842 [INFO] [D:/workspace/go/project/PandaX/PandaX/pkg/middleware/log.go:34] [uid=1] [uname=panda] [GET=/device/d_1928b99619910dae5a001fa7/status] : 获取Device状态信息 ->918ms
2023-09-08 17:23:11.050 [INFO] [D:/workspace/go/project/PandaX/PandaX/pkg/middleware/log.go:34] [uname=panda] [GET=/device/d_1928b99619910dae5a001fa7/status] [uid=1] : 获取Device状态信息 ->82ms
2023-09-08 17:23:14.103 [INFO] [D:/workspace/go/project/PandaX/PandaX/pkg/middleware/log.go:34] [uid=1] [uname=panda] [GET=/device/d_1928b99619910dae5a001fa7/status] : 获取Device状态信息 ->30ms
2023-09-08 17:24:31.863 [INFO] [D:/workspace/go/project/PandaX/PandaX/pkg/middleware/log.go:34] [uid=1] [uname=panda] [GET=/device/d_1928b99619910dae5a001fa7/status] : 获取Device状态信息 ->89ms
2023-09-08 17:24:31.897 [INFO] [D:/workspace/go/project/PandaX/PandaX/pkg/middleware/log.go:34] [uid=1] [uname=panda] [GET=/device/d_1928b99619910dae5a001fa7/status] : 获取Device状态信息 ->17ms
2023-09-08 17:24:33.977 [INFO] [D:/workspace/go/project/PandaX/PandaX/pkg/middleware/log.go:34] [uid=1] [uname=panda] [GET=/device/d_1928b99619910dae5a001fa7/status] : 获取Device状态信息 ->62ms
2023-09-08 17:24:38.414 [ERROR] [D:/workspace/go/project/PandaX/PandaX/pkg/middleware/log.go:31] [uid=1] [uname=panda] [GET=/device/d_1928b99619910dae5a001fa7/property/history] : 获取设备属性的遥测历史
<-e errCode: 400, errMsg: 查询设备属性的遥测历史失败
2023-09-08 17:24:58.000 [ERROR] [D:/workspace/go/project/PandaX/PandaX/pkg/transport/http_server.go:41] : error http serve: http: Server closed
2023-09-08 17:25:24.647 [INFO] [D:/workspace/go/pkg/mod/github.com/!panda!x!g!o/!panda!kit@v0.0.0-20230901074047-e0e8e4bf2bed/starter/gorm.go:36] : 连接mysql [root:!MyEMS1@tcp(127.0.0.1:3306)/pandax_iot?charset=utf8&loc=Local&parseTime=true]
2023-09-08 17:25:24.780 [INFO] [D:/workspace/go/project/PandaX/PandaX/main.go:46] : mysql连接成功
2023-09-08 17:25:24.826 [INFO] [D:/workspace/go/project/PandaX/PandaX/main.go:51] : Redis连接成功
2023-09-08 17:25:24.826 [INFO] [D:/workspace/go/project/PandaX/PandaX/main.go:58] : Tdengine连接成功
2023-09-08 17:25:24.886 [INFO] [D:/workspace/go/project/PandaX/PandaX/main.go:76] : 路由初始化完成
2023-09-08 17:25:24.886 [INFO] [D:/workspace/go/project/PandaX/PandaX/pkg/transport/http_server.go:38] : HTTP Server listen: :7788
2023-09-08 17:25:24.887 [INFO] [D:/workspace/go/project/PandaX/PandaX/iothub/hook.go:37] : IOTHUB HOOK Start SUCCESS,Grpc Server listen: :9001
2023-09-08 17:25:25.022 [INFO] [D:/workspace/go/project/PandaX/PandaX/apps/job/jobs/jobbase.go:83] : 2023-09-08 17:25:25 [INFO] JobCore start success.
2023-09-08 17:25:25.224 [INFO] [D:/workspace/go/project/PandaX/PandaX/iothub/hook.go:153] : 账号pandax，密码pandax,开始认证
2023-09-08 17:25:25.243 [INFO] [D:/workspace/go/project/PandaX/PandaX/iothub/hook.go:96] : Client emqx@172.17.0.2 Connected 
2023-09-08 17:25:27.793 [ERROR] [D:/workspace/go/project/PandaX/PandaX/pkg/transport/http_server.go:41] : error http serve: http: Server closed
2023-09-08 17:26:01.967 [INFO] [D:/workspace/go/pkg/mod/github.com/!panda!x!g!o/!panda!kit@v0.0.0-20230901074047-e0e8e4bf2bed/starter/gorm.go:36] : 连接mysql [root:!MyEMS1@tcp(127.0.0.1:3306)/pandax_iot?charset=utf8&loc=Local&parseTime=true]
2023-09-08 17:26:01.993 [INFO] [D:/workspace/go/project/PandaX/PandaX/main.go:46] : mysql连接成功
2023-09-08 17:26:02.000 [INFO] [D:/workspace/go/project/PandaX/PandaX/main.go:51] : Redis连接成功
2023-09-08 17:26:02.001 [INFO] [D:/workspace/go/project/PandaX/PandaX/main.go:58] : Tdengine连接成功
2023-09-08 17:26:02.024 [INFO] [D:/workspace/go/project/PandaX/PandaX/main.go:76] : 路由初始化完成
2023-09-08 17:26:02.025 [INFO] [D:/workspace/go/project/PandaX/PandaX/pkg/transport/http_server.go:38] : HTTP Server listen: :7788
2023-09-08 17:26:02.028 [INFO] [D:/workspace/go/project/PandaX/PandaX/iothub/hook.go:37] : IOTHUB HOOK Start SUCCESS,Grpc Server listen: :9001
2023-09-08 17:26:02.173 [INFO] [D:/workspace/go/project/PandaX/PandaX/apps/job/jobs/jobbase.go:83] : 2023-09-08 17:26:02 [INFO] JobCore start success.
2023-09-08 17:26:03.030 [INFO] [D:/workspace/go/project/PandaX/PandaX/iothub/hook.go:124] : pandax断开连接
2023-09-08 17:26:03.034 [INFO] [D:/workspace/go/project/PandaX/PandaX/iothub/hook.go:153] : 账号pandax，密码pandax,开始认证
2023-09-08 17:26:03.040 [INFO] [D:/workspace/go/project/PandaX/PandaX/iothub/hook.go:96] : Client emqx@172.17.0.2 Connected 
2023-09-08 17:27:17.036 [ERROR] [D:/workspace/go/project/PandaX/PandaX/pkg/middleware/log.go:31] [uid=1] [uname=panda] [GET=/device/d_1928b99619910dae5a001fa7/property/history] : 获取设备属性的遥测历史
<-e errCode: 400, errMsg: 查询设备属性的遥测历史失败%!(EXTRA string=[0x2600] syntax error near "order by ts desc")
2023-09-08 17:30:24.091 [ERROR] [D:/workspace/go/project/PandaX/PandaX/pkg/transport/http_server.go:41] : error http serve: http: Server closed
