2023-10-12 18:55:31.881 [INFO] [D:/workspace/go/pkg/mod/github.com/!panda!x!g!o/!panda!kit@v0.0.0-20230914055936-853aa978dda1/starter/gorm.go:36] : 连接mysql [root:!MyEMS1@tcp(127.0.0.1:3306)/pandax_iot?charset=utf8&loc=Local&parseTime=true]
2023-10-12 18:55:31.890 [INFO] [D:/workspace/go/project/PandaX/PandaX/main.go:45] : mysql连接成功
2023-10-12 18:55:31.892 [INFO] [D:/workspace/go/project/PandaX/PandaX/main.go:50] : Redis连接成功
2023-10-12 18:55:31.892 [INFO] [D:/workspace/go/project/PandaX/PandaX/main.go:57] : Tdengine连接成功
2023-10-12 18:55:32.013 [INFO] [D:/workspace/go/project/PandaX/PandaX/main.go:75] : 路由初始化完成
2023-10-12 18:55:32.014 [INFO] [D:/workspace/go/project/PandaX/PandaX/pkg/transport/http_server.go:38] : HTTP Server listen: :7788
2023-10-12 18:55:32.014 [INFO] [D:/workspace/go/project/PandaX/PandaX/pkg/transport/http_server.go:46] : HTTP Server listen: :7788
2023-10-12 18:55:32.015 [INFO] [D:/workspace/go/project/PandaX/PandaX/iothub/server/emqxserver/hook.go:33] : IOTHUB HOOK Start SUCCESS,Grpc Server listen: 
2023-10-12 18:55:32.015 [INFO] [D:/workspace/go/project/PandaX/PandaX/iothub/server/tcpserver/hook.go:29] : TCP IOTHUB HOOK Start SUCCESS, Server listen: 
2023-10-12 18:55:32.015 [INFO] [D:/workspace/go/project/PandaX/PandaX/iothub/server/udpserver/hook.go:27] : UDP IOTHUB HOOK Start SUCCESS, Server listen: 
2023-10-12 18:55:32.065 [INFO] [D:/workspace/go/project/PandaX/PandaX/apps/job/jobs/jobbase.go:87] : 2023-10-12 18:55:32 [INFO] JobCore start success.
2023-10-12 18:56:00.065 [INFO] [D:/workspace/go/project/PandaX/PandaX/pkg/middleware/log.go:34] [POST=/system/user/login] : 登录 ->78ms
2023-10-12 18:56:00.096 [INFO] [D:/workspace/go/project/PandaX/PandaX/pkg/middleware/log.go:34] [GET=/system/user/auth] [uid=1] [uname=panda] : 认证信息 ->20ms
2023-10-12 18:56:01.586 [INFO] [D:/workspace/go/project/PandaX/PandaX/pkg/middleware/log.go:34] [uid=1] [uname=panda] [GET=/device/alarm/panel] : 获取面板告警分组 ->5ms
2023-10-12 18:56:01.594 [INFO] [D:/workspace/go/project/PandaX/PandaX/pkg/middleware/log.go:34] [uid=1] [uname=panda] [GET=/device/panel] : 获取DevicePanel ->22ms
2023-10-12 19:13:32.972 [INFO] [D:/workspace/go/project/PandaX/PandaX/pkg/middleware/log.go:34] [GET=/system/dict/data/type] [uid=1] [uname=panda] : 获取字典数据列表通过字典类型 ->11ms
2023-10-12 19:13:32.979 [INFO] [D:/workspace/go/project/PandaX/PandaX/pkg/middleware/log.go:34] [uid=1] [uname=panda] [GET=/device/product/category/list/tree/label] : 获取ProductCategory树 ->5ms
2023-10-12 19:13:32.997 [INFO] [D:/workspace/go/project/PandaX/PandaX/pkg/middleware/log.go:34] [uname=panda] [GET=/device/product/list] [uid=1] : 获取Product分页列表 ->13ms
2023-10-12 19:13:33.171 [INFO] [D:/workspace/go/project/PandaX/PandaX/pkg/middleware/log.go:34] [GET=/upload/get/9b37cd4ca37090649adcee8bf17cfdcc_20230414141350.png] : 获取文件 ->86ms
2023-10-12 19:15:56.936 [INFO] [D:/workspace/go/project/PandaX/PandaX/pkg/middleware/log.go:34] [GET=/device/template/list] [uid=1] [uname=panda] : 获取Template分页列表 ->15ms
2023-10-12 19:15:59.260 [INFO] [D:/workspace/go/project/PandaX/PandaX/pkg/middleware/log.go:34] [uid=1] [uname=panda] [GET=/device/template/list] : 获取Template分页列表 ->12ms
2023-10-12 19:16:00.478 [INFO] [D:/workspace/go/project/PandaX/PandaX/pkg/middleware/log.go:34] [uid=1] [uname=panda] [GET=/device/template/list] : 获取Template分页列表 ->27ms
2023-10-12 19:16:01.278 [INFO] [D:/workspace/go/project/PandaX/PandaX/pkg/middleware/log.go:34] [uname=panda] [GET=/device/template/list] [uid=1] : 获取Template分页列表 ->12ms
2023-10-12 19:16:02.694 [INFO] [D:/workspace/go/project/PandaX/PandaX/pkg/middleware/log.go:34] [GET=/device/template/list] [uid=1] [uname=panda] : 获取Template分页列表 ->10ms
2023-10-12 19:16:57.146 [INFO] [D:/workspace/go/project/PandaX/PandaX/pkg/middleware/log.go:34] [GET=/device/product/category/list] [uid=1] [uname=panda] : 获取ProductCategory列表 ->5ms
2023-10-12 19:16:57.156 [INFO] [D:/workspace/go/project/PandaX/PandaX/pkg/middleware/log.go:34] [uname=panda] [GET=/system/dict/data/type] [uid=1] : 获取字典数据列表通过字典类型 ->5ms
2023-10-12 19:16:58.961 [INFO] [D:/workspace/go/project/PandaX/PandaX/pkg/middleware/log.go:34] [uid=1] [uname=panda] [GET=/system/dict/data/type] : 获取字典数据列表通过字典类型 ->11ms
2023-10-12 19:16:58.967 [INFO] [D:/workspace/go/project/PandaX/PandaX/pkg/middleware/log.go:34] [uid=1] [uname=panda] [GET=/device/product/category/list/tree] : 获取ProductCategory树 ->4ms
2023-10-12 19:17:09.357 [INFO] [D:/workspace/go/project/PandaX/PandaX/pkg/middleware/log.go:34] [uname=panda] [POST=/device/product/category] [uid=1] : 添加ProductCategory信息 ->316ms
2023-10-12 19:17:09.384 [INFO] [D:/workspace/go/project/PandaX/PandaX/pkg/middleware/log.go:34] [uname=panda] [GET=/device/product/category/list] [uid=1] : 获取ProductCategory列表 ->6ms
2023-10-12 19:17:13.127 [INFO] [D:/workspace/go/project/PandaX/PandaX/pkg/middleware/log.go:34] [uid=1] [uname=panda] [GET=/device/product/category/list/tree] : 获取ProductCategory树 ->4ms
2023-10-12 19:17:13.128 [INFO] [D:/workspace/go/project/PandaX/PandaX/pkg/middleware/log.go:34] [GET=/system/dict/data/type] [uid=1] [uname=panda] : 获取字典数据列表通过字典类型 ->6ms
2023-10-12 19:17:30.344 [INFO] [D:/workspace/go/project/PandaX/PandaX/pkg/middleware/log.go:34] [uid=1] [uname=panda] [POST=/device/product/category] : 添加ProductCategory信息 ->668ms
2023-10-12 19:17:30.372 [INFO] [D:/workspace/go/project/PandaX/PandaX/pkg/middleware/log.go:34] [uid=1] [uname=panda] [GET=/device/product/category/list] : 获取ProductCategory列表 ->6ms
2023-10-12 19:17:32.515 [INFO] [D:/workspace/go/project/PandaX/PandaX/pkg/middleware/log.go:34] [uid=1] [uname=panda] [GET=/device/product/category/list/tree/label] : 获取ProductCategory树 ->4ms
2023-10-12 19:17:32.528 [INFO] [D:/workspace/go/project/PandaX/PandaX/pkg/middleware/log.go:34] [uid=1] [uname=panda] [GET=/system/dict/data/type] : 获取字典数据列表通过字典类型 ->9ms
2023-10-12 19:17:32.548 [INFO] [D:/workspace/go/project/PandaX/PandaX/pkg/middleware/log.go:34] [uname=panda] [GET=/device/product/list] [uid=1] : 获取Product分页列表 ->17ms
2023-10-12 19:17:33.984 [INFO] [D:/workspace/go/project/PandaX/PandaX/pkg/middleware/log.go:34] [uid=1] [uname=panda] [GET=/device/product/category/list/tree/label] : 获取ProductCategory树 ->6ms
2023-10-12 19:17:33.994 [INFO] [D:/workspace/go/project/PandaX/PandaX/pkg/middleware/log.go:34] [uid=1] [uname=panda] [GET=/system/dict/data/type] : 获取字典数据列表通过字典类型 ->7ms
2023-10-12 19:17:34.012 [INFO] [D:/workspace/go/project/PandaX/PandaX/pkg/middleware/log.go:34] [uid=1] [uname=panda] [GET=/rule/chain/list/label] : 获取规则引擎Label列表 ->13ms
2023-10-12 19:18:51.431 [INFO] [D:/workspace/go/project/PandaX/PandaX/pkg/middleware/log.go:34] [uid=1] [uname=panda] [POST=/upload/up] : 上传图片 ->1ms
2023-10-12 19:18:51.437 [INFO] [D:/workspace/go/project/PandaX/PandaX/pkg/middleware/log.go:34] [GET=/upload/get/1df420e901be965018e95bac136ec17f_20231012191851.jpg] : 获取文件 ->0ms
2023-10-12 19:19:17.239 [INFO] [D:/workspace/go/project/PandaX/PandaX/pkg/middleware/log.go:34] [uid=1] [uname=panda] [POST=/device/product] : 添加Product信息 ->562ms
2023-10-12 19:19:17.276 [INFO] [D:/workspace/go/project/PandaX/PandaX/pkg/middleware/log.go:34] [uid=1] [uname=panda] [GET=/device/product/list] : 获取Product分页列表 ->15ms
2023-10-12 19:19:21.209 [INFO] [D:/workspace/go/project/PandaX/PandaX/pkg/middleware/log.go:34] [uid=1] [uname=panda] [GET=/device/product/category/list/tree/label] : 获取ProductCategory树 ->4ms
2023-10-12 19:19:21.223 [INFO] [D:/workspace/go/project/PandaX/PandaX/pkg/middleware/log.go:34] [uid=1] [uname=panda] [GET=/rule/chain/list/label] : 获取规则引擎Label列表 ->9ms
2023-10-12 19:19:21.231 [INFO] [D:/workspace/go/project/PandaX/PandaX/pkg/middleware/log.go:34] [GET=/system/dict/data/type] [uid=1] [uname=panda] : 获取字典数据列表通过字典类型 ->4ms
2023-10-12 19:20:20.425 [INFO] [D:/workspace/go/project/PandaX/PandaX/pkg/middleware/log.go:34] [uid=1] [uname=panda] [POST=/device/product] : 添加Product信息 ->721ms
2023-10-12 19:20:20.460 [INFO] [D:/workspace/go/project/PandaX/PandaX/pkg/middleware/log.go:34] [uname=panda] [GET=/device/product/list] [uid=1] : 获取Product分页列表 ->14ms
2023-10-12 19:20:25.588 [INFO] [D:/workspace/go/project/PandaX/PandaX/pkg/middleware/log.go:34] [uid=1] [uname=panda] [GET=/device/template/list] : 获取Template分页列表 ->11ms
2023-10-12 19:20:26.604 [INFO] [D:/workspace/go/project/PandaX/PandaX/pkg/middleware/log.go:34] [uid=1] [uname=panda] [GET=/device/template/list] : 获取Template分页列表 ->10ms
2023-10-12 19:21:19.648 [ERROR] [D:/workspace/go/project/PandaX/PandaX/apps/device/api/product_template.go:75] : sql: converting argument $1 type: unsupported type sql.DB, a struct
2023-10-12 19:21:19.769 [INFO] [D:/workspace/go/project/PandaX/PandaX/pkg/middleware/log.go:34] [uname=panda] [POST=/device/template] [uid=1] : 添加Template信息 ->373ms
2023-10-12 19:21:19.799 [INFO] [D:/workspace/go/project/PandaX/PandaX/pkg/middleware/log.go:34] [uid=1] [uname=panda] [GET=/device/template/list] : 获取Template分页列表 ->11ms
2023-10-12 19:21:29.940 [ERROR] [D:/workspace/go/project/PandaX/PandaX/apps/device/api/product_template.go:75] : sql: converting argument $1 type: unsupported type sql.DB, a struct
2023-10-12 19:21:30.048 [INFO] [D:/workspace/go/project/PandaX/PandaX/pkg/middleware/log.go:34] [uname=panda] [POST=/device/template] [uid=1] : 添加Template信息 ->216ms
2023-10-12 19:21:30.078 [INFO] [D:/workspace/go/project/PandaX/PandaX/pkg/middleware/log.go:34] [uname=panda] [GET=/device/template/list] [uid=1] : 获取Template分页列表 ->10ms
2023-10-12 19:21:45.067 [ERROR] [D:/workspace/go/project/PandaX/PandaX/apps/device/api/product_template.go:75] : sql: converting argument $1 type: unsupported type sql.DB, a struct
2023-10-12 19:21:45.226 [INFO] [D:/workspace/go/project/PandaX/PandaX/pkg/middleware/log.go:34] [uname=panda] [POST=/device/template] [uid=1] : 添加Template信息 ->306ms
2023-10-12 19:21:45.257 [INFO] [D:/workspace/go/project/PandaX/PandaX/pkg/middleware/log.go:34] [GET=/device/template/list] [uid=1] [uname=panda] : 获取Template分页列表 ->10ms
2023-10-12 19:21:50.158 [INFO] [D:/workspace/go/project/PandaX/PandaX/pkg/middleware/log.go:34] [uname=panda] [GET=/device/group/list/tree/label] [uid=1] : 获取DeviceGroup树 ->20ms
2023-10-12 19:21:50.165 [INFO] [D:/workspace/go/project/PandaX/PandaX/pkg/middleware/log.go:34] [GET=/device/product/list/all] [uid=1] [uname=panda] : 获取Product分页列表 ->18ms
2023-10-12 19:21:50.165 [INFO] [D:/workspace/go/project/PandaX/PandaX/pkg/middleware/log.go:34] [uid=1] [uname=panda] [GET=/system/dict/data/type] : 获取字典数据列表通过字典类型 ->7ms
2023-10-12 19:21:50.168 [INFO] [D:/workspace/go/project/PandaX/PandaX/pkg/middleware/log.go:34] [uid=1] [uname=panda] [GET=/device/list] : 获取Device分页列表 ->42ms
2023-10-12 19:22:08.724 [INFO] [D:/workspace/go/project/PandaX/PandaX/pkg/middleware/log.go:34] [uid=1] [uname=panda] [GET=/device/group/list/tree/label] : 获取DeviceGroup树 ->17ms
2023-10-12 19:22:08.737 [INFO] [D:/workspace/go/project/PandaX/PandaX/pkg/middleware/log.go:34] [uname=panda] [GET=/system/dict/data/type] [uid=1] : 获取字典数据列表通过字典类型 ->5ms
2023-10-12 19:22:08.737 [INFO] [D:/workspace/go/project/PandaX/PandaX/pkg/middleware/log.go:34] [uid=1] [uname=panda] [GET=/device/product/list/all] : 获取Product分页列表 ->16ms
2023-10-12 19:22:24.776 [INFO] [D:/workspace/go/project/PandaX/PandaX/pkg/middleware/log.go:34] [POST=/device] [uid=1] [uname=panda] : 添加Device信息 ->138ms
2023-10-12 19:22:24.818 [INFO] [D:/workspace/go/project/PandaX/PandaX/pkg/middleware/log.go:34] [uid=1] [uname=panda] [GET=/device/list] : 获取Device分页列表 ->25ms
2023-10-12 19:22:28.948 [INFO] [D:/workspace/go/project/PandaX/PandaX/pkg/middleware/log.go:34] [uid=1] [uname=panda] [GET=/system/dict/data/type] : 获取字典数据列表通过字典类型 ->5ms
2023-10-12 19:22:28.964 [INFO] [D:/workspace/go/project/PandaX/PandaX/pkg/middleware/log.go:34] [uname=panda] [GET=/device/product/list/all] [uid=1] : 获取Product分页列表 ->12ms
2023-10-12 19:22:28.970 [INFO] [D:/workspace/go/project/PandaX/PandaX/pkg/middleware/log.go:34] [uid=1] [uname=panda] [GET=/device/group/list/tree/label] : 获取DeviceGroup树 ->10ms
2023-10-12 19:23:13.207 [INFO] [D:/workspace/go/project/PandaX/PandaX/pkg/middleware/log.go:34] [uname=panda] [GET=/device/list/all] [uid=1] : 获取Device列表 ->18ms
2023-10-12 19:23:29.669 [INFO] [D:/workspace/go/project/PandaX/PandaX/pkg/middleware/log.go:34] [uid=1] [uname=panda] [POST=/device] : 添加Device信息 ->256ms
2023-10-12 19:23:29.717 [INFO] [D:/workspace/go/project/PandaX/PandaX/pkg/middleware/log.go:34] [uid=1] [uname=panda] [GET=/device/list] : 获取Device分页列表 ->25ms
2023-10-12 19:23:32.084 [INFO] [D:/workspace/go/project/PandaX/PandaX/pkg/middleware/log.go:34] [uid=1] [uname=panda] [GET=/device/group/list/tree/label] : 获取DeviceGroup树 ->13ms
2023-10-12 19:23:32.090 [INFO] [D:/workspace/go/project/PandaX/PandaX/pkg/middleware/log.go:34] [uid=1] [uname=panda] [GET=/device/product/list/all] : 获取Product分页列表 ->11ms
2023-10-12 19:23:32.093 [INFO] [D:/workspace/go/project/PandaX/PandaX/pkg/middleware/log.go:34] [uid=1] [uname=panda] [GET=/system/dict/data/type] : 获取字典数据列表通过字典类型 ->5ms
2023-10-12 19:23:38.980 [INFO] [D:/workspace/go/project/PandaX/PandaX/pkg/middleware/log.go:34] [uname=panda] [GET=/device/YbWKD905pQ/status] [uid=1] : 获取Device状态信息 ->15ms
2023-10-12 19:23:40.732 [INFO] [D:/workspace/go/project/PandaX/PandaX/pkg/middleware/log.go:34] [uname=panda] [GET=/device/YbWKD905pQ/status] [uid=1] : 获取Device状态信息 ->14ms
2023-10-12 19:23:42.316 [INFO] [D:/workspace/go/project/PandaX/PandaX/pkg/middleware/log.go:34] [uid=1] [uname=panda] [GET=/device/alarm/list] : 获取告警分页列表 ->17ms
2023-10-12 19:25:52.266 [INFO] [D:/workspace/go/project/PandaX/PandaX/pkg/middleware/log.go:34] [uname=panda] [GET=/device/group/list/tree/label] [uid=1] : 获取DeviceGroup树 ->19ms
2023-10-12 19:25:52.278 [INFO] [D:/workspace/go/project/PandaX/PandaX/pkg/middleware/log.go:34] [uid=1] [uname=panda] [GET=/device/product/list/all] : 获取Product分页列表 ->16ms
2023-10-12 19:25:52.278 [INFO] [D:/workspace/go/project/PandaX/PandaX/pkg/middleware/log.go:34] [uid=1] [uname=panda] [GET=/device/list] : 获取Device分页列表 ->38ms
2023-10-12 19:25:52.279 [INFO] [D:/workspace/go/project/PandaX/PandaX/pkg/middleware/log.go:34] [GET=/system/dict/data/type] [uid=1] [uname=panda] : 获取字典数据列表通过字典类型 ->6ms
2023-10-12 19:25:52.401 [INFO] [D:/workspace/go/project/PandaX/PandaX/pkg/middleware/log.go:34] [GET=/upload/get/1df420e901be965018e95bac136ec17f_20231012191851.jpg] : 获取文件 ->0ms
2023-10-12 19:26:52.552 [INFO] [D:/workspace/go/project/PandaX/PandaX/pkg/middleware/log.go:34] [uid=1] [uname=panda] [GET=/device/group/list/tree/label] : 获取DeviceGroup树 ->12ms
2023-10-12 19:26:52.566 [INFO] [D:/workspace/go/project/PandaX/PandaX/pkg/middleware/log.go:34] [GET=/device/product/list/all] [uid=1] [uname=panda] : 获取Product分页列表 ->15ms
2023-10-12 19:26:52.567 [INFO] [D:/workspace/go/project/PandaX/PandaX/pkg/middleware/log.go:34] [uid=1] [uname=panda] [GET=/device/list] : 获取Device分页列表 ->34ms
2023-10-12 19:26:52.571 [INFO] [D:/workspace/go/project/PandaX/PandaX/pkg/middleware/log.go:34] [uid=1] [uname=panda] [GET=/system/dict/data/type] : 获取字典数据列表通过字典类型 ->6ms
2023-10-12 19:26:52.647 [INFO] [D:/workspace/go/project/PandaX/PandaX/pkg/middleware/log.go:34] [GET=/upload/get/1df420e901be965018e95bac136ec17f_20231012191851.jpg] : 获取文件 ->0ms
2023-10-12 19:28:08.610 [INFO] [D:/workspace/go/project/PandaX/PandaX/iothub/server/emqxserver/hook.go:98] : ZGRlMTE2NmEtYWY5MS0zZDRmLTlhYTktZWE1Njg5Yjk0MTlm断开连接
2023-10-12 19:28:11.414 [INFO] [D:/workspace/go/project/PandaX/PandaX/iothub/server/emqxserver/hook.go:114] : 账号ZGRlMTE2NmEtYWY5MS0zZDRmLTlhYTktZWE1Njg5Yjk0MTlm,开始认证
2023-10-12 19:28:11.418 [INFO] [D:/workspace/go/project/PandaX/PandaX/iothub/server/emqxserver/hook.go:84] : Client emqx@172.17.0.3 Connected 
2023-10-12 19:28:18.292 [INFO] [D:/workspace/go/project/PandaX/PandaX/pkg/middleware/log.go:34] [uid=1] [uname=panda] [GET=/device/group/list/tree/label] : 获取DeviceGroup树 ->21ms
2023-10-12 19:28:18.299 [INFO] [D:/workspace/go/project/PandaX/PandaX/pkg/middleware/log.go:34] [GET=/device/product/list/all] [uid=1] [uname=panda] : 获取Product分页列表 ->21ms
2023-10-12 19:28:18.303 [INFO] [D:/workspace/go/project/PandaX/PandaX/pkg/middleware/log.go:34] [uid=1] [uname=panda] [GET=/device/list] : 获取Device分页列表 ->40ms
2023-10-12 19:28:18.303 [INFO] [D:/workspace/go/project/PandaX/PandaX/pkg/middleware/log.go:34] [uname=panda] [GET=/system/dict/data/type] [uid=1] : 获取字典数据列表通过字典类型 ->6ms
2023-10-12 19:28:18.371 [INFO] [D:/workspace/go/project/PandaX/PandaX/pkg/middleware/log.go:34] [GET=/upload/get/1df420e901be965018e95bac136ec17f_20231012191851.jpg] : 获取文件 ->0ms
2023-10-12 19:28:25.102 [INFO] [D:/workspace/go/project/PandaX/PandaX/pkg/middleware/log.go:34] [GET=/device/group/list/tree/label] [uid=1] [uname=panda] : 获取DeviceGroup树 ->21ms
2023-10-12 19:28:25.111 [INFO] [D:/workspace/go/project/PandaX/PandaX/pkg/middleware/log.go:34] [uid=1] [uname=panda] [GET=/device/list] : 获取Device分页列表 ->36ms
2023-10-12 19:28:25.113 [INFO] [D:/workspace/go/project/PandaX/PandaX/pkg/middleware/log.go:34] [uname=panda] [GET=/device/product/list/all] [uid=1] : 获取Product分页列表 ->10ms
2023-10-12 19:28:25.118 [INFO] [D:/workspace/go/project/PandaX/PandaX/pkg/middleware/log.go:34] [uname=panda] [GET=/system/dict/data/type] [uid=1] : 获取字典数据列表通过字典类型 ->6ms
2023-10-12 19:28:55.714 [INFO] [D:/workspace/go/project/PandaX/PandaX/pkg/middleware/log.go:34] [uid=1] [uname=panda] [GET=/device/product/category/list/tree/label] : 获取ProductCategory树 ->3ms
2023-10-12 19:28:55.721 [INFO] [D:/workspace/go/project/PandaX/PandaX/pkg/middleware/log.go:34] [uid=1] [uname=panda] [GET=/device/product/list] : 获取Product分页列表 ->16ms
2023-10-12 19:28:55.724 [INFO] [D:/workspace/go/project/PandaX/PandaX/pkg/middleware/log.go:34] [uid=1] [uname=panda] [GET=/system/dict/data/type] : 获取字典数据列表通过字典类型 ->4ms
2023-10-12 19:29:00.242 [INFO] [D:/workspace/go/project/PandaX/PandaX/pkg/middleware/log.go:34] [uname=panda] [GET=/device/template/list] [uid=1] : 获取Template分页列表 ->9ms
2023-10-12 19:29:01.519 [INFO] [D:/workspace/go/project/PandaX/PandaX/pkg/middleware/log.go:34] [uid=1] [uname=panda] [GET=/device/template/list] : 获取Template分页列表 ->11ms
2023-10-12 19:29:02.878 [INFO] [D:/workspace/go/project/PandaX/PandaX/pkg/middleware/log.go:34] [uid=1] [uname=panda] [GET=/device/template/list] : 获取Template分页列表 ->9ms
2023-10-12 19:29:03.571 [INFO] [D:/workspace/go/project/PandaX/PandaX/pkg/middleware/log.go:34] [uname=panda] [GET=/device/template/list] [uid=1] : 获取Template分页列表 ->10ms
2023-10-12 19:29:08.184 [INFO] [D:/workspace/go/project/PandaX/PandaX/pkg/middleware/log.go:34] [uid=1] [uname=panda] [GET=/device/template/list] : 获取Template分页列表 ->10ms
2023-10-12 19:29:09.105 [INFO] [D:/workspace/go/project/PandaX/PandaX/pkg/middleware/log.go:34] [GET=/device/template/list] [uid=1] [uname=panda] : 获取Template分页列表 ->9ms
2023-10-12 19:29:17.795 [INFO] [D:/workspace/go/project/PandaX/PandaX/pkg/middleware/log.go:34] [uname=panda] [GET=/device/template/list] [uid=1] : 获取Template分页列表 ->8ms
2023-10-12 19:29:19.310 [INFO] [D:/workspace/go/project/PandaX/PandaX/pkg/middleware/log.go:34] [uid=1] [uname=panda] [GET=/device/template/list] : 获取Template分页列表 ->26ms
2023-10-12 19:29:41.993 [INFO] [D:/workspace/go/project/PandaX/PandaX/iothub/netbase/hook_base.go:59] : 设备标识 devA 不存在
2023-10-12 19:29:41.993 [INFO] [D:/workspace/go/project/PandaX/PandaX/iothub/server/emqxserver/hook.go:210] : 子设备devA 标识不存在，请先创建设备标识
2023-10-12 19:30:05.171 [INFO] [D:/workspace/go/project/PandaX/PandaX/pkg/middleware/log.go:34] [uid=1] [uname=panda] [GET=/device/product/list/all] : 获取Product分页列表 ->12ms
2023-10-12 19:30:05.179 [INFO] [D:/workspace/go/project/PandaX/PandaX/pkg/middleware/log.go:34] [uid=1] [uname=panda] [GET=/device/group/list/tree/label] : 获取DeviceGroup树 ->13ms
2023-10-12 19:30:05.179 [INFO] [D:/workspace/go/project/PandaX/PandaX/pkg/middleware/log.go:34] [GET=/device/list] [uid=1] [uname=panda] : 获取Device分页列表 ->28ms
2023-10-12 19:30:05.180 [INFO] [D:/workspace/go/project/PandaX/PandaX/pkg/middleware/log.go:34] [uid=1] [uname=panda] [GET=/system/dict/data/type] : 获取字典数据列表通过字典类型 ->4ms
2023-10-12 19:30:13.512 [ERROR] [D:/workspace/go/project/PandaX/PandaX/iothub/hook_message_work/hook_message_work.go:161] : <nil>
2023-10-12 19:30:48.495 [INFO] [D:/workspace/go/project/PandaX/PandaX/pkg/middleware/log.go:34] [uid=1] [uname=panda] [GET=/device/YbWKD905pQ/status] : 获取Device状态信息 ->14ms
2023-10-12 19:30:49.791 [INFO] [D:/workspace/go/project/PandaX/PandaX/pkg/middleware/log.go:34] [uid=1] [uname=panda] [GET=/device/YbWKD905pQ/status] : 获取Device状态信息 ->15ms
2023-10-12 19:30:52.949 [INFO] [D:/workspace/go/project/PandaX/PandaX/pkg/middleware/log.go:34] [uname=panda] [GET=/device/YbWKD905pQ/property/history] [uid=1] : 获取设备属性的遥测历史 ->199ms
2023-10-12 19:30:55.900 [INFO] [D:/workspace/go/project/PandaX/PandaX/pkg/middleware/log.go:34] [GET=/device/YbWKD905pQ/property/history] [uid=1] [uname=panda] : 获取设备属性的遥测历史 ->13ms
2023-10-12 19:30:57.866 [INFO] [D:/workspace/go/project/PandaX/PandaX/pkg/middleware/log.go:34] [uid=1] [uname=panda] [GET=/device/YbWKD905pQ/property/history] : 获取设备属性的遥测历史 ->12ms
2023-10-12 19:39:24.325 [ERROR] [D:/workspace/go/project/PandaX/PandaX/pkg/transport/http_server.go:48] : error http serve: http: Server closed
2023-10-12 19:39:32.612 [INFO] [D:/workspace/go/pkg/mod/github.com/!panda!x!g!o/!panda!kit@v0.0.0-20230914055936-853aa978dda1/starter/gorm.go:36] : 连接mysql [root:!MyEMS1@tcp(127.0.0.1:3306)/pandax_iot?charset=utf8&loc=Local&parseTime=true]
2023-10-12 19:39:32.618 [INFO] [D:/workspace/go/project/PandaX/PandaX/main.go:45] : mysql连接成功
2023-10-12 19:39:32.620 [INFO] [D:/workspace/go/project/PandaX/PandaX/main.go:50] : Redis连接成功
2023-10-12 19:39:32.620 [INFO] [D:/workspace/go/project/PandaX/PandaX/main.go:57] : Tdengine连接成功
2023-10-12 19:39:32.628 [INFO] [D:/workspace/go/project/PandaX/PandaX/main.go:75] : 路由初始化完成
2023-10-12 19:39:32.628 [INFO] [D:/workspace/go/project/PandaX/PandaX/pkg/transport/http_server.go:38] : HTTP Server listen: :7788
2023-10-12 19:39:32.628 [INFO] [D:/workspace/go/project/PandaX/PandaX/pkg/transport/http_server.go:46] : HTTP Server listen: :7788
2023-10-12 19:39:32.629 [INFO] [D:/workspace/go/project/PandaX/PandaX/iothub/server/tcpserver/hook.go:29] : TCP IOTHUB HOOK Start SUCCESS, Server listen: 
2023-10-12 19:39:32.629 [INFO] [D:/workspace/go/project/PandaX/PandaX/iothub/server/emqxserver/hook.go:33] : IOTHUB HOOK Start SUCCESS,Grpc Server listen: 
2023-10-12 19:39:32.629 [INFO] [D:/workspace/go/project/PandaX/PandaX/iothub/server/udpserver/hook.go:27] : UDP IOTHUB HOOK Start SUCCESS, Server listen: 
2023-10-12 19:39:32.636 [INFO] [D:/workspace/go/project/PandaX/PandaX/iothub/server/emqxserver/hook.go:114] : 账号pandax,开始认证
2023-10-12 19:39:32.638 [INFO] [D:/workspace/go/project/PandaX/PandaX/apps/job/jobs/jobbase.go:87] : 2023-10-12 19:39:32 [INFO] JobCore start success.
2023-10-12 19:39:32.639 [INFO] [D:/workspace/go/project/PandaX/PandaX/iothub/server/emqxserver/hook.go:84] : Client emqx@172.17.0.3 Connected 
2023-10-12 19:39:37.301 [ERROR] [D:/workspace/go/project/PandaX/PandaX/iothub/hook_message_work/hook_message_work.go:161] : 设置设备影子点失败
2023-10-12 19:39:47.701 [INFO] [D:/workspace/go/project/PandaX/PandaX/pkg/middleware/log.go:34] [uid=1] [uname=panda] [GET=/device/YbWKD905pQ/status] : 获取Device状态信息 ->16ms
2023-10-12 19:39:48.421 [INFO] [D:/workspace/go/project/PandaX/PandaX/pkg/middleware/log.go:34] [uname=panda] [GET=/device/YbWKD905pQ/status] [uid=1] : 获取Device状态信息 ->16ms
2023-10-12 19:39:50.743 [INFO] [D:/workspace/go/project/PandaX/PandaX/pkg/middleware/log.go:34] [uid=1] [uname=panda] [GET=/device/YbWKD905pQ/status] : 获取Device状态信息 ->16ms
2023-10-12 19:39:51.468 [INFO] [D:/workspace/go/project/PandaX/PandaX/pkg/middleware/log.go:34] [uid=1] [uname=panda] [GET=/device/YbWKD905pQ/status] : 获取Device状态信息 ->18ms
2023-10-12 19:39:54.914 [INFO] [D:/workspace/go/project/PandaX/PandaX/pkg/middleware/log.go:34] [GET=/device/YbWKD905pQ/property/history] [uid=1] [uname=panda] : 获取设备属性的遥测历史 ->17ms
2023-10-12 19:39:56.819 [INFO] [D:/workspace/go/project/PandaX/PandaX/pkg/middleware/log.go:34] [uname=panda] [GET=/device/YbWKD905pQ/property/history] [uid=1] : 获取设备属性的遥测历史 ->14ms
2023-10-12 19:40:26.026 [ERROR] [D:/workspace/go/project/PandaX/PandaX/pkg/transport/http_server.go:48] : error http serve: http: Server closed
2023-10-12 19:40:35.745 [INFO] [D:/workspace/go/pkg/mod/github.com/!panda!x!g!o/!panda!kit@v0.0.0-20230914055936-853aa978dda1/starter/gorm.go:36] : 连接mysql [root:!MyEMS1@tcp(127.0.0.1:3306)/pandax_iot?charset=utf8&loc=Local&parseTime=true]
2023-10-12 19:40:35.751 [INFO] [D:/workspace/go/project/PandaX/PandaX/main.go:45] : mysql连接成功
2023-10-12 19:40:35.753 [INFO] [D:/workspace/go/project/PandaX/PandaX/main.go:50] : Redis连接成功
2023-10-12 19:40:35.753 [INFO] [D:/workspace/go/project/PandaX/PandaX/main.go:57] : Tdengine连接成功
2023-10-12 19:40:35.760 [INFO] [D:/workspace/go/project/PandaX/PandaX/main.go:75] : 路由初始化完成
2023-10-12 19:40:35.760 [INFO] [D:/workspace/go/project/PandaX/PandaX/pkg/transport/http_server.go:38] : HTTP Server listen: :7788
2023-10-12 19:40:35.760 [INFO] [D:/workspace/go/project/PandaX/PandaX/pkg/transport/http_server.go:46] : HTTP Server listen: :7788
2023-10-12 19:40:35.761 [INFO] [D:/workspace/go/project/PandaX/PandaX/iothub/server/emqxserver/hook.go:33] : IOTHUB HOOK Start SUCCESS,Grpc Server listen: 
2023-10-12 19:40:35.761 [INFO] [D:/workspace/go/project/PandaX/PandaX/iothub/server/tcpserver/hook.go:29] : TCP IOTHUB HOOK Start SUCCESS, Server listen: 
2023-10-12 19:40:35.761 [INFO] [D:/workspace/go/project/PandaX/PandaX/iothub/server/udpserver/hook.go:27] : UDP IOTHUB HOOK Start SUCCESS, Server listen: 
2023-10-12 19:40:35.766 [INFO] [D:/workspace/go/project/PandaX/PandaX/apps/job/jobs/jobbase.go:87] : 2023-10-12 19:40:35 [INFO] JobCore start success.
2023-10-12 19:40:37.989 [INFO] [D:/workspace/go/project/PandaX/PandaX/iothub/server/emqxserver/hook.go:98] : pandax断开连接
2023-10-12 19:40:37.990 [INFO] [D:/workspace/go/project/PandaX/PandaX/iothub/server/emqxserver/hook.go:114] : 账号pandax,开始认证
2023-10-12 19:40:37.993 [INFO] [D:/workspace/go/project/PandaX/PandaX/iothub/server/emqxserver/hook.go:84] : Client emqx@172.17.0.3 Connected 
2023-10-12 19:41:01.532 [ERROR] [D:/workspace/go/project/PandaX/PandaX/iothub/hook_message_work/hook_message_work.go:161] : 设置设备影子点失败
2023-10-12 19:41:04.973 [INFO] [D:/workspace/go/project/PandaX/PandaX/pkg/middleware/log.go:34] [uid=1] [uname=panda] [GET=/device/YbWKD905pQ/status] : 获取Device状态信息 ->14ms
2023-10-12 19:41:07.355 [INFO] [D:/workspace/go/project/PandaX/PandaX/pkg/middleware/log.go:34] [uid=1] [uname=panda] [GET=/device/YbWKD905pQ/status] : 获取Device状态信息 ->15ms
2023-10-12 19:45:40.489 [ERROR] [D:/workspace/go/project/PandaX/PandaX/pkg/transport/http_server.go:48] : error http serve: http: Server closed
2023-10-12 19:45:46.752 [INFO] [D:/workspace/go/pkg/mod/github.com/!panda!x!g!o/!panda!kit@v0.0.0-20230914055936-853aa978dda1/starter/gorm.go:36] : 连接mysql [root:!MyEMS1@tcp(127.0.0.1:3306)/pandax_iot?charset=utf8&loc=Local&parseTime=true]
2023-10-12 19:45:46.758 [INFO] [D:/workspace/go/project/PandaX/PandaX/main.go:45] : mysql连接成功
2023-10-12 19:45:46.760 [INFO] [D:/workspace/go/project/PandaX/PandaX/main.go:50] : Redis连接成功
2023-10-12 19:45:46.760 [INFO] [D:/workspace/go/project/PandaX/PandaX/main.go:57] : Tdengine连接成功
2023-10-12 19:45:46.769 [INFO] [D:/workspace/go/project/PandaX/PandaX/main.go:75] : 路由初始化完成
2023-10-12 19:45:46.769 [INFO] [D:/workspace/go/project/PandaX/PandaX/pkg/transport/http_server.go:38] : HTTP Server listen: :7788
2023-10-12 19:45:46.770 [INFO] [D:/workspace/go/project/PandaX/PandaX/pkg/transport/http_server.go:46] : HTTP Server listen: :7788
2023-10-12 19:45:46.770 [INFO] [D:/workspace/go/project/PandaX/PandaX/iothub/server/tcpserver/hook.go:29] : TCP IOTHUB HOOK Start SUCCESS, Server listen: 
2023-10-12 19:45:46.770 [INFO] [D:/workspace/go/project/PandaX/PandaX/iothub/server/emqxserver/hook.go:33] : IOTHUB HOOK Start SUCCESS,Grpc Server listen: 
2023-10-12 19:45:46.771 [INFO] [D:/workspace/go/project/PandaX/PandaX/iothub/server/udpserver/hook.go:27] : UDP IOTHUB HOOK Start SUCCESS, Server listen: 
2023-10-12 19:45:46.776 [INFO] [D:/workspace/go/project/PandaX/PandaX/apps/job/jobs/jobbase.go:87] : 2023-10-12 19:45:46 [INFO] JobCore start success.
2023-10-12 19:45:46.987 [INFO] [D:/workspace/go/project/PandaX/PandaX/iothub/server/emqxserver/hook.go:98] : pandax断开连接
2023-10-12 19:45:46.989 [INFO] [D:/workspace/go/project/PandaX/PandaX/iothub/server/emqxserver/hook.go:114] : 账号pandax,开始认证
2023-10-12 19:45:46.992 [INFO] [D:/workspace/go/project/PandaX/PandaX/iothub/server/emqxserver/hook.go:84] : Client emqx@172.17.0.3 Connected 
2023-10-12 19:45:51.825 [ERROR] [D:/workspace/go/project/PandaX/PandaX/iothub/hook_message_work/hook_message_work.go:161] : 设置设备影子点失败
2023-10-12 19:47:19.278 [INFO] [D:/workspace/go/pkg/mod/github.com/!panda!x!g!o/!panda!kit@v0.0.0-20230914055936-853aa978dda1/starter/gorm.go:36] : 连接mysql [root:!MyEMS1@tcp(127.0.0.1:3306)/pandax_iot?charset=utf8&loc=Local&parseTime=true]
2023-10-12 19:47:19.284 [INFO] [D:/workspace/go/project/PandaX/PandaX/main.go:45] : mysql连接成功
2023-10-12 19:47:19.286 [INFO] [D:/workspace/go/project/PandaX/PandaX/main.go:50] : Redis连接成功
2023-10-12 19:47:19.286 [INFO] [D:/workspace/go/project/PandaX/PandaX/main.go:57] : Tdengine连接成功
2023-10-12 19:47:19.293 [INFO] [D:/workspace/go/project/PandaX/PandaX/main.go:75] : 路由初始化完成
2023-10-12 19:47:19.293 [INFO] [D:/workspace/go/project/PandaX/PandaX/pkg/transport/http_server.go:38] : HTTP Server listen: :7788
2023-10-12 19:47:19.293 [INFO] [D:/workspace/go/project/PandaX/PandaX/pkg/transport/http_server.go:46] : HTTP Server listen: :7788
2023-10-12 19:47:19.294 [INFO] [D:/workspace/go/project/PandaX/PandaX/iothub/server/tcpserver/hook.go:29] : TCP IOTHUB HOOK Start SUCCESS, Server listen: 
2023-10-12 19:47:19.294 [INFO] [D:/workspace/go/project/PandaX/PandaX/iothub/server/emqxserver/hook.go:33] : IOTHUB HOOK Start SUCCESS,Grpc Server listen: 
2023-10-12 19:47:19.294 [INFO] [D:/workspace/go/project/PandaX/PandaX/iothub/server/udpserver/hook.go:27] : UDP IOTHUB HOOK Start SUCCESS, Server listen: 
2023-10-12 19:47:19.300 [INFO] [D:/workspace/go/project/PandaX/PandaX/apps/job/jobs/jobbase.go:87] : 2023-10-12 19:47:19 [INFO] JobCore start success.
2023-10-12 19:47:21.861 [INFO] [D:/workspace/go/project/PandaX/PandaX/iothub/server/emqxserver/hook.go:98] : pandax断开连接
2023-10-12 19:47:21.862 [INFO] [D:/workspace/go/project/PandaX/PandaX/iothub/server/emqxserver/hook.go:114] : 账号pandax,开始认证
2023-10-12 19:47:21.865 [INFO] [D:/workspace/go/project/PandaX/PandaX/iothub/server/emqxserver/hook.go:84] : Client emqx@172.17.0.3 Connected 
2023-10-12 19:47:21.888 [ERROR] [D:/workspace/go/project/PandaX/PandaX/iothub/hook_message_work/hook_message_work.go:160] : 设置设备影子点失败
2023-10-12 19:47:49.587 [ERROR] [D:/workspace/go/project/PandaX/PandaX/pkg/transport/http_server.go:48] : error http serve: http: Server closed
2023-10-12 19:47:58.525 [INFO] [D:/workspace/go/pkg/mod/github.com/!panda!x!g!o/!panda!kit@v0.0.0-20230914055936-853aa978dda1/starter/gorm.go:36] : 连接mysql [root:!MyEMS1@tcp(127.0.0.1:3306)/pandax_iot?charset=utf8&loc=Local&parseTime=true]
2023-10-12 19:47:58.531 [INFO] [D:/workspace/go/project/PandaX/PandaX/main.go:45] : mysql连接成功
2023-10-12 19:47:58.535 [INFO] [D:/workspace/go/project/PandaX/PandaX/main.go:50] : Redis连接成功
2023-10-12 19:47:58.535 [INFO] [D:/workspace/go/project/PandaX/PandaX/main.go:57] : Tdengine连接成功
2023-10-12 19:47:58.546 [INFO] [D:/workspace/go/project/PandaX/PandaX/main.go:75] : 路由初始化完成
2023-10-12 19:47:58.546 [INFO] [D:/workspace/go/project/PandaX/PandaX/pkg/transport/http_server.go:38] : HTTP Server listen: :7788
2023-10-12 19:47:58.546 [INFO] [D:/workspace/go/project/PandaX/PandaX/pkg/transport/http_server.go:46] : HTTP Server listen: :7788
2023-10-12 19:47:58.547 [INFO] [D:/workspace/go/project/PandaX/PandaX/iothub/server/emqxserver/hook.go:33] : IOTHUB HOOK Start SUCCESS,Grpc Server listen: 
2023-10-12 19:47:58.547 [INFO] [D:/workspace/go/project/PandaX/PandaX/iothub/server/tcpserver/hook.go:29] : TCP IOTHUB HOOK Start SUCCESS, Server listen: 
2023-10-12 19:47:58.547 [INFO] [D:/workspace/go/project/PandaX/PandaX/iothub/server/udpserver/hook.go:27] : UDP IOTHUB HOOK Start SUCCESS, Server listen: 
2023-10-12 19:47:58.557 [INFO] [D:/workspace/go/project/PandaX/PandaX/apps/job/jobs/jobbase.go:87] : 2023-10-12 19:47:58 [INFO] JobCore start success.
2023-10-12 19:48:01.559 [INFO] [D:/workspace/go/project/PandaX/PandaX/iothub/server/emqxserver/hook.go:114] : 账号pandax,开始认证
2023-10-12 19:48:01.562 [INFO] [D:/workspace/go/project/PandaX/PandaX/iothub/server/emqxserver/hook.go:84] : Client emqx@172.17.0.3 Connected 
2023-10-12 19:48:09.150 [ERROR] [D:/workspace/go/project/PandaX/PandaX/iothub/hook_message_work/hook_message_work.go:160] : 设置设备影子点失败
2023-10-12 19:49:57.107 [INFO] [D:/workspace/go/pkg/mod/github.com/!panda!x!g!o/!panda!kit@v0.0.0-20230914055936-853aa978dda1/starter/gorm.go:36] : 连接mysql [root:!MyEMS1@tcp(127.0.0.1:3306)/pandax_iot?charset=utf8&loc=Local&parseTime=true]
2023-10-12 19:49:57.113 [INFO] [D:/workspace/go/project/PandaX/PandaX/main.go:45] : mysql连接成功
2023-10-12 19:49:57.114 [INFO] [D:/workspace/go/project/PandaX/PandaX/main.go:50] : Redis连接成功
2023-10-12 19:49:57.114 [INFO] [D:/workspace/go/project/PandaX/PandaX/main.go:57] : Tdengine连接成功
2023-10-12 19:49:57.122 [INFO] [D:/workspace/go/project/PandaX/PandaX/main.go:75] : 路由初始化完成
2023-10-12 19:49:57.122 [INFO] [D:/workspace/go/project/PandaX/PandaX/pkg/transport/http_server.go:38] : HTTP Server listen: :7788
2023-10-12 19:49:57.122 [INFO] [D:/workspace/go/project/PandaX/PandaX/pkg/transport/http_server.go:46] : HTTP Server listen: :7788
2023-10-12 19:49:57.123 [INFO] [D:/workspace/go/project/PandaX/PandaX/iothub/server/tcpserver/hook.go:29] : TCP IOTHUB HOOK Start SUCCESS, Server listen: 
2023-10-12 19:49:57.123 [INFO] [D:/workspace/go/project/PandaX/PandaX/iothub/server/emqxserver/hook.go:33] : IOTHUB HOOK Start SUCCESS,Grpc Server listen: 
2023-10-12 19:49:57.123 [INFO] [D:/workspace/go/project/PandaX/PandaX/iothub/server/udpserver/hook.go:27] : UDP IOTHUB HOOK Start SUCCESS, Server listen: 
2023-10-12 19:49:57.132 [INFO] [D:/workspace/go/project/PandaX/PandaX/apps/job/jobs/jobbase.go:87] : 2023-10-12 19:49:57 [INFO] JobCore start success.
2023-10-12 19:50:00.965 [INFO] [D:/workspace/go/project/PandaX/PandaX/iothub/server/emqxserver/hook.go:114] : 账号pandax,开始认证
2023-10-12 19:50:00.967 [INFO] [D:/workspace/go/project/PandaX/PandaX/iothub/server/emqxserver/hook.go:84] : Client emqx@172.17.0.3 Connected 
2023-10-12 19:50:11.584 [ERROR] [D:/workspace/go/project/PandaX/PandaX/iothub/hook_message_work/hook_message_work.go:160] : 设置设备影子点失败
2023-10-12 19:51:20.011 [INFO] [D:/workspace/go/pkg/mod/github.com/!panda!x!g!o/!panda!kit@v0.0.0-20230914055936-853aa978dda1/starter/gorm.go:36] : 连接mysql [root:!MyEMS1@tcp(127.0.0.1:3306)/pandax_iot?charset=utf8&loc=Local&parseTime=true]
2023-10-12 19:51:20.016 [INFO] [D:/workspace/go/project/PandaX/PandaX/main.go:45] : mysql连接成功
2023-10-12 19:51:20.018 [INFO] [D:/workspace/go/project/PandaX/PandaX/main.go:50] : Redis连接成功
2023-10-12 19:51:20.018 [INFO] [D:/workspace/go/project/PandaX/PandaX/main.go:57] : Tdengine连接成功
2023-10-12 19:51:20.025 [INFO] [D:/workspace/go/project/PandaX/PandaX/main.go:75] : 路由初始化完成
2023-10-12 19:51:20.025 [INFO] [D:/workspace/go/project/PandaX/PandaX/pkg/transport/http_server.go:38] : HTTP Server listen: :7788
2023-10-12 19:51:20.025 [INFO] [D:/workspace/go/project/PandaX/PandaX/pkg/transport/http_server.go:46] : HTTP Server listen: :7788
2023-10-12 19:51:20.026 [INFO] [D:/workspace/go/project/PandaX/PandaX/iothub/server/tcpserver/hook.go:29] : TCP IOTHUB HOOK Start SUCCESS, Server listen: 
2023-10-12 19:51:20.026 [INFO] [D:/workspace/go/project/PandaX/PandaX/iothub/server/udpserver/hook.go:27] : UDP IOTHUB HOOK Start SUCCESS, Server listen: 
2023-10-12 19:51:20.026 [INFO] [D:/workspace/go/project/PandaX/PandaX/iothub/server/emqxserver/hook.go:33] : IOTHUB HOOK Start SUCCESS,Grpc Server listen: 
2023-10-12 19:51:20.031 [INFO] [D:/workspace/go/project/PandaX/PandaX/apps/job/jobs/jobbase.go:87] : 2023-10-12 19:51:20 [INFO] JobCore start success.
2023-10-12 19:51:23.794 [INFO] [D:/workspace/go/project/PandaX/PandaX/iothub/server/emqxserver/hook.go:114] : 账号pandax,开始认证
2023-10-12 19:51:23.797 [INFO] [D:/workspace/go/project/PandaX/PandaX/iothub/server/emqxserver/hook.go:84] : Client emqx@172.17.0.3 Connected 
2023-10-12 19:51:28.478 [ERROR] [D:/workspace/go/project/PandaX/PandaX/iothub/hook_message_work/hook_message_work.go:160] : 设置设备影子点失败%!(EXTRA string=unknown device)
2023-10-12 19:53:33.167 [INFO] [D:/workspace/go/pkg/mod/github.com/!panda!x!g!o/!panda!kit@v0.0.0-20230914055936-853aa978dda1/starter/gorm.go:36] : 连接mysql [root:!MyEMS1@tcp(127.0.0.1:3306)/pandax_iot?charset=utf8&loc=Local&parseTime=true]
2023-10-12 19:53:33.173 [INFO] [D:/workspace/go/project/PandaX/PandaX/main.go:45] : mysql连接成功
2023-10-12 19:53:33.175 [INFO] [D:/workspace/go/project/PandaX/PandaX/main.go:50] : Redis连接成功
2023-10-12 19:53:33.176 [INFO] [D:/workspace/go/project/PandaX/PandaX/main.go:57] : Tdengine连接成功
2023-10-12 19:53:33.198 [INFO] [D:/workspace/go/project/PandaX/PandaX/main.go:75] : 路由初始化完成
2023-10-12 19:53:33.198 [INFO] [D:/workspace/go/project/PandaX/PandaX/pkg/transport/http_server.go:38] : HTTP Server listen: :7788
2023-10-12 19:53:33.198 [INFO] [D:/workspace/go/project/PandaX/PandaX/pkg/transport/http_server.go:46] : HTTP Server listen: :7788
2023-10-12 19:53:33.199 [INFO] [D:/workspace/go/project/PandaX/PandaX/iothub/server/tcpserver/hook.go:29] : TCP IOTHUB HOOK Start SUCCESS, Server listen: 
2023-10-12 19:53:33.199 [INFO] [D:/workspace/go/project/PandaX/PandaX/iothub/server/emqxserver/hook.go:33] : IOTHUB HOOK Start SUCCESS,Grpc Server listen: 
2023-10-12 19:53:33.199 [INFO] [D:/workspace/go/project/PandaX/PandaX/iothub/server/udpserver/hook.go:27] : UDP IOTHUB HOOK Start SUCCESS, Server listen: 
2023-10-12 19:53:33.205 [INFO] [D:/workspace/go/project/PandaX/PandaX/apps/job/jobs/jobbase.go:87] : 2023-10-12 19:53:33 [INFO] JobCore start success.
2023-10-12 19:53:36.999 [INFO] [D:/workspace/go/project/PandaX/PandaX/iothub/server/emqxserver/hook.go:98] : ZGRlMTE2NmEtYWY5MS0zZDRmLTlhYTktZWE1Njg5Yjk0MTlm断开连接
2023-10-12 19:53:37.001 [INFO] [D:/workspace/go/project/PandaX/PandaX/iothub/server/emqxserver/hook.go:114] : 账号pandax,开始认证
2023-10-12 19:53:37.004 [INFO] [D:/workspace/go/project/PandaX/PandaX/iothub/server/emqxserver/hook.go:84] : Client emqx@172.17.0.3 Connected 
2023-10-12 19:53:37.699 [INFO] [D:/workspace/go/project/PandaX/PandaX/iothub/server/emqxserver/hook.go:114] : 账号ZGRlMTE2NmEtYWY5MS0zZDRmLTlhYTktZWE1Njg5Yjk0MTlm,开始认证
2023-10-12 19:53:37.702 [INFO] [D:/workspace/go/project/PandaX/PandaX/iothub/server/emqxserver/hook.go:84] : Client emqx@172.17.0.3 Connected 
2023-10-12 19:54:45.176 [ERROR] [D:/workspace/go/project/PandaX/PandaX/iothub/hook_message_work/hook_message_work.go:160] : <nil>
2023-10-12 19:54:51.790 [INFO] [D:/workspace/go/project/PandaX/PandaX/pkg/middleware/log.go:34] [uid=1] [uname=panda] [GET=/device/YbWKD905pQ/status] : 获取Device状态信息 ->16ms
2023-10-12 19:54:52.719 [INFO] [D:/workspace/go/project/PandaX/PandaX/pkg/middleware/log.go:34] [GET=/device/YbWKD905pQ/status] [uid=1] [uname=panda] : 获取Device状态信息 ->17ms
2023-10-12 19:56:31.521 [INFO] [D:/workspace/go/project/PandaX/PandaX/pkg/middleware/log.go:34] [uid=1] [uname=panda] [GET=/device/YbWKD905pQ/status] : 获取Device状态信息 ->15ms
2023-10-12 19:56:33.153 [INFO] [D:/workspace/go/project/PandaX/PandaX/pkg/middleware/log.go:34] [uid=1] [uname=panda] [GET=/device/YbWKD905pQ/status] : 获取Device状态信息 ->16ms
2023-10-12 20:02:06.914 [INFO] [D:/workspace/go/project/PandaX/PandaX/pkg/middleware/log.go:34] [uname=panda] [GET=/device/YbWKD905pQ/status] [uid=1] : 获取Device状态信息 ->15ms
2023-10-12 20:02:07.458 [INFO] [D:/workspace/go/project/PandaX/PandaX/pkg/middleware/log.go:34] [uid=1] [uname=panda] [GET=/device/YbWKD905pQ/status] : 获取Device状态信息 ->16ms
2023-10-12 20:09:55.600 [INFO] [D:/workspace/go/project/PandaX/PandaX/pkg/middleware/log.go:34] [GET=/device/YbWKD905pQ/status] [uid=1] [uname=panda] : 获取Device状态信息 ->18ms
2023-10-12 20:09:57.578 [INFO] [D:/workspace/go/project/PandaX/PandaX/pkg/middleware/log.go:34] [uname=panda] [GET=/device/YbWKD905pQ/status] [uid=1] : 获取Device状态信息 ->14ms
2023-10-12 20:09:58.501 [INFO] [D:/workspace/go/project/PandaX/PandaX/pkg/middleware/log.go:34] [uid=1] [uname=panda] [GET=/device/YbWKD905pQ/status] : 获取Device状态信息 ->15ms
2023-10-12 20:10:20.840 [INFO] [D:/workspace/go/project/PandaX/PandaX/pkg/middleware/log.go:34] [uid=1] [uname=panda] [GET=/device/YbWKD905pQ/property/history] : 获取设备属性的遥测历史 ->19ms
2023-10-12 20:10:23.327 [INFO] [D:/workspace/go/project/PandaX/PandaX/pkg/middleware/log.go:34] [uname=panda] [GET=/device/YbWKD905pQ/property/history] [uid=1] : 获取设备属性的遥测历史 ->15ms
2023-10-12 20:10:28.459 [INFO] [D:/workspace/go/project/PandaX/PandaX/pkg/middleware/log.go:34] [uid=1] [uname=panda] [GET=/device/YbWKD905pQ/property/history] : 获取设备属性的遥测历史 ->15ms
2023-10-12 20:10:29.177 [INFO] [D:/workspace/go/project/PandaX/PandaX/pkg/middleware/log.go:34] [uname=panda] [GET=/device/YbWKD905pQ/property/history] [uid=1] : 获取设备属性的遥测历史 ->18ms
2023-10-12 20:11:44.511 [INFO] [D:/workspace/go/project/PandaX/PandaX/pkg/middleware/log.go:34] [uid=1] [uname=panda] [GET=/device/YbWKD905pQ/property/history] : 获取设备属性的遥测历史 ->13ms
2023-10-12 20:11:45.712 [INFO] [D:/workspace/go/project/PandaX/PandaX/pkg/middleware/log.go:34] [uid=1] [uname=panda] [GET=/device/YbWKD905pQ/property/history] : 获取设备属性的遥测历史 ->16ms
2023-10-12 20:13:13.109 [INFO] [D:/workspace/go/project/PandaX/PandaX/pkg/middleware/log.go:34] [uid=1] [uname=panda] [GET=/device/YbWKD905pQ/property/history] : 获取设备属性的遥测历史 ->13ms
2023-10-12 20:13:15.078 [INFO] [D:/workspace/go/project/PandaX/PandaX/pkg/middleware/log.go:34] [GET=/device/YbWKD905pQ/property/history] [uid=1] [uname=panda] : 获取设备属性的遥测历史 ->14ms
2023-10-12 20:13:18.004 [INFO] [D:/workspace/go/project/PandaX/PandaX/pkg/middleware/log.go:34] [uid=1] [uname=panda] [GET=/device/YbWKD905pQ/property/history] : 获取设备属性的遥测历史 ->43ms
2023-10-12 20:13:20.060 [INFO] [D:/workspace/go/project/PandaX/PandaX/pkg/middleware/log.go:34] [uname=panda] [GET=/device/YbWKD905pQ/property/history] [uid=1] : 获取设备属性的遥测历史 ->15ms
2023-10-12 20:13:21.004 [INFO] [D:/workspace/go/project/PandaX/PandaX/pkg/middleware/log.go:34] [GET=/device/YbWKD905pQ/property/history] [uid=1] [uname=panda] : 获取设备属性的遥测历史 ->12ms
2023-10-12 20:13:23.912 [INFO] [D:/workspace/go/project/PandaX/PandaX/pkg/middleware/log.go:34] [uid=1] [uname=panda] [GET=/device/YbWKD905pQ/property/history] : 获取设备属性的遥测历史 ->52ms
2023-10-12 20:13:25.768 [INFO] [D:/workspace/go/project/PandaX/PandaX/pkg/middleware/log.go:34] [uname=panda] [GET=/device/YbWKD905pQ/property/history] [uid=1] : 获取设备属性的遥测历史 ->13ms
2023-10-12 20:13:26.340 [INFO] [D:/workspace/go/project/PandaX/PandaX/pkg/middleware/log.go:34] [GET=/device/YbWKD905pQ/property/history] [uid=1] [uname=panda] : 获取设备属性的遥测历史 ->16ms
2023-10-12 20:13:27.112 [INFO] [D:/workspace/go/project/PandaX/PandaX/pkg/middleware/log.go:34] [uid=1] [uname=panda] [GET=/device/YbWKD905pQ/property/history] : 获取设备属性的遥测历史 ->14ms
2023-10-12 20:14:32.907 [INFO] [D:/workspace/go/project/PandaX/PandaX/pkg/middleware/log.go:34] [GET=/device/YbWKD905pQ/property/history] [uid=1] [uname=panda] : 获取设备属性的遥测历史 ->18ms
2023-10-12 20:14:34.429 [INFO] [D:/workspace/go/project/PandaX/PandaX/pkg/middleware/log.go:34] [GET=/device/YbWKD905pQ/property/history] [uid=1] [uname=panda] : 获取设备属性的遥测历史 ->15ms
2023-10-12 20:14:35.264 [INFO] [D:/workspace/go/project/PandaX/PandaX/pkg/middleware/log.go:34] [GET=/device/YbWKD905pQ/property/history] [uid=1] [uname=panda] : 获取设备属性的遥测历史 ->14ms
2023-10-12 20:14:37.861 [INFO] [D:/workspace/go/project/PandaX/PandaX/pkg/middleware/log.go:34] [GET=/device/YbWKD905pQ/property/history] [uid=1] [uname=panda] : 获取设备属性的遥测历史 ->14ms
2023-10-12 20:14:41.767 [INFO] [D:/workspace/go/project/PandaX/PandaX/pkg/middleware/log.go:34] [uid=1] [uname=panda] [GET=/device/YbWKD905pQ/property/history] : 获取设备属性的遥测历史 ->12ms
2023-10-12 20:14:42.764 [INFO] [D:/workspace/go/project/PandaX/PandaX/pkg/middleware/log.go:34] [uid=1] [uname=panda] [GET=/device/YbWKD905pQ/property/history] : 获取设备属性的遥测历史 ->15ms
2023-10-12 20:15:36.179 [INFO] [D:/workspace/go/project/PandaX/PandaX/pkg/middleware/log.go:34] [uid=1] [uname=panda] [GET=/device/YbWKD905pQ/status] : 获取Device状态信息 ->20ms
2023-10-12 20:15:41.788 [INFO] [D:/workspace/go/project/PandaX/PandaX/pkg/middleware/log.go:34] [uid=1] [uname=panda] [GET=/device/YbWKD905pQ/status] : 获取Device状态信息 ->15ms
2023-10-12 20:15:42.622 [INFO] [D:/workspace/go/project/PandaX/PandaX/pkg/middleware/log.go:34] [GET=/device/YbWKD905pQ/status] [uid=1] [uname=panda] : 获取Device状态信息 ->15ms
2023-10-12 20:15:44.519 [INFO] [D:/workspace/go/project/PandaX/PandaX/pkg/middleware/log.go:34] [uname=panda] [GET=/device/YbWKD905pQ/property/history] [uid=1] : 获取设备属性的遥测历史 ->15ms
2023-10-12 20:15:46.556 [INFO] [D:/workspace/go/project/PandaX/PandaX/pkg/middleware/log.go:34] [uid=1] [uname=panda] [GET=/device/YbWKD905pQ/property/history] : 获取设备属性的遥测历史 ->15ms
2023-10-12 20:16:32.813 [INFO] [D:/workspace/go/project/PandaX/PandaX/pkg/middleware/log.go:34] [GET=/device/YbWKD905pQ/property/history] [uid=1] [uname=panda] : 获取设备属性的遥测历史 ->13ms
2023-10-12 20:16:39.278 [INFO] [D:/workspace/go/project/PandaX/PandaX/pkg/middleware/log.go:34] [uid=1] [uname=panda] [GET=/device/YbWKD905pQ/property/history] : 获取设备属性的遥测历史 ->13ms
2023-10-12 20:17:36.268 [INFO] [D:/workspace/go/project/PandaX/PandaX/pkg/middleware/log.go:34] [uid=1] [uname=panda] [GET=/device/YbWKD905pQ/status] : 获取Device状态信息 ->57ms
2023-10-12 20:17:43.910 [INFO] [D:/workspace/go/project/PandaX/PandaX/pkg/middleware/log.go:34] [uid=1] [uname=panda] [GET=/device/YbWKD905pQ/status] : 获取Device状态信息 ->16ms
2023-10-12 20:17:45.587 [INFO] [D:/workspace/go/project/PandaX/PandaX/pkg/middleware/log.go:34] [GET=/device/YbWKD905pQ/property/history] [uid=1] [uname=panda] : 获取设备属性的遥测历史 ->16ms
2023-10-12 20:17:56.175 [INFO] [D:/workspace/go/project/PandaX/PandaX/pkg/middleware/log.go:34] [uid=1] [uname=panda] [GET=/device/YbWKD905pQ/property/history] : 获取设备属性的遥测历史 ->15ms
2023-10-12 20:20:22.320 [INFO] [D:/workspace/go/project/PandaX/PandaX/pkg/middleware/log.go:34] [GET=/device/YbWKD905pQ/property/history] [uid=1] [uname=panda] : 获取设备属性的遥测历史 ->13ms
2023-10-12 20:20:23.028 [INFO] [D:/workspace/go/project/PandaX/PandaX/pkg/middleware/log.go:34] [GET=/device/YbWKD905pQ/property/history] [uid=1] [uname=panda] : 获取设备属性的遥测历史 ->15ms
2023-10-12 20:20:29.707 [INFO] [D:/workspace/go/project/PandaX/PandaX/pkg/middleware/log.go:34] [uid=1] [uname=panda] [GET=/device/YbWKD905pQ/property/history] : 获取设备属性的遥测历史 ->17ms
2023-10-12 20:20:32.565 [INFO] [D:/workspace/go/project/PandaX/PandaX/pkg/middleware/log.go:34] [uname=panda] [GET=/device/YbWKD905pQ/property/history] [uid=1] : 获取设备属性的遥测历史 ->17ms
2023-10-12 20:21:20.232 [INFO] [D:/workspace/go/project/PandaX/PandaX/pkg/middleware/log.go:34] [uid=1] [uname=panda] [GET=/device/YbWKD905pQ/status] : 获取Device状态信息 ->22ms
2023-10-12 20:21:21.864 [INFO] [D:/workspace/go/project/PandaX/PandaX/pkg/middleware/log.go:34] [uid=1] [uname=panda] [GET=/device/YbWKD905pQ/status] : 获取Device状态信息 ->16ms
2023-10-12 20:21:23.399 [INFO] [D:/workspace/go/project/PandaX/PandaX/pkg/middleware/log.go:34] [uid=1] [uname=panda] [GET=/device/YbWKD905pQ/property/history] : 获取设备属性的遥测历史 ->23ms
2023-10-12 20:21:30.088 [INFO] [D:/workspace/go/project/PandaX/PandaX/pkg/middleware/log.go:34] [uname=panda] [GET=/device/YbWKD905pQ/property/history] [uid=1] : 获取设备属性的遥测历史 ->17ms
2023-10-12 20:21:34.036 [INFO] [D:/workspace/go/project/PandaX/PandaX/pkg/middleware/log.go:34] [GET=/device/YbWKD905pQ/property/history] [uid=1] [uname=panda] : 获取设备属性的遥测历史 ->15ms
2023-10-12 20:21:52.071 [INFO] [D:/workspace/go/project/PandaX/PandaX/pkg/middleware/log.go:34] [uid=1] [uname=panda] [GET=/device/9GOIPOI6GQ/status] : 获取Device状态信息 ->15ms
2023-10-12 20:21:53.383 [INFO] [D:/workspace/go/project/PandaX/PandaX/pkg/middleware/log.go:34] [uid=1] [uname=panda] [GET=/device/9GOIPOI6GQ/status] : 获取Device状态信息 ->17ms
2023-10-12 20:21:54.547 [INFO] [D:/workspace/go/project/PandaX/PandaX/pkg/middleware/log.go:34] [uid=1] [uname=panda] [GET=/device/9GOIPOI6GQ/property/history] : 获取设备属性的遥测历史 ->17ms
2023-10-12 20:21:55.855 [INFO] [D:/workspace/go/project/PandaX/PandaX/pkg/middleware/log.go:34] [uid=1] [uname=panda] [GET=/device/9GOIPOI6GQ/property/history] : 获取设备属性的遥测历史 ->14ms
2023-10-12 20:21:59.571 [INFO] [D:/workspace/go/project/PandaX/PandaX/pkg/middleware/log.go:34] [uid=1] [uname=panda] [GET=/device/9GOIPOI6GQ/property/history] : 获取设备属性的遥测历史 ->20ms
2023-10-12 20:22:10.315 [INFO] [D:/workspace/go/project/PandaX/PandaX/pkg/middleware/log.go:34] [GET=/device/9GOIPOI6GQ/property/history] [uid=1] [uname=panda] : 获取设备属性的遥测历史 ->17ms
2023-10-12 20:22:12.345 [INFO] [D:/workspace/go/project/PandaX/PandaX/pkg/middleware/log.go:34] [uname=panda] [GET=/device/9GOIPOI6GQ/property/history] [uid=1] : 获取设备属性的遥测历史 ->14ms
2023-10-12 20:22:12.845 [INFO] [D:/workspace/go/project/PandaX/PandaX/pkg/middleware/log.go:34] [uname=panda] [GET=/device/9GOIPOI6GQ/property/history] [uid=1] : 获取设备属性的遥测历史 ->13ms
2023-10-12 20:22:21.411 [INFO] [D:/workspace/go/project/PandaX/PandaX/pkg/middleware/log.go:34] [uid=1] [uname=panda] [GET=/device/9GOIPOI6GQ/property/history] : 获取设备属性的遥测历史 ->16ms
2023-10-12 20:22:31.438 [INFO] [D:/workspace/go/project/PandaX/PandaX/pkg/middleware/log.go:34] [uname=panda] [GET=/device/lCtIzLLdIQ/status] [uid=1] : 获取Device状态信息 ->15ms
2023-10-12 20:22:32.195 [INFO] [D:/workspace/go/project/PandaX/PandaX/pkg/middleware/log.go:34] [GET=/device/lCtIzLLdIQ/status] [uid=1] [uname=panda] : 获取Device状态信息 ->17ms
2023-10-12 20:22:33.573 [INFO] [D:/workspace/go/project/PandaX/PandaX/pkg/middleware/log.go:34] [uid=1] [uname=panda] [GET=/device/lCtIzLLdIQ/property/history] : 获取设备属性的遥测历史 ->17ms
2023-10-12 20:22:35.684 [INFO] [D:/workspace/go/project/PandaX/PandaX/pkg/middleware/log.go:34] [uid=1] [uname=panda] [GET=/device/lCtIzLLdIQ/property/history] : 获取设备属性的遥测历史 ->13ms
2023-10-12 20:22:46.822 [INFO] [D:/workspace/go/project/PandaX/PandaX/pkg/middleware/log.go:34] [uid=1] [uname=panda] [GET=/device/9GOIPOI6GQ/status] : 获取Device状态信息 ->16ms
2023-10-12 20:22:47.793 [INFO] [D:/workspace/go/project/PandaX/PandaX/pkg/middleware/log.go:34] [uid=1] [uname=panda] [GET=/device/9GOIPOI6GQ/status] : 获取Device状态信息 ->16ms
2023-10-12 20:22:49.155 [INFO] [D:/workspace/go/project/PandaX/PandaX/pkg/middleware/log.go:34] [uid=1] [uname=panda] [GET=/device/9GOIPOI6GQ/property/history] : 获取设备属性的遥测历史 ->25ms
2023-10-12 20:23:00.954 [INFO] [D:/workspace/go/project/PandaX/PandaX/pkg/middleware/log.go:34] [uid=1] [uname=panda] [GET=/device/9GOIPOI6GQ/property/history] : 获取设备属性的遥测历史 ->14ms
2023-10-12 20:23:03.125 [INFO] [D:/workspace/go/project/PandaX/PandaX/pkg/middleware/log.go:34] [uid=1] [uname=panda] [GET=/device/9GOIPOI6GQ/property/history] : 获取设备属性的遥测历史 ->17ms
